2024-04-23 17:02:31,922 - INFO - Logging started
2024-04-23 17:02:31,923 - INFO - Logging initiated from: main.py
2024-04-23 17:02:34,687 - INFO - Setting seed value: 42
2024-04-23 17:02:34,742 - INFO - All command-line arguments and their parsed values:
2024-04-23 17:02:34,742 - INFO - root_dir: ./
2024-04-23 17:02:34,742 - INFO - wandb_project: comp0197-ADL-CW2-MAE
2024-04-23 17:02:34,742 - INFO - seed: 42
2024-04-23 17:02:34,743 - INFO - num_workers: 4
2024-04-23 17:02:34,743 - INFO - batch_size: 128
2024-04-23 17:02:34,743 - INFO - image_size: 224
2024-04-23 17:02:34,743 - INFO - patch_size: 16
2024-04-23 17:02:34,743 - INFO - data_path: ./data
2024-04-23 17:02:34,743 - INFO - output_dir: ./output_dir
2024-04-23 17:02:34,744 - INFO - mask_ratio: 0.75
2024-04-23 17:02:34,744 - INFO - weight_decay: 0.0001
2024-04-23 17:02:34,744 - INFO - lr: 0.005
2024-04-23 17:02:34,744 - INFO - noise: vanilla
2024-04-23 17:02:34,744 - INFO - baseline: 0
2024-04-23 17:02:34,744 - INFO - dataset: coco
2024-04-23 17:02:34,745 - INFO - mask_sampling: block
2024-04-23 17:02:34,745 - INFO - fine_tune_size: 1.0
2024-04-23 17:02:34,745 - INFO - out_dir: 
2024-04-23 17:02:34,745 - INFO - block_mask_ratio: 0.5
2024-04-23 17:02:34,745 - INFO - debug: 0
2024-04-23 17:02:34,745 - INFO - epochs: 30
2024-04-23 17:02:34,745 - INFO - enc_projection_dim: 128
2024-04-23 17:02:34,746 - INFO - dec_projection_dim: 64
2024-04-23 17:02:34,746 - INFO - enc_num_heads: 4
2024-04-23 17:02:34,746 - INFO - dec_num_heads: 4
2024-04-23 17:02:34,746 - INFO - enc_layers: 6
2024-04-23 17:02:34,746 - INFO - dec_layers: 2
2024-04-23 17:02:34,746 - INFO - Getting dataloaders
2024-04-23 17:02:34,772 - INFO - loading annotations into memory...
2024-04-23 17:02:45,386 - INFO - Done (t=10.61s)
2024-04-23 17:02:45,387 - INFO - creating index...
2024-04-23 17:02:45,738 - INFO - index created!
2024-04-23 17:02:45,767 - INFO - loading annotations into memory...
2024-04-23 17:02:46,852 - INFO - Done (t=1.09s)
2024-04-23 17:02:46,852 - INFO - creating index...
2024-04-23 17:02:46,864 - INFO - index created!
2024-04-23 17:02:46,865 - INFO - Number of training samples: 118287
2024-04-23 17:02:46,865 - INFO - Getting data loaders completed, returning data loaders
2024-04-23 17:02:47,301 - INFO - Starting PRE-Training loop
2024-04-23 17:02:52,854 - INFO - Epoch: [1][0/924] Loss: 0.4813 MAE: 0.5629 LR: 0.005000
2024-04-23 17:03:46,057 - INFO - Epoch: [1][100/924] Loss: 0.2910 MAE: 0.4371 LR: 0.005000
2024-04-23 17:05:12,007 - INFO - Epoch: [1][200/924] Loss: 0.2629 MAE: 0.4247 LR: 0.005000
2024-04-23 17:06:35,022 - INFO - Epoch: [1][300/924] Loss: 0.2515 MAE: 0.4173 LR: 0.005000
2024-04-23 17:07:53,868 - INFO - Epoch: [1][400/924] Loss: 0.2663 MAE: 0.4127 LR: 0.005000
2024-04-23 17:09:37,808 - INFO - Epoch: [1][500/924] Loss: 0.2426 MAE: 0.4095 LR: 0.005000
2024-04-23 17:11:08,534 - INFO - Epoch: [1][600/924] Loss: 0.2509 MAE: 0.4074 LR: 0.005000
2024-04-23 17:12:37,640 - INFO - Epoch: [1][700/924] Loss: 0.2472 MAE: 0.4054 LR: 0.005000
2024-04-23 17:14:14,695 - INFO - Epoch: [1][800/924] Loss: 0.2316 MAE: 0.4037 LR: 0.005000
2024-04-23 17:15:36,431 - INFO - Epoch: [1][900/924] Loss: 0.2148 MAE: 0.4022 LR: 0.005000
2024-04-23 17:15:58,247 - INFO - Epoch: [1][923/924] Loss: 0.2320 MAE: 0.4019 LR: 0.005000
2024-04-23 17:16:18,425 - INFO - Epoch: [1][39/40] Val Loss: 0.2307 Val MAE: 0.3870
2024-04-23 17:16:18,463 - INFO - Training Loss: 0.23199805617332458
2024-04-23 17:16:18,463 - INFO - Training MAE: 0.40192303687205044
2024-04-23 17:16:18,463 - INFO - Training Time: 791.0452816486359s
2024-04-23 17:16:18,463 - INFO - Validation Loss: 0.23073787987232208
2024-04-23 17:16:18,464 - INFO - Validation MAE: 0.3870423744678497
2024-04-23 17:16:18,464 - INFO - Validation Time: 20.116319179534912s
2024-04-23 17:16:23,177 - INFO - New best model and val_loss updated
2024-04-23 17:16:24,177 - INFO - Epoch: [2][0/924] Loss: 0.2267 MAE: 0.3774 LR: 0.005000
2024-04-23 17:16:42,514 - INFO - Epoch: [2][100/924] Loss: 0.2582 MAE: 0.3838 LR: 0.005000
2024-04-23 17:17:00,822 - INFO - Epoch: [2][200/924] Loss: 0.2334 MAE: 0.3855 LR: 0.005000
2024-04-23 17:17:19,193 - INFO - Epoch: [2][300/924] Loss: 0.2408 MAE: 0.3866 LR: 0.005000
2024-04-23 17:17:38,604 - INFO - Epoch: [2][400/924] Loss: 0.2431 MAE: 0.3864 LR: 0.005000
2024-04-23 17:17:56,496 - INFO - Epoch: [2][500/924] Loss: 0.2427 MAE: 0.3862 LR: 0.005000
2024-04-23 17:18:14,980 - INFO - Epoch: [2][600/924] Loss: 0.2459 MAE: 0.3855 LR: 0.005000
2024-04-23 17:18:33,416 - INFO - Epoch: [2][700/924] Loss: 0.2260 MAE: 0.3852 LR: 0.005000
2024-04-23 17:18:51,757 - INFO - Epoch: [2][800/924] Loss: 0.2305 MAE: 0.3848 LR: 0.005000
2024-04-23 17:19:10,308 - INFO - Epoch: [2][900/924] Loss: 0.2370 MAE: 0.3847 LR: 0.005000
2024-04-23 17:19:14,538 - INFO - Epoch: [2][923/924] Loss: 0.2383 MAE: 0.3848 LR: 0.005000
2024-04-23 17:19:22,325 - INFO - Epoch: [2][39/40] Val Loss: 0.2500 Val MAE: 0.3805
2024-04-23 17:19:22,378 - INFO - Training Loss: 0.23834122717380524
2024-04-23 17:19:22,378 - INFO - Training MAE: 0.38476023964938666
2024-04-23 17:19:22,379 - INFO - Training Time: 171.47583413124084s
2024-04-23 17:19:22,379 - INFO - Validation Loss: 0.24997378885746002
2024-04-23 17:19:22,379 - INFO - Validation MAE: 0.3804722447872162
2024-04-23 17:19:22,379 - INFO - Validation Time: 7.72516131401062s
2024-04-23 17:19:23,377 - INFO - Epoch: [3][0/924] Loss: 0.2399 MAE: 0.3885 LR: 0.005000
2024-04-23 17:19:41,863 - INFO - Epoch: [3][100/924] Loss: 0.2265 MAE: 0.3799 LR: 0.005000
2024-04-23 17:20:01,444 - INFO - Epoch: [3][200/924] Loss: 0.2410 MAE: 0.3802 LR: 0.005000
2024-04-23 17:20:19,607 - INFO - Epoch: [3][300/924] Loss: 0.2260 MAE: 0.3801 LR: 0.005000
2024-04-23 17:20:38,271 - INFO - Epoch: [3][400/924] Loss: 0.2467 MAE: 0.3798 LR: 0.005000
2024-04-23 17:20:57,029 - INFO - Epoch: [3][500/924] Loss: 0.2204 MAE: 0.3800 LR: 0.005000
2024-04-23 17:21:15,476 - INFO - Epoch: [3][600/924] Loss: 0.2172 MAE: 0.3798 LR: 0.005000
2024-04-23 17:21:34,081 - INFO - Epoch: [3][700/924] Loss: 0.2228 MAE: 0.3798 LR: 0.005000
2024-04-23 17:21:52,774 - INFO - Epoch: [3][800/924] Loss: 0.2141 MAE: 0.3797 LR: 0.005000
2024-04-23 17:22:11,267 - INFO - Epoch: [3][900/924] Loss: 0.2353 MAE: 0.3797 LR: 0.005000
2024-04-23 17:22:15,965 - INFO - Epoch: [3][923/924] Loss: 0.2308 MAE: 0.3797 LR: 0.005000
2024-04-23 17:22:23,788 - INFO - Epoch: [3][39/40] Val Loss: 0.1900 Val MAE: 0.3699
2024-04-23 17:22:23,823 - INFO - Training Loss: 0.23078855872154236
2024-04-23 17:22:23,823 - INFO - Training MAE: 0.37974047035107883
2024-04-23 17:22:23,823 - INFO - Training Time: 173.6968162059784s
2024-04-23 17:22:23,823 - INFO - Validation Loss: 0.19003644585609436
2024-04-23 17:22:23,823 - INFO - Validation MAE: 0.3699167042255402
2024-04-23 17:22:23,823 - INFO - Validation Time: 7.7463624477386475s
2024-04-23 17:22:23,823 - INFO - New best model and val_loss updated
2024-04-23 17:22:24,832 - INFO - Epoch: [4][0/924] Loss: 0.2119 MAE: 0.3626 LR: 0.005000
2024-04-23 17:22:43,703 - INFO - Epoch: [4][100/924] Loss: 0.2408 MAE: 0.3782 LR: 0.005000
2024-04-23 17:23:02,058 - INFO - Epoch: [4][200/924] Loss: 0.2421 MAE: 0.3793 LR: 0.005000
2024-04-23 17:23:20,916 - INFO - Epoch: [4][300/924] Loss: 0.2344 MAE: 0.3790 LR: 0.005000
2024-04-23 17:23:39,769 - INFO - Epoch: [4][400/924] Loss: 0.2238 MAE: 0.3787 LR: 0.005000
2024-04-23 17:23:58,728 - INFO - Epoch: [4][500/924] Loss: 0.2253 MAE: 0.3784 LR: 0.005000
2024-04-23 17:24:17,437 - INFO - Epoch: [4][600/924] Loss: 0.2389 MAE: 0.3780 LR: 0.005000
2024-04-23 17:24:36,322 - INFO - Epoch: [4][700/924] Loss: 0.2192 MAE: 0.3780 LR: 0.005000
2024-04-23 17:24:55,004 - INFO - Epoch: [4][800/924] Loss: 0.2280 MAE: 0.3778 LR: 0.005000
2024-04-23 17:25:13,689 - INFO - Epoch: [4][900/924] Loss: 0.2263 MAE: 0.3774 LR: 0.005000
2024-04-23 17:25:17,455 - INFO - Epoch: [4][923/924] Loss: 0.2128 MAE: 0.3773 LR: 0.005000
2024-04-23 17:25:25,274 - INFO - Epoch: [4][39/40] Val Loss: 0.2087 Val MAE: 0.3775
2024-04-23 17:25:25,310 - INFO - Training Loss: 0.21279440820217133
2024-04-23 17:25:25,310 - INFO - Training MAE: 0.377305218828963
2024-04-23 17:25:25,310 - INFO - Training Time: 173.74596166610718s
2024-04-23 17:25:25,310 - INFO - Validation Loss: 0.20870298147201538
2024-04-23 17:25:25,310 - INFO - Validation MAE: 0.3775276744365692
2024-04-23 17:25:25,310 - INFO - Validation Time: 7.739643096923828s
2024-04-23 17:25:26,344 - INFO - Epoch: [5][0/924] Loss: 0.2142 MAE: 0.3698 LR: 0.005000
2024-04-23 17:25:45,268 - INFO - Epoch: [5][100/924] Loss: 0.2362 MAE: 0.3753 LR: 0.005000
2024-04-23 17:26:03,889 - INFO - Epoch: [5][200/924] Loss: 0.2354 MAE: 0.3754 LR: 0.005000
2024-04-23 17:26:22,363 - INFO - Epoch: [5][300/924] Loss: 0.2359 MAE: 0.3756 LR: 0.005000
2024-04-23 17:26:41,147 - INFO - Epoch: [5][400/924] Loss: 0.2205 MAE: 0.3756 LR: 0.005000
2024-04-23 17:26:59,692 - INFO - Epoch: [5][500/924] Loss: 0.2292 MAE: 0.3750 LR: 0.005000
2024-04-23 17:27:18,186 - INFO - Epoch: [5][600/924] Loss: 0.2069 MAE: 0.3749 LR: 0.005000
2024-04-23 17:27:36,996 - INFO - Epoch: [5][700/924] Loss: 0.2416 MAE: 0.3747 LR: 0.005000
2024-04-23 17:27:55,595 - INFO - Epoch: [5][800/924] Loss: 0.2091 MAE: 0.3744 LR: 0.005000
2024-04-23 17:28:14,160 - INFO - Epoch: [5][900/924] Loss: 0.2298 MAE: 0.3743 LR: 0.005000
2024-04-23 17:28:18,085 - INFO - Epoch: [5][923/924] Loss: 0.2143 MAE: 0.3742 LR: 0.005000
2024-04-23 17:28:25,957 - INFO - Epoch: [5][39/40] Val Loss: 0.1944 Val MAE: 0.3769
2024-04-23 17:28:25,993 - INFO - Training Loss: 0.21427419781684875
2024-04-23 17:28:25,994 - INFO - Training MAE: 0.37424452122284735
2024-04-23 17:28:25,994 - INFO - Training Time: 172.8899006843567s
2024-04-23 17:28:25,994 - INFO - Validation Loss: 0.19442854821681976
2024-04-23 17:28:25,994 - INFO - Validation MAE: 0.3769053701877594
2024-04-23 17:28:25,994 - INFO - Validation Time: 7.7928786277771s
2024-04-23 17:28:27,025 - INFO - Epoch: [6][0/924] Loss: 0.2327 MAE: 0.3884 LR: 0.005000
2024-04-23 17:28:45,412 - INFO - Epoch: [6][100/924] Loss: 0.2224 MAE: 0.3710 LR: 0.005000
2024-04-23 17:29:04,551 - INFO - Epoch: [6][200/924] Loss: 0.2301 MAE: 0.3719 LR: 0.005000
2024-04-23 17:29:23,421 - INFO - Epoch: [6][300/924] Loss: 0.2287 MAE: 0.3711 LR: 0.005000
2024-04-23 17:29:41,980 - INFO - Epoch: [6][400/924] Loss: 0.2179 MAE: 0.3711 LR: 0.005000
2024-04-23 17:30:01,862 - INFO - Epoch: [6][500/924] Loss: 0.2349 MAE: 0.3713 LR: 0.005000
2024-04-23 17:30:20,670 - INFO - Epoch: [6][600/924] Loss: 0.2276 MAE: 0.3712 LR: 0.005000
2024-04-23 17:30:39,268 - INFO - Epoch: [6][700/924] Loss: 0.2107 MAE: 0.3711 LR: 0.005000
2024-04-23 17:30:57,971 - INFO - Epoch: [6][800/924] Loss: 0.2253 MAE: 0.3712 LR: 0.005000
2024-04-23 17:31:17,210 - INFO - Epoch: [6][900/924] Loss: 0.2205 MAE: 0.3709 LR: 0.005000
2024-04-23 17:31:21,086 - INFO - Epoch: [6][923/924] Loss: 0.2497 MAE: 0.3709 LR: 0.005000
2024-04-23 17:31:28,920 - INFO - Epoch: [6][39/40] Val Loss: 0.2152 Val MAE: 0.3709
2024-04-23 17:31:28,956 - INFO - Training Loss: 0.249730184674263
2024-04-23 17:31:28,956 - INFO - Training MAE: 0.3709390171162494
2024-04-23 17:31:28,956 - INFO - Training Time: 175.20749139785767s
2024-04-23 17:31:28,956 - INFO - Validation Loss: 0.21519090235233307
2024-04-23 17:31:28,956 - INFO - Validation MAE: 0.3709349911689758
2024-04-23 17:31:28,956 - INFO - Validation Time: 7.7533979415893555s
2024-04-23 17:31:29,941 - INFO - Epoch: [7][0/924] Loss: 0.2298 MAE: 0.3800 LR: 0.005000
2024-04-23 17:31:48,355 - INFO - Epoch: [7][100/924] Loss: 0.2299 MAE: 0.3693 LR: 0.005000
2024-04-23 17:32:06,779 - INFO - Epoch: [7][200/924] Loss: 0.2414 MAE: 0.3689 LR: 0.005000
2024-04-23 17:32:25,097 - INFO - Epoch: [7][300/924] Loss: 0.2103 MAE: 0.3688 LR: 0.005000
2024-04-23 17:32:43,464 - INFO - Epoch: [7][400/924] Loss: 0.2354 MAE: 0.3686 LR: 0.005000
2024-04-23 17:33:01,781 - INFO - Epoch: [7][500/924] Loss: 0.2319 MAE: 0.3683 LR: 0.005000
2024-04-23 17:33:20,089 - INFO - Epoch: [7][600/924] Loss: 0.2085 MAE: 0.3679 LR: 0.005000
2024-04-23 17:33:38,669 - INFO - Epoch: [7][700/924] Loss: 0.2213 MAE: 0.3680 LR: 0.005000
2024-04-23 17:33:57,048 - INFO - Epoch: [7][800/924] Loss: 0.2074 MAE: 0.3680 LR: 0.005000
2024-04-23 17:34:15,538 - INFO - Epoch: [7][900/924] Loss: 0.2081 MAE: 0.3679 LR: 0.005000
2024-04-23 17:34:19,852 - INFO - Epoch: [7][923/924] Loss: 0.2155 MAE: 0.3678 LR: 0.005000
2024-04-23 17:34:27,750 - INFO - Epoch: [7][39/40] Val Loss: 0.2225 Val MAE: 0.3667
2024-04-23 17:34:27,784 - INFO - Training Loss: 0.2155405879020691
2024-04-23 17:34:27,784 - INFO - Training MAE: 0.36777716639625047
2024-04-23 17:34:27,784 - INFO - Training Time: 171.01334500312805s
2024-04-23 17:34:27,784 - INFO - Validation Loss: 0.22248575091362
2024-04-23 17:34:27,784 - INFO - Validation MAE: 0.3667293695926666
2024-04-23 17:34:27,784 - INFO - Validation Time: 7.813851594924927s
2024-04-23 17:34:28,879 - INFO - Epoch: [8][0/924] Loss: 0.2298 MAE: 0.3611 LR: 0.005000
2024-04-23 17:34:47,378 - INFO - Epoch: [8][100/924] Loss: 0.2223 MAE: 0.3672 LR: 0.005000
2024-04-23 17:35:05,724 - INFO - Epoch: [8][200/924] Loss: 0.1961 MAE: 0.3658 LR: 0.005000
2024-04-23 17:35:24,028 - INFO - Epoch: [8][300/924] Loss: 0.2124 MAE: 0.3660 LR: 0.005000
2024-04-23 17:35:42,667 - INFO - Epoch: [8][400/924] Loss: 0.2270 MAE: 0.3651 LR: 0.005000
2024-04-23 17:36:01,289 - INFO - Epoch: [8][500/924] Loss: 0.1875 MAE: 0.3652 LR: 0.005000
2024-04-23 17:36:19,690 - INFO - Epoch: [8][600/924] Loss: 0.2182 MAE: 0.3650 LR: 0.005000
2024-04-23 17:36:37,946 - INFO - Epoch: [8][700/924] Loss: 0.2233 MAE: 0.3648 LR: 0.005000
2024-04-23 17:36:56,407 - INFO - Epoch: [8][800/924] Loss: 0.2045 MAE: 0.3647 LR: 0.005000
2024-04-23 17:37:14,797 - INFO - Epoch: [8][900/924] Loss: 0.2165 MAE: 0.3645 LR: 0.005000
2024-04-23 17:37:19,043 - INFO - Epoch: [8][923/924] Loss: 0.2046 MAE: 0.3644 LR: 0.005000
2024-04-23 17:37:26,880 - INFO - Epoch: [8][39/40] Val Loss: 0.2220 Val MAE: 0.3577
2024-04-23 17:37:26,923 - INFO - Training Loss: 0.20460808277130127
2024-04-23 17:37:26,923 - INFO - Training MAE: 0.3643502021184215
2024-04-23 17:37:26,923 - INFO - Training Time: 171.37529921531677s
2024-04-23 17:37:26,924 - INFO - Validation Loss: 0.22198835015296936
2024-04-23 17:37:26,924 - INFO - Validation MAE: 0.3577020336151123
2024-04-23 17:37:26,924 - INFO - Validation Time: 7.762854099273682s
2024-04-23 17:37:27,954 - INFO - Epoch: [9][0/924] Loss: 0.2045 MAE: 0.3385 LR: 0.005000
2024-04-23 17:37:46,373 - INFO - Epoch: [9][100/924] Loss: 0.2168 MAE: 0.3616 LR: 0.005000
2024-04-23 17:38:05,907 - INFO - Epoch: [9][200/924] Loss: 0.2019 MAE: 0.3598 LR: 0.005000
2024-04-23 17:38:24,010 - INFO - Epoch: [9][300/924] Loss: 0.2086 MAE: 0.3595 LR: 0.005000
2024-04-23 17:38:42,538 - INFO - Epoch: [9][400/924] Loss: 0.2041 MAE: 0.3591 LR: 0.005000
2024-04-23 17:39:01,223 - INFO - Epoch: [9][500/924] Loss: 0.2145 MAE: 0.3587 LR: 0.005000
2024-04-23 17:39:19,976 - INFO - Epoch: [9][600/924] Loss: 0.2151 MAE: 0.3583 LR: 0.005000
2024-04-23 17:39:38,721 - INFO - Epoch: [9][700/924] Loss: 0.2156 MAE: 0.3576 LR: 0.005000
2024-04-23 17:39:57,734 - INFO - Epoch: [9][800/924] Loss: 0.2179 MAE: 0.3571 LR: 0.005000
2024-04-23 17:40:17,231 - INFO - Epoch: [9][900/924] Loss: 0.2093 MAE: 0.3565 LR: 0.005000
2024-04-23 17:40:21,681 - INFO - Epoch: [9][923/924] Loss: 0.1889 MAE: 0.3565 LR: 0.005000
2024-04-23 17:40:29,598 - INFO - Epoch: [9][39/40] Val Loss: 0.1901 Val MAE: 0.3469
2024-04-23 17:40:29,635 - INFO - Training Loss: 0.18892928957939148
2024-04-23 17:40:29,635 - INFO - Training MAE: 0.35645443652615405
2024-04-23 17:40:29,635 - INFO - Training Time: 174.87726545333862s
2024-04-23 17:40:29,635 - INFO - Validation Loss: 0.19013692438602448
2024-04-23 17:40:29,635 - INFO - Validation MAE: 0.3468551812171936
2024-04-23 17:40:29,635 - INFO - Validation Time: 7.833276987075806s
2024-04-23 17:40:30,676 - INFO - Epoch: [10][0/924] Loss: 0.2201 MAE: 0.3523 LR: 0.005000
2024-04-23 17:40:49,162 - INFO - Epoch: [10][100/924] Loss: 0.2173 MAE: 0.3485 LR: 0.005000
2024-04-23 17:41:07,671 - INFO - Epoch: [10][200/924] Loss: 0.2268 MAE: 0.3488 LR: 0.005000
2024-04-23 17:41:26,123 - INFO - Epoch: [10][300/924] Loss: 0.1954 MAE: 0.3489 LR: 0.005000
2024-04-23 17:41:44,544 - INFO - Epoch: [10][400/924] Loss: 0.2068 MAE: 0.3483 LR: 0.005000
2024-04-23 17:42:03,127 - INFO - Epoch: [10][500/924] Loss: 0.1977 MAE: 0.3477 LR: 0.005000
2024-04-23 17:42:21,660 - INFO - Epoch: [10][600/924] Loss: 0.2115 MAE: 0.3472 LR: 0.005000
2024-04-23 17:42:40,511 - INFO - Epoch: [10][700/924] Loss: 0.2115 MAE: 0.3466 LR: 0.005000
2024-04-23 17:42:59,259 - INFO - Epoch: [10][800/924] Loss: 0.2121 MAE: 0.3458 LR: 0.005000
2024-04-23 17:43:17,901 - INFO - Epoch: [10][900/924] Loss: 0.2305 MAE: 0.3453 LR: 0.005000
2024-04-23 17:43:22,150 - INFO - Epoch: [10][923/924] Loss: 0.1772 MAE: 0.3451 LR: 0.005000
2024-04-23 17:43:30,023 - INFO - Epoch: [10][39/40] Val Loss: 0.2255 Val MAE: 0.3430
2024-04-23 17:43:30,061 - INFO - Training Loss: 0.17718008160591125
2024-04-23 17:43:30,061 - INFO - Training MAE: 0.3451143275801237
2024-04-23 17:43:30,061 - INFO - Training Time: 172.63023686408997s
2024-04-23 17:43:30,061 - INFO - Validation Loss: 0.22553934156894684
2024-04-23 17:43:30,061 - INFO - Validation MAE: 0.3430477735042572
2024-04-23 17:43:30,061 - INFO - Validation Time: 7.79425573348999s
2024-04-23 17:43:31,060 - INFO - Epoch: [11][0/924] Loss: 0.2092 MAE: 0.3460 LR: 0.005000
2024-04-23 17:43:49,716 - INFO - Epoch: [11][100/924] Loss: 0.1968 MAE: 0.3386 LR: 0.005000
2024-04-23 17:44:08,220 - INFO - Epoch: [11][200/924] Loss: 0.1952 MAE: 0.3386 LR: 0.005000
2024-04-23 17:44:26,756 - INFO - Epoch: [11][300/924] Loss: 0.2047 MAE: 0.3381 LR: 0.005000
2024-04-23 17:44:45,464 - INFO - Epoch: [11][400/924] Loss: 0.1992 MAE: 0.3374 LR: 0.005000
2024-04-23 17:45:04,290 - INFO - Epoch: [11][500/924] Loss: 0.1915 MAE: 0.3368 LR: 0.005000
2024-04-23 17:45:23,052 - INFO - Epoch: [11][600/924] Loss: 0.1974 MAE: 0.3361 LR: 0.005000
2024-04-23 17:45:41,508 - INFO - Epoch: [11][700/924] Loss: 0.1892 MAE: 0.3356 LR: 0.005000
2024-04-23 17:46:00,146 - INFO - Epoch: [11][800/924] Loss: 0.1914 MAE: 0.3350 LR: 0.005000
2024-04-23 17:46:18,892 - INFO - Epoch: [11][900/924] Loss: 0.2061 MAE: 0.3346 LR: 0.005000
2024-04-23 17:46:23,198 - INFO - Epoch: [11][923/924] Loss: 0.1740 MAE: 0.3344 LR: 0.005000
2024-04-23 17:46:31,020 - INFO - Epoch: [11][39/40] Val Loss: 0.1732 Val MAE: 0.3304
2024-04-23 17:46:31,057 - INFO - Training Loss: 0.17398865520954132
2024-04-23 17:46:31,057 - INFO - Training MAE: 0.3344282511766855
2024-04-23 17:46:31,058 - INFO - Training Time: 173.25428557395935s
2024-04-23 17:46:31,058 - INFO - Validation Loss: 0.17315663397312164
2024-04-23 17:46:31,058 - INFO - Validation MAE: 0.3304252498626709
2024-04-23 17:46:31,058 - INFO - Validation Time: 7.741145849227905s
2024-04-23 17:46:31,058 - INFO - New best model and val_loss updated
2024-04-23 17:46:32,080 - INFO - Epoch: [12][0/924] Loss: 0.1909 MAE: 0.3279 LR: 0.005000
2024-04-23 17:46:50,508 - INFO - Epoch: [12][100/924] Loss: 0.1839 MAE: 0.3298 LR: 0.005000
2024-04-23 17:47:09,036 - INFO - Epoch: [12][200/924] Loss: 0.1966 MAE: 0.3283 LR: 0.005000
2024-04-23 17:47:28,033 - INFO - Epoch: [12][300/924] Loss: 0.1732 MAE: 0.3276 LR: 0.005000
2024-04-23 17:47:46,583 - INFO - Epoch: [12][400/924] Loss: 0.2055 MAE: 0.3277 LR: 0.005000
2024-04-23 17:48:05,177 - INFO - Epoch: [12][500/924] Loss: 0.1821 MAE: 0.3279 LR: 0.005000
2024-04-23 17:48:23,735 - INFO - Epoch: [12][600/924] Loss: 0.1999 MAE: 0.3278 LR: 0.005000
2024-04-23 17:48:42,251 - INFO - Epoch: [12][700/924] Loss: 0.1924 MAE: 0.3277 LR: 0.005000
2024-04-23 17:49:01,211 - INFO - Epoch: [12][800/924] Loss: 0.1892 MAE: 0.3274 LR: 0.005000
2024-04-23 17:49:19,959 - INFO - Epoch: [12][900/924] Loss: 0.1742 MAE: 0.3272 LR: 0.005000
2024-04-23 17:49:24,727 - INFO - Epoch: [12][923/924] Loss: 0.1803 MAE: 0.3271 LR: 0.005000
2024-04-23 17:49:32,594 - INFO - Epoch: [12][39/40] Val Loss: 0.2215 Val MAE: 0.3246
2024-04-23 17:49:32,633 - INFO - Training Loss: 0.18029142916202545
2024-04-23 17:49:32,634 - INFO - Training MAE: 0.3270563599996236
2024-04-23 17:49:32,634 - INFO - Training Time: 173.78699135780334s
2024-04-23 17:49:32,634 - INFO - Validation Loss: 0.22150918841362
2024-04-23 17:49:32,634 - INFO - Validation MAE: 0.32456848464012145
2024-04-23 17:49:32,634 - INFO - Validation Time: 7.787769794464111s
2024-04-23 17:49:33,645 - INFO - Epoch: [13][0/924] Loss: 0.1812 MAE: 0.3179 LR: 0.005000
2024-04-23 17:49:52,772 - INFO - Epoch: [13][100/924] Loss: 0.1894 MAE: 0.3234 LR: 0.005000
2024-04-23 17:50:12,880 - INFO - Epoch: [13][200/924] Loss: 0.1906 MAE: 0.3235 LR: 0.005000
2024-04-23 17:50:31,960 - INFO - Epoch: [13][300/924] Loss: 0.1856 MAE: 0.3236 LR: 0.005000
2024-04-23 17:50:50,317 - INFO - Epoch: [13][400/924] Loss: 0.2157 MAE: 0.3227 LR: 0.005000
2024-04-23 17:51:08,882 - INFO - Epoch: [13][500/924] Loss: 0.1842 MAE: 0.3225 LR: 0.005000
2024-04-23 17:51:27,623 - INFO - Epoch: [13][600/924] Loss: 0.1851 MAE: 0.3223 LR: 0.005000
2024-04-23 17:51:46,232 - INFO - Epoch: [13][700/924] Loss: 0.1814 MAE: 0.3219 LR: 0.005000
2024-04-23 17:52:05,047 - INFO - Epoch: [13][800/924] Loss: 0.1877 MAE: 0.3214 LR: 0.005000
2024-04-23 17:52:23,874 - INFO - Epoch: [13][900/924] Loss: 0.1815 MAE: 0.3213 LR: 0.005000
2024-04-23 17:52:28,263 - INFO - Epoch: [13][923/924] Loss: 0.2071 MAE: 0.3213 LR: 0.005000
2024-04-23 17:52:36,020 - INFO - Epoch: [13][39/40] Val Loss: 0.1678 Val MAE: 0.3203
2024-04-23 17:52:36,060 - INFO - Training Loss: 0.20713023841381073
2024-04-23 17:52:36,060 - INFO - Training MAE: 0.32129302546704486
2024-04-23 17:52:36,060 - INFO - Training Time: 175.74259781837463s
2024-04-23 17:52:36,060 - INFO - Validation Loss: 0.16775065660476685
2024-04-23 17:52:36,060 - INFO - Validation MAE: 0.3202923632621765
2024-04-23 17:52:36,060 - INFO - Validation Time: 7.682496070861816s
2024-04-23 17:52:36,060 - INFO - New best model and val_loss updated
2024-04-23 17:52:37,068 - INFO - Epoch: [14][0/924] Loss: 0.1963 MAE: 0.3335 LR: 0.005000
2024-04-23 17:52:55,980 - INFO - Epoch: [14][100/924] Loss: 0.1755 MAE: 0.3196 LR: 0.005000
2024-04-23 17:53:14,700 - INFO - Epoch: [14][200/924] Loss: 0.1900 MAE: 0.3191 LR: 0.005000
2024-04-23 17:53:33,281 - INFO - Epoch: [14][300/924] Loss: 0.1739 MAE: 0.3190 LR: 0.005000
2024-04-23 17:53:51,872 - INFO - Epoch: [14][400/924] Loss: 0.1883 MAE: 0.3189 LR: 0.005000
2024-04-23 17:54:10,815 - INFO - Epoch: [14][500/924] Loss: 0.1795 MAE: 0.3188 LR: 0.005000
2024-04-23 17:54:29,157 - INFO - Epoch: [14][600/924] Loss: 0.1814 MAE: 0.3192 LR: 0.005000
2024-04-23 17:54:47,730 - INFO - Epoch: [14][700/924] Loss: 0.1920 MAE: 0.3188 LR: 0.005000
2024-04-23 17:55:06,420 - INFO - Epoch: [14][800/924] Loss: 0.1731 MAE: 0.3187 LR: 0.005000
2024-04-23 17:55:25,152 - INFO - Epoch: [14][900/924] Loss: 0.1984 MAE: 0.3185 LR: 0.005000
2024-04-23 17:55:29,533 - INFO - Epoch: [14][923/924] Loss: 0.1706 MAE: 0.3185 LR: 0.005000
2024-04-23 17:55:37,320 - INFO - Epoch: [14][39/40] Val Loss: 0.1905 Val MAE: 0.3156
2024-04-23 17:55:37,355 - INFO - Training Loss: 0.17063763737678528
2024-04-23 17:55:37,355 - INFO - Training MAE: 0.31854935658055467
2024-04-23 17:55:37,355 - INFO - Training Time: 173.58745765686035s
2024-04-23 17:55:37,355 - INFO - Validation Loss: 0.19050313532352448
2024-04-23 17:55:37,355 - INFO - Validation MAE: 0.3156409540653229
2024-04-23 17:55:37,355 - INFO - Validation Time: 7.706472635269165s
2024-04-23 17:55:38,439 - INFO - Epoch: [15][0/924] Loss: 0.2004 MAE: 0.3257 LR: 0.005000
2024-04-23 17:55:56,874 - INFO - Epoch: [15][100/924] Loss: 0.1979 MAE: 0.3160 LR: 0.005000
2024-04-23 17:56:15,515 - INFO - Epoch: [15][200/924] Loss: 0.1857 MAE: 0.3159 LR: 0.005000
2024-04-23 17:56:34,089 - INFO - Epoch: [15][300/924] Loss: 0.1732 MAE: 0.3164 LR: 0.005000
2024-04-23 17:56:53,256 - INFO - Epoch: [15][400/924] Loss: 0.1861 MAE: 0.3159 LR: 0.005000
2024-04-23 17:57:11,995 - INFO - Epoch: [15][500/924] Loss: 0.1894 MAE: 0.3158 LR: 0.005000
2024-04-23 17:57:30,696 - INFO - Epoch: [15][600/924] Loss: 0.1832 MAE: 0.3158 LR: 0.005000
2024-04-23 17:57:49,341 - INFO - Epoch: [15][700/924] Loss: 0.1898 MAE: 0.3158 LR: 0.005000
2024-04-23 17:58:07,931 - INFO - Epoch: [15][800/924] Loss: 0.1846 MAE: 0.3159 LR: 0.005000
2024-04-23 17:58:26,692 - INFO - Epoch: [15][900/924] Loss: 0.1606 MAE: 0.3157 LR: 0.005000
2024-04-23 17:58:31,004 - INFO - Epoch: [15][923/924] Loss: 0.1863 MAE: 0.3156 LR: 0.005000
2024-04-23 17:58:38,836 - INFO - Epoch: [15][39/40] Val Loss: 0.1507 Val MAE: 0.3092
2024-04-23 17:58:38,883 - INFO - Training Loss: 0.1863257735967636
2024-04-23 17:58:38,883 - INFO - Training MAE: 0.31562188687004566
2024-04-23 17:58:38,883 - INFO - Training Time: 173.76229882240295s
2024-04-23 17:58:38,883 - INFO - Validation Loss: 0.15071657299995422
2024-04-23 17:58:38,883 - INFO - Validation MAE: 0.3091743037223816
2024-04-23 17:58:38,883 - INFO - Validation Time: 7.764453649520874s
2024-04-23 17:58:38,884 - INFO - New best model and val_loss updated
2024-04-23 17:58:39,870 - INFO - Epoch: [16][0/924] Loss: 0.1833 MAE: 0.3058 LR: 0.005000
2024-04-23 17:58:58,483 - INFO - Epoch: [16][100/924] Loss: 0.1834 MAE: 0.3141 LR: 0.005000
2024-04-23 17:59:17,082 - INFO - Epoch: [16][200/924] Loss: 0.1870 MAE: 0.3147 LR: 0.005000
2024-04-23 17:59:36,596 - INFO - Epoch: [16][300/924] Loss: 0.1665 MAE: 0.3148 LR: 0.005000
2024-04-23 17:59:54,995 - INFO - Epoch: [16][400/924] Loss: 0.1883 MAE: 0.3147 LR: 0.005000
2024-04-23 18:00:14,348 - INFO - Epoch: [16][500/924] Loss: 0.1826 MAE: 0.3148 LR: 0.005000
2024-04-23 18:00:32,733 - INFO - Epoch: [16][600/924] Loss: 0.1809 MAE: 0.3143 LR: 0.005000
2024-04-23 18:00:51,392 - INFO - Epoch: [16][700/924] Loss: 0.1815 MAE: 0.3140 LR: 0.005000
2024-04-23 18:01:10,288 - INFO - Epoch: [16][800/924] Loss: 0.1895 MAE: 0.3137 LR: 0.005000
2024-04-23 18:01:28,679 - INFO - Epoch: [16][900/924] Loss: 0.1650 MAE: 0.3135 LR: 0.005000
2024-04-23 18:01:32,965 - INFO - Epoch: [16][923/924] Loss: 0.1767 MAE: 0.3134 LR: 0.005000
2024-04-23 18:01:40,801 - INFO - Epoch: [16][39/40] Val Loss: 0.1590 Val MAE: 0.3125
2024-04-23 18:01:40,850 - INFO - Training Loss: 0.17666274309158325
2024-04-23 18:01:40,850 - INFO - Training MAE: 0.31340777290202837
2024-04-23 18:01:40,850 - INFO - Training Time: 174.20165395736694s
2024-04-23 18:01:40,850 - INFO - Validation Loss: 0.15899822115898132
2024-04-23 18:01:40,850 - INFO - Validation MAE: 0.3125297103881836
2024-04-23 18:01:40,850 - INFO - Validation Time: 7.764153242111206s
2024-04-23 18:01:41,911 - INFO - Epoch: [17][0/924] Loss: 0.1876 MAE: 0.3115 LR: 0.005000
2024-04-23 18:02:00,261 - INFO - Epoch: [17][100/924] Loss: 0.1835 MAE: 0.3127 LR: 0.005000
2024-04-23 18:02:19,164 - INFO - Epoch: [17][200/924] Loss: 0.1894 MAE: 0.3113 LR: 0.005000
2024-04-23 18:02:37,819 - INFO - Epoch: [17][300/924] Loss: 0.1913 MAE: 0.3112 LR: 0.005000
2024-04-23 18:02:56,411 - INFO - Epoch: [17][400/924] Loss: 0.1672 MAE: 0.3110 LR: 0.005000
2024-04-23 18:03:14,914 - INFO - Epoch: [17][500/924] Loss: 0.1860 MAE: 0.3108 LR: 0.005000
2024-04-23 18:03:34,114 - INFO - Epoch: [17][600/924] Loss: 0.1734 MAE: 0.3105 LR: 0.005000
2024-04-23 18:03:52,887 - INFO - Epoch: [17][700/924] Loss: 0.1730 MAE: 0.3104 LR: 0.005000
2024-04-23 18:04:11,692 - INFO - Epoch: [17][800/924] Loss: 0.1658 MAE: 0.3102 LR: 0.005000
2024-04-23 18:04:30,494 - INFO - Epoch: [17][900/924] Loss: 0.1692 MAE: 0.3100 LR: 0.005000
2024-04-23 18:04:34,378 - INFO - Epoch: [17][923/924] Loss: 0.1842 MAE: 0.3100 LR: 0.005000
2024-04-23 18:04:42,193 - INFO - Epoch: [17][39/40] Val Loss: 0.1817 Val MAE: 0.3090
2024-04-23 18:04:42,235 - INFO - Training Loss: 0.18421655893325806
2024-04-23 18:04:42,235 - INFO - Training MAE: 0.31004077618643316
2024-04-23 18:04:42,235 - INFO - Training Time: 173.64283442497253s
2024-04-23 18:04:42,235 - INFO - Validation Loss: 0.1816963106393814
2024-04-23 18:04:42,235 - INFO - Validation MAE: 0.30896328716278076
2024-04-23 18:04:42,236 - INFO - Validation Time: 7.7410571575164795s
2024-04-23 18:04:43,223 - INFO - Epoch: [18][0/924] Loss: 0.1713 MAE: 0.3034 LR: 0.005000
2024-04-23 18:05:01,698 - INFO - Epoch: [18][100/924] Loss: 0.1843 MAE: 0.3082 LR: 0.005000
2024-04-23 18:05:20,085 - INFO - Epoch: [18][200/924] Loss: 0.1842 MAE: 0.3082 LR: 0.005000
2024-04-23 18:05:38,548 - INFO - Epoch: [18][300/924] Loss: 0.1862 MAE: 0.3083 LR: 0.005000
2024-04-23 18:05:57,312 - INFO - Epoch: [18][400/924] Loss: 0.1834 MAE: 0.3085 LR: 0.005000
2024-04-23 18:06:15,803 - INFO - Epoch: [18][500/924] Loss: 0.1835 MAE: 0.3086 LR: 0.005000
2024-04-23 18:06:34,187 - INFO - Epoch: [18][600/924] Loss: 0.1758 MAE: 0.3085 LR: 0.005000
2024-04-23 18:06:52,512 - INFO - Epoch: [18][700/924] Loss: 0.1636 MAE: 0.3086 LR: 0.005000
2024-04-23 18:07:10,864 - INFO - Epoch: [18][800/924] Loss: 0.1763 MAE: 0.3086 LR: 0.005000
2024-04-23 18:07:29,367 - INFO - Epoch: [18][900/924] Loss: 0.1633 MAE: 0.3086 LR: 0.005000
2024-04-23 18:07:33,693 - INFO - Epoch: [18][923/924] Loss: 0.1690 MAE: 0.3085 LR: 0.005000
2024-04-23 18:07:41,505 - INFO - Epoch: [18][39/40] Val Loss: 0.1738 Val MAE: 0.3064
2024-04-23 18:07:41,542 - INFO - Training Loss: 0.1690419316291809
2024-04-23 18:07:41,543 - INFO - Training MAE: 0.3085016582112808
2024-04-23 18:07:41,543 - INFO - Training Time: 171.57064938545227s
2024-04-23 18:07:41,543 - INFO - Validation Loss: 0.17381171882152557
2024-04-23 18:07:41,543 - INFO - Validation MAE: 0.30643996787071226
2024-04-23 18:07:41,543 - INFO - Validation Time: 7.735452890396118s
2024-04-23 18:07:42,591 - INFO - Epoch: [19][0/924] Loss: 0.1632 MAE: 0.2943 LR: 0.005000
2024-04-23 18:08:01,020 - INFO - Epoch: [19][100/924] Loss: 0.1776 MAE: 0.3061 LR: 0.005000
2024-04-23 18:08:19,694 - INFO - Epoch: [19][200/924] Loss: 0.1932 MAE: 0.3065 LR: 0.005000
2024-04-23 18:08:38,246 - INFO - Epoch: [19][300/924] Loss: 0.1609 MAE: 0.3068 LR: 0.005000
2024-04-23 18:08:56,911 - INFO - Epoch: [19][400/924] Loss: 0.1822 MAE: 0.3073 LR: 0.005000
2024-04-23 18:09:15,535 - INFO - Epoch: [19][500/924] Loss: 0.1734 MAE: 0.3078 LR: 0.005000
2024-04-23 18:09:33,971 - INFO - Epoch: [19][600/924] Loss: 0.1658 MAE: 0.3075 LR: 0.005000
2024-04-23 18:09:52,298 - INFO - Epoch: [19][700/924] Loss: 0.1817 MAE: 0.3074 LR: 0.005000
2024-04-23 18:10:10,997 - INFO - Epoch: [19][800/924] Loss: 0.1955 MAE: 0.3073 LR: 0.005000
2024-04-23 18:10:30,978 - INFO - Epoch: [19][900/924] Loss: 0.1773 MAE: 0.3072 LR: 0.005000
2024-04-23 18:10:34,923 - INFO - Epoch: [19][923/924] Loss: 0.1812 MAE: 0.3072 LR: 0.005000
2024-04-23 18:10:43,210 - INFO - Epoch: [19][39/40] Val Loss: 0.2287 Val MAE: 0.3081
2024-04-23 18:10:43,252 - INFO - Training Loss: 0.1812056452035904
2024-04-23 18:10:43,252 - INFO - Training MAE: 0.30717465926558424
2024-04-23 18:10:43,252 - INFO - Training Time: 173.49520778656006s
2024-04-23 18:10:43,252 - INFO - Validation Loss: 0.22869154810905457
2024-04-23 18:10:43,252 - INFO - Validation MAE: 0.30807783813476564
2024-04-23 18:10:43,252 - INFO - Validation Time: 8.213090658187866s
2024-04-23 18:10:44,265 - INFO - Epoch: [20][0/924] Loss: 0.1954 MAE: 0.3134 LR: 0.005000
2024-04-23 18:11:02,989 - INFO - Epoch: [20][100/924] Loss: 0.1567 MAE: 0.3074 LR: 0.005000
2024-04-23 18:11:21,454 - INFO - Epoch: [20][200/924] Loss: 0.1741 MAE: 0.3066 LR: 0.005000
2024-04-23 18:11:39,960 - INFO - Epoch: [20][300/924] Loss: 0.1958 MAE: 0.3065 LR: 0.005000
2024-04-23 18:11:58,404 - INFO - Epoch: [20][400/924] Loss: 0.1865 MAE: 0.3065 LR: 0.005000
2024-04-23 18:12:16,970 - INFO - Epoch: [20][500/924] Loss: 0.1727 MAE: 0.3064 LR: 0.005000
2024-04-23 18:12:35,233 - INFO - Epoch: [20][600/924] Loss: 0.1768 MAE: 0.3060 LR: 0.005000
2024-04-23 18:12:53,994 - INFO - Epoch: [20][700/924] Loss: 0.1916 MAE: 0.3061 LR: 0.005000
2024-04-23 18:13:12,300 - INFO - Epoch: [20][800/924] Loss: 0.1819 MAE: 0.3062 LR: 0.005000
2024-04-23 18:13:30,866 - INFO - Epoch: [20][900/924] Loss: 0.1776 MAE: 0.3060 LR: 0.005000
2024-04-23 18:13:35,111 - INFO - Epoch: [20][923/924] Loss: 0.1717 MAE: 0.3061 LR: 0.005000
2024-04-23 18:13:42,887 - INFO - Epoch: [20][39/40] Val Loss: 0.1789 Val MAE: 0.3103
2024-04-23 18:13:42,926 - INFO - Training Loss: 0.1716623306274414
2024-04-23 18:13:42,926 - INFO - Training MAE: 0.30609594746714547
2024-04-23 18:13:42,926 - INFO - Training Time: 171.9758403301239s
2024-04-23 18:13:42,926 - INFO - Validation Loss: 0.17891927063465118
2024-04-23 18:13:42,926 - INFO - Validation MAE: 0.31031567068099974
2024-04-23 18:13:42,926 - INFO - Validation Time: 7.69675087928772s
2024-04-23 18:13:43,954 - INFO - Epoch: [21][0/924] Loss: 0.1620 MAE: 0.3006 LR: 0.005000
2024-04-23 18:14:02,430 - INFO - Epoch: [21][100/924] Loss: 0.2114 MAE: 0.3062 LR: 0.005000
2024-04-23 18:14:20,779 - INFO - Epoch: [21][200/924] Loss: 0.1619 MAE: 0.3062 LR: 0.005000
2024-04-23 18:14:39,217 - INFO - Epoch: [21][300/924] Loss: 0.1744 MAE: 0.3059 LR: 0.005000
2024-04-23 18:14:57,877 - INFO - Epoch: [21][400/924] Loss: 0.1721 MAE: 0.3053 LR: 0.005000
2024-04-23 18:15:16,673 - INFO - Epoch: [21][500/924] Loss: 0.1988 MAE: 0.3054 LR: 0.005000
2024-04-23 18:15:34,974 - INFO - Epoch: [21][600/924] Loss: 0.1795 MAE: 0.3052 LR: 0.005000
2024-04-23 18:15:53,346 - INFO - Epoch: [21][700/924] Loss: 0.1717 MAE: 0.3052 LR: 0.005000
2024-04-23 18:16:11,623 - INFO - Epoch: [21][800/924] Loss: 0.1915 MAE: 0.3052 LR: 0.005000
2024-04-23 18:16:29,982 - INFO - Epoch: [21][900/924] Loss: 0.1867 MAE: 0.3052 LR: 0.005000
2024-04-23 18:16:34,174 - INFO - Epoch: [21][923/924] Loss: 0.1798 MAE: 0.3052 LR: 0.005000
2024-04-23 18:16:42,002 - INFO - Epoch: [21][39/40] Val Loss: 0.2001 Val MAE: 0.3035
2024-04-23 18:16:42,042 - INFO - Training Loss: 0.17975227534770966
2024-04-23 18:16:42,042 - INFO - Training MAE: 0.3051922880596929
2024-04-23 18:16:42,042 - INFO - Training Time: 171.36614799499512s
2024-04-23 18:16:42,042 - INFO - Validation Loss: 0.20007705688476562
2024-04-23 18:16:42,042 - INFO - Validation MAE: 0.3034580132961273
2024-04-23 18:16:42,043 - INFO - Validation Time: 7.749224662780762s
2024-04-23 18:16:43,063 - INFO - Epoch: [22][0/924] Loss: 0.1964 MAE: 0.3251 LR: 0.005000
2024-04-23 18:17:01,595 - INFO - Epoch: [22][100/924] Loss: 0.1708 MAE: 0.3068 LR: 0.005000
2024-04-23 18:17:20,075 - INFO - Epoch: [22][200/924] Loss: 0.1899 MAE: 0.3067 LR: 0.005000
2024-04-23 18:17:39,004 - INFO - Epoch: [22][300/924] Loss: 0.1801 MAE: 0.3054 LR: 0.005000
2024-04-23 18:17:57,577 - INFO - Epoch: [22][400/924] Loss: 0.1499 MAE: 0.3053 LR: 0.005000
2024-04-23 18:18:16,051 - INFO - Epoch: [22][500/924] Loss: 0.1838 MAE: 0.3047 LR: 0.005000
2024-04-23 18:18:34,655 - INFO - Epoch: [22][600/924] Loss: 0.1879 MAE: 0.3046 LR: 0.005000
2024-04-23 18:18:53,093 - INFO - Epoch: [22][700/924] Loss: 0.1867 MAE: 0.3045 LR: 0.005000
2024-04-23 18:19:11,462 - INFO - Epoch: [22][800/924] Loss: 0.1824 MAE: 0.3046 LR: 0.005000
2024-04-23 18:19:30,127 - INFO - Epoch: [22][900/924] Loss: 0.1722 MAE: 0.3047 LR: 0.005000
2024-04-23 18:19:33,930 - INFO - Epoch: [22][923/924] Loss: 0.1699 MAE: 0.3047 LR: 0.005000
2024-04-23 18:19:42,152 - INFO - Epoch: [22][39/40] Val Loss: 0.1635 Val MAE: 0.3043
2024-04-23 18:19:42,208 - INFO - Training Loss: 0.16992071270942688
2024-04-23 18:19:42,208 - INFO - Training MAE: 0.3046790588147196
2024-04-23 18:19:42,208 - INFO - Training Time: 172.00388383865356s
2024-04-23 18:19:42,209 - INFO - Validation Loss: 0.1634957492351532
2024-04-23 18:19:42,209 - INFO - Validation MAE: 0.30427587189674377
2024-04-23 18:19:42,209 - INFO - Validation Time: 8.16094970703125s
2024-04-23 18:19:43,243 - INFO - Epoch: [23][0/924] Loss: 0.1733 MAE: 0.3017 LR: 0.005000
2024-04-23 18:20:01,750 - INFO - Epoch: [23][100/924] Loss: 0.1742 MAE: 0.3029 LR: 0.005000
2024-04-23 18:20:20,392 - INFO - Epoch: [23][200/924] Loss: 0.1723 MAE: 0.3029 LR: 0.005000
2024-04-23 18:20:38,993 - INFO - Epoch: [23][300/924] Loss: 0.1813 MAE: 0.3033 LR: 0.005000
2024-04-23 18:20:57,364 - INFO - Epoch: [23][400/924] Loss: 0.1739 MAE: 0.3033 LR: 0.005000
2024-04-23 18:21:15,819 - INFO - Epoch: [23][500/924] Loss: 0.1710 MAE: 0.3033 LR: 0.005000
2024-04-23 18:21:34,133 - INFO - Epoch: [23][600/924] Loss: 0.1785 MAE: 0.3034 LR: 0.005000
2024-04-23 18:21:52,635 - INFO - Epoch: [23][700/924] Loss: 0.1716 MAE: 0.3034 LR: 0.005000
2024-04-23 18:22:11,219 - INFO - Epoch: [23][800/924] Loss: 0.1660 MAE: 0.3033 LR: 0.005000
2024-04-23 18:22:29,822 - INFO - Epoch: [23][900/924] Loss: 0.1811 MAE: 0.3033 LR: 0.005000
2024-04-23 18:22:33,988 - INFO - Epoch: [23][923/924] Loss: 0.1715 MAE: 0.3032 LR: 0.005000
2024-04-23 18:22:41,781 - INFO - Epoch: [23][39/40] Val Loss: 0.1777 Val MAE: 0.3001
2024-04-23 18:22:41,817 - INFO - Training Loss: 0.1714569330215454
2024-04-23 18:22:41,817 - INFO - Training MAE: 0.3032003015086248
2024-04-23 18:22:41,817 - INFO - Training Time: 171.895592212677s
2024-04-23 18:22:41,817 - INFO - Validation Loss: 0.17765523493289948
2024-04-23 18:22:41,817 - INFO - Validation MAE: 0.3000776870250702
2024-04-23 18:22:41,817 - INFO - Validation Time: 7.711929559707642s
2024-04-23 18:22:42,857 - INFO - Epoch: [24][0/924] Loss: 0.1814 MAE: 0.3070 LR: 0.005000
2024-04-23 18:23:01,557 - INFO - Epoch: [24][100/924] Loss: 0.1842 MAE: 0.3047 LR: 0.005000
2024-04-23 18:23:20,027 - INFO - Epoch: [24][200/924] Loss: 0.1913 MAE: 0.3043 LR: 0.005000
2024-04-23 18:23:38,540 - INFO - Epoch: [24][300/924] Loss: 0.1806 MAE: 0.3039 LR: 0.005000
2024-04-23 18:23:57,204 - INFO - Epoch: [24][400/924] Loss: 0.1917 MAE: 0.3033 LR: 0.005000
2024-04-23 18:24:15,726 - INFO - Epoch: [24][500/924] Loss: 0.1732 MAE: 0.3029 LR: 0.005000
2024-04-23 18:24:34,155 - INFO - Epoch: [24][600/924] Loss: 0.1789 MAE: 0.3032 LR: 0.005000
2024-04-23 18:24:52,672 - INFO - Epoch: [24][700/924] Loss: 0.1560 MAE: 0.3032 LR: 0.005000
2024-04-23 18:25:11,224 - INFO - Epoch: [24][800/924] Loss: 0.1965 MAE: 0.3032 LR: 0.005000
2024-04-23 18:25:29,968 - INFO - Epoch: [24][900/924] Loss: 0.1799 MAE: 0.3033 LR: 0.005000
2024-04-23 18:25:33,936 - INFO - Epoch: [24][923/924] Loss: 0.1764 MAE: 0.3033 LR: 0.005000
2024-04-23 18:25:41,791 - INFO - Epoch: [24][39/40] Val Loss: 0.1440 Val MAE: 0.3026
2024-04-23 18:25:41,828 - INFO - Training Loss: 0.1763705015182495
2024-04-23 18:25:41,828 - INFO - Training MAE: 0.30330809425094946
2024-04-23 18:25:41,828 - INFO - Training Time: 172.23148894309998s
2024-04-23 18:25:41,829 - INFO - Validation Loss: 0.14400933682918549
2024-04-23 18:25:41,829 - INFO - Validation MAE: 0.3025633803844452
2024-04-23 18:25:41,829 - INFO - Validation Time: 7.777991533279419s
2024-04-23 18:25:41,829 - INFO - New best model and val_loss updated
2024-04-23 18:25:42,848 - INFO - Epoch: [25][0/924] Loss: 0.1953 MAE: 0.3111 LR: 0.005000
2024-04-23 18:26:01,498 - INFO - Epoch: [25][100/924] Loss: 0.1501 MAE: 0.3023 LR: 0.005000
2024-04-23 18:26:20,336 - INFO - Epoch: [25][200/924] Loss: 0.1671 MAE: 0.3025 LR: 0.005000
2024-04-23 18:26:39,259 - INFO - Epoch: [25][300/924] Loss: 0.1689 MAE: 0.3030 LR: 0.005000
2024-04-23 18:26:57,673 - INFO - Epoch: [25][400/924] Loss: 0.1750 MAE: 0.3031 LR: 0.005000
2024-04-23 18:27:16,336 - INFO - Epoch: [25][500/924] Loss: 0.1714 MAE: 0.3030 LR: 0.005000
2024-04-23 18:27:34,669 - INFO - Epoch: [25][600/924] Loss: 0.1745 MAE: 0.3028 LR: 0.005000
2024-04-23 18:27:53,151 - INFO - Epoch: [25][700/924] Loss: 0.1654 MAE: 0.3025 LR: 0.005000
2024-04-23 18:28:11,591 - INFO - Epoch: [25][800/924] Loss: 0.1889 MAE: 0.3026 LR: 0.005000
2024-04-23 18:28:30,554 - INFO - Epoch: [25][900/924] Loss: 0.1704 MAE: 0.3024 LR: 0.005000
2024-04-23 18:28:34,925 - INFO - Epoch: [25][923/924] Loss: 0.1784 MAE: 0.3026 LR: 0.005000
2024-04-23 18:28:43,564 - INFO - Epoch: [25][39/40] Val Loss: 0.1850 Val MAE: 0.3086
2024-04-23 18:28:43,605 - INFO - Training Loss: 0.1784147173166275
2024-04-23 18:28:43,605 - INFO - Training MAE: 0.302554175483458
2024-04-23 18:28:43,605 - INFO - Training Time: 173.21030473709106s
2024-04-23 18:28:43,606 - INFO - Validation Loss: 0.1850433498620987
2024-04-23 18:28:43,606 - INFO - Validation MAE: 0.30862799639701843
2024-04-23 18:28:43,606 - INFO - Validation Time: 8.565278053283691s
2024-04-23 18:28:44,646 - INFO - Epoch: [26][0/924] Loss: 0.1857 MAE: 0.3120 LR: 0.005000
2024-04-23 18:29:03,166 - INFO - Epoch: [26][100/924] Loss: 0.1620 MAE: 0.3007 LR: 0.005000
2024-04-23 18:29:21,855 - INFO - Epoch: [26][200/924] Loss: 0.1878 MAE: 0.3012 LR: 0.005000
2024-04-23 18:29:40,340 - INFO - Epoch: [26][300/924] Loss: 0.1747 MAE: 0.3019 LR: 0.005000
2024-04-23 18:29:58,845 - INFO - Epoch: [26][400/924] Loss: 0.1825 MAE: 0.3024 LR: 0.005000
2024-04-23 18:30:17,368 - INFO - Epoch: [26][500/924] Loss: 0.1834 MAE: 0.3020 LR: 0.005000
2024-04-23 18:30:35,698 - INFO - Epoch: [26][600/924] Loss: 0.1687 MAE: 0.3017 LR: 0.005000
2024-04-23 18:30:54,462 - INFO - Epoch: [26][700/924] Loss: 0.1880 MAE: 0.3018 LR: 0.005000
2024-04-23 18:31:12,930 - INFO - Epoch: [26][800/924] Loss: 0.1935 MAE: 0.3019 LR: 0.005000
2024-04-23 18:31:31,597 - INFO - Epoch: [26][900/924] Loss: 0.1820 MAE: 0.3015 LR: 0.005000
2024-04-23 18:31:35,631 - INFO - Epoch: [26][923/924] Loss: 0.1827 MAE: 0.3015 LR: 0.005000
2024-04-23 18:31:43,480 - INFO - Epoch: [26][39/40] Val Loss: 0.2224 Val MAE: 0.3011
2024-04-23 18:31:43,518 - INFO - Training Loss: 0.18272636830806732
2024-04-23 18:31:43,518 - INFO - Training MAE: 0.30151981670103034
2024-04-23 18:31:43,518 - INFO - Training Time: 172.14172983169556s
2024-04-23 18:31:43,518 - INFO - Validation Loss: 0.2223893404006958
2024-04-23 18:31:43,518 - INFO - Validation MAE: 0.3010654874801636
2024-04-23 18:31:43,518 - INFO - Validation Time: 7.769988775253296s
2024-04-23 18:31:44,567 - INFO - Epoch: [27][0/924] Loss: 0.1738 MAE: 0.3070 LR: 0.005000
2024-04-23 18:32:03,075 - INFO - Epoch: [27][100/924] Loss: 0.1735 MAE: 0.3022 LR: 0.005000
2024-04-23 18:32:21,591 - INFO - Epoch: [27][200/924] Loss: 0.1800 MAE: 0.3005 LR: 0.005000
2024-04-23 18:32:40,107 - INFO - Epoch: [27][300/924] Loss: 0.1778 MAE: 0.3003 LR: 0.005000
2024-04-23 18:32:58,930 - INFO - Epoch: [27][400/924] Loss: 0.1762 MAE: 0.3003 LR: 0.005000
2024-04-23 18:33:17,617 - INFO - Epoch: [27][500/924] Loss: 0.1755 MAE: 0.3005 LR: 0.005000
2024-04-23 18:33:36,059 - INFO - Epoch: [27][600/924] Loss: 0.1719 MAE: 0.3003 LR: 0.005000
2024-04-23 18:33:54,690 - INFO - Epoch: [27][700/924] Loss: 0.1679 MAE: 0.3001 LR: 0.005000
2024-04-23 18:34:13,122 - INFO - Epoch: [27][800/924] Loss: 0.1810 MAE: 0.3003 LR: 0.005000
2024-04-23 18:34:31,617 - INFO - Epoch: [27][900/924] Loss: 0.1871 MAE: 0.3006 LR: 0.005000
2024-04-23 18:34:35,588 - INFO - Epoch: [27][923/924] Loss: 0.1727 MAE: 0.3005 LR: 0.005000
2024-04-23 18:34:43,407 - INFO - Epoch: [27][39/40] Val Loss: 0.1772 Val MAE: 0.2973
2024-04-23 18:34:43,442 - INFO - Training Loss: 0.17273490130901337
2024-04-23 18:34:43,442 - INFO - Training MAE: 0.30053426712364345
2024-04-23 18:34:43,442 - INFO - Training Time: 172.1825761795044s
2024-04-23 18:34:43,442 - INFO - Validation Loss: 0.177194282412529
2024-04-23 18:34:43,442 - INFO - Validation MAE: 0.2972827027320862
2024-04-23 18:34:43,442 - INFO - Validation Time: 7.739699363708496s
2024-04-23 18:34:44,472 - INFO - Epoch: [28][0/924] Loss: 0.1641 MAE: 0.2880 LR: 0.005000
2024-04-23 18:35:02,985 - INFO - Epoch: [28][100/924] Loss: 0.1649 MAE: 0.2989 LR: 0.005000
2024-04-23 18:35:21,367 - INFO - Epoch: [28][200/924] Loss: 0.1694 MAE: 0.2991 LR: 0.005000
2024-04-23 18:35:40,121 - INFO - Epoch: [28][300/924] Loss: 0.1633 MAE: 0.2993 LR: 0.005000
2024-04-23 18:35:58,393 - INFO - Epoch: [28][400/924] Loss: 0.1658 MAE: 0.2993 LR: 0.005000
2024-04-23 18:36:16,767 - INFO - Epoch: [28][500/924] Loss: 0.1600 MAE: 0.2995 LR: 0.005000
2024-04-23 18:36:35,349 - INFO - Epoch: [28][600/924] Loss: 0.1619 MAE: 0.2994 LR: 0.005000
2024-04-23 18:36:54,144 - INFO - Epoch: [28][700/924] Loss: 0.1691 MAE: 0.2995 LR: 0.005000
2024-04-23 18:37:12,703 - INFO - Epoch: [28][800/924] Loss: 0.1732 MAE: 0.2998 LR: 0.005000
2024-04-23 18:37:31,143 - INFO - Epoch: [28][900/924] Loss: 0.1792 MAE: 0.2998 LR: 0.005000
2024-04-23 18:37:35,529 - INFO - Epoch: [28][923/924] Loss: 0.1744 MAE: 0.2998 LR: 0.005000
2024-04-23 18:37:43,483 - INFO - Epoch: [28][39/40] Val Loss: 0.1969 Val MAE: 0.3037
2024-04-23 18:37:43,518 - INFO - Training Loss: 0.17444787919521332
2024-04-23 18:37:43,518 - INFO - Training MAE: 0.29980451120184615
2024-04-23 18:37:43,518 - INFO - Training Time: 172.20150709152222s
2024-04-23 18:37:43,518 - INFO - Validation Loss: 0.19685830175876617
2024-04-23 18:37:43,518 - INFO - Validation MAE: 0.30373299112319946
2024-04-23 18:37:43,518 - INFO - Validation Time: 7.873574256896973s
2024-04-23 18:37:44,560 - INFO - Epoch: [29][0/924] Loss: 0.1756 MAE: 0.3024 LR: 0.005000
2024-04-23 18:38:05,048 - INFO - Epoch: [29][100/924] Loss: 0.1809 MAE: 0.3007 LR: 0.005000
2024-04-23 18:38:23,504 - INFO - Epoch: [29][200/924] Loss: 0.1881 MAE: 0.3004 LR: 0.005000
2024-04-23 18:38:42,128 - INFO - Epoch: [29][300/924] Loss: 0.1639 MAE: 0.3004 LR: 0.005000
2024-04-23 18:39:00,465 - INFO - Epoch: [29][400/924] Loss: 0.1682 MAE: 0.3002 LR: 0.005000
2024-04-23 18:39:19,003 - INFO - Epoch: [29][500/924] Loss: 0.1774 MAE: 0.3002 LR: 0.005000
2024-04-23 18:39:37,572 - INFO - Epoch: [29][600/924] Loss: 0.1879 MAE: 0.2998 LR: 0.005000
2024-04-23 18:39:56,099 - INFO - Epoch: [29][700/924] Loss: 0.1882 MAE: 0.2994 LR: 0.005000
2024-04-23 18:40:14,826 - INFO - Epoch: [29][800/924] Loss: 0.1795 MAE: 0.2992 LR: 0.005000
2024-04-23 18:40:33,327 - INFO - Epoch: [29][900/924] Loss: 0.1839 MAE: 0.2993 LR: 0.005000
2024-04-23 18:40:37,617 - INFO - Epoch: [29][923/924] Loss: 0.1546 MAE: 0.2993 LR: 0.005000
2024-04-23 18:40:45,456 - INFO - Epoch: [29][39/40] Val Loss: 0.1839 Val MAE: 0.2985
2024-04-23 18:40:45,495 - INFO - Training Loss: 0.15458901226520538
2024-04-23 18:40:45,495 - INFO - Training MAE: 0.2992574218096155
2024-04-23 18:40:45,495 - INFO - Training Time: 174.20961689949036s
2024-04-23 18:40:45,495 - INFO - Validation Loss: 0.18389974534511566
2024-04-23 18:40:45,495 - INFO - Validation MAE: 0.29846539511680603
2024-04-23 18:40:45,495 - INFO - Validation Time: 7.766051292419434s
2024-04-23 18:40:46,583 - INFO - Epoch: [30][0/924] Loss: 0.1832 MAE: 0.3077 LR: 0.005000
2024-04-23 18:41:05,289 - INFO - Epoch: [30][100/924] Loss: 0.1559 MAE: 0.2990 LR: 0.005000
2024-04-23 18:41:23,777 - INFO - Epoch: [30][200/924] Loss: 0.1664 MAE: 0.2996 LR: 0.005000
2024-04-23 18:41:42,255 - INFO - Epoch: [30][300/924] Loss: 0.1619 MAE: 0.2999 LR: 0.005000
2024-04-23 18:42:00,679 - INFO - Epoch: [30][400/924] Loss: 0.1635 MAE: 0.2999 LR: 0.005000
2024-04-23 18:42:19,323 - INFO - Epoch: [30][500/924] Loss: 0.1672 MAE: 0.2997 LR: 0.005000
2024-04-23 18:42:38,066 - INFO - Epoch: [30][600/924] Loss: 0.1772 MAE: 0.2995 LR: 0.005000
2024-04-23 18:42:56,583 - INFO - Epoch: [30][700/924] Loss: 0.1854 MAE: 0.2994 LR: 0.005000
2024-04-23 18:43:15,158 - INFO - Epoch: [30][800/924] Loss: 0.1714 MAE: 0.2994 LR: 0.005000
2024-04-23 18:43:33,705 - INFO - Epoch: [30][900/924] Loss: 0.1748 MAE: 0.2996 LR: 0.005000
2024-04-23 18:43:37,759 - INFO - Epoch: [30][923/924] Loss: 0.1774 MAE: 0.2997 LR: 0.005000
2024-04-23 18:43:45,642 - INFO - Epoch: [30][39/40] Val Loss: 0.1518 Val MAE: 0.3010
2024-04-23 18:43:47,524 - INFO - Training Loss: 0.1774217039346695
2024-04-23 18:43:47,524 - INFO - Training MAE: 0.29968799805486357
2024-04-23 18:43:47,524 - INFO - Training Time: 172.37933921813965s
2024-04-23 18:43:47,524 - INFO - Validation Loss: 0.1518326848745346
2024-04-23 18:43:47,524 - INFO - Validation MAE: 0.30095190954208373
2024-04-23 18:43:47,524 - INFO - Validation Time: 7.801318168640137s
2024-04-23 18:43:58,525 - INFO - Number of PET training samples: 5173
2024-04-23 18:44:00,059 - INFO - Starting fine tune loop
2024-04-23 18:46:59,528 - INFO - Epoch 1: Training Loss = 1.32728, Training Dice Score = 0.40879,Training Binary Dice Score = 0.34148
2024-04-23 18:47:32,013 - INFO - Epoch 1: Validation Loss = 0.68436, Validation Dice Score = 0.23095,Validation Binary Dice Score = 0.23169
2024-04-23 18:47:32,013 - INFO - New best model and val_loss updated
2024-04-23 18:48:02,342 - INFO - Epoch 2: Training Loss = 1.31147, Training Dice Score = 0.46107,Training Binary Dice Score = 0.46139
2024-04-23 18:48:06,406 - INFO - Epoch 2: Validation Loss = 0.67985, Validation Dice Score = 0.39210,Validation Binary Dice Score = 0.39217
2024-04-23 18:48:06,406 - INFO - New best model and val_loss updated
2024-04-23 18:48:35,986 - INFO - Epoch 3: Training Loss = 1.31449, Training Dice Score = 0.41898,Training Binary Dice Score = 0.41930
2024-04-23 18:48:40,106 - INFO - Epoch 3: Validation Loss = 0.66365, Validation Dice Score = 0.28389,Validation Binary Dice Score = 0.28386
2024-04-23 18:48:40,106 - INFO - New best model and val_loss updated
2024-04-23 18:49:09,755 - INFO - Epoch 4: Training Loss = 1.32721, Training Dice Score = 0.32542,Training Binary Dice Score = 0.32552
2024-04-23 18:49:13,840 - INFO - Epoch 4: Validation Loss = 0.66920, Validation Dice Score = 0.12420,Validation Binary Dice Score = 0.12352
2024-04-23 18:49:43,766 - INFO - Epoch 5: Training Loss = 1.32263, Training Dice Score = 0.31139,Training Binary Dice Score = 0.31119
2024-04-23 18:49:47,714 - INFO - Epoch 5: Validation Loss = 0.67554, Validation Dice Score = 0.51277,Validation Binary Dice Score = 0.51280
2024-04-23 18:50:17,792 - INFO - Epoch 6: Training Loss = 1.30559, Training Dice Score = 0.47544,Training Binary Dice Score = 0.47551
2024-04-23 18:50:21,845 - INFO - Epoch 6: Validation Loss = 0.64943, Validation Dice Score = 0.43158,Validation Binary Dice Score = 0.43374
2024-04-23 18:50:21,845 - INFO - New best model and val_loss updated
2024-04-23 18:50:50,331 - INFO - Epoch 7: Training Loss = 1.30861, Training Dice Score = 0.44874,Training Binary Dice Score = 0.44785
2024-04-23 18:50:54,003 - INFO - Epoch 7: Validation Loss = 0.64582, Validation Dice Score = 0.58335,Validation Binary Dice Score = 0.58353
2024-04-23 18:50:54,003 - INFO - New best model and val_loss updated
2024-04-23 18:51:24,501 - INFO - Epoch 8: Training Loss = 1.28561, Training Dice Score = 0.51115,Training Binary Dice Score = 0.51121
2024-04-23 18:51:28,540 - INFO - Epoch 8: Validation Loss = 0.64734, Validation Dice Score = 0.39731,Validation Binary Dice Score = 0.39856
2024-04-23 18:51:59,064 - INFO - Epoch 9: Training Loss = 1.27849, Training Dice Score = 0.55560,Training Binary Dice Score = 0.55585
2024-04-23 18:52:03,055 - INFO - Epoch 9: Validation Loss = 0.64813, Validation Dice Score = 0.54816,Validation Binary Dice Score = 0.54818
2024-04-23 18:52:33,196 - INFO - Epoch 10: Training Loss = 1.29309, Training Dice Score = 0.53071,Training Binary Dice Score = 0.53073
2024-04-23 18:52:37,183 - INFO - Epoch 10: Validation Loss = 0.66199, Validation Dice Score = 0.16901,Validation Binary Dice Score = 0.17024
2024-04-23 18:53:07,373 - INFO - Epoch 11: Training Loss = 1.28873, Training Dice Score = 0.48060,Training Binary Dice Score = 0.48081
2024-04-23 18:53:11,279 - INFO - Epoch 11: Validation Loss = 0.65756, Validation Dice Score = 0.56472,Validation Binary Dice Score = 0.56474
2024-04-23 18:53:41,523 - INFO - Epoch 12: Training Loss = 1.29397, Training Dice Score = 0.54898,Training Binary Dice Score = 0.54901
2024-04-23 18:53:45,658 - INFO - Epoch 12: Validation Loss = 0.65655, Validation Dice Score = 0.32548,Validation Binary Dice Score = 0.32556
2024-04-23 18:54:15,622 - INFO - Epoch 13: Training Loss = 1.29050, Training Dice Score = 0.49308,Training Binary Dice Score = 0.49312
2024-04-23 18:54:19,522 - INFO - Epoch 13: Validation Loss = 0.64728, Validation Dice Score = 0.59576,Validation Binary Dice Score = 0.59581
2024-04-23 18:54:50,051 - INFO - Epoch 14: Training Loss = 1.27714, Training Dice Score = 0.58221,Training Binary Dice Score = 0.58228
2024-04-23 18:54:54,128 - INFO - Epoch 14: Validation Loss = 0.64133, Validation Dice Score = 0.57484,Validation Binary Dice Score = 0.57491
2024-04-23 18:54:54,128 - INFO - New best model and val_loss updated
2024-04-23 18:55:24,007 - INFO - Epoch 15: Training Loss = 1.27230, Training Dice Score = 0.56510,Training Binary Dice Score = 0.56517
2024-04-23 18:55:28,074 - INFO - Epoch 15: Validation Loss = 0.63474, Validation Dice Score = 0.54201,Validation Binary Dice Score = 0.54219
2024-04-23 18:55:28,074 - INFO - New best model and val_loss updated
2024-04-23 18:55:57,836 - INFO - Epoch 16: Training Loss = 1.26238, Training Dice Score = 0.62211,Training Binary Dice Score = 0.62220
2024-04-23 18:56:01,574 - INFO - Epoch 16: Validation Loss = 0.64192, Validation Dice Score = 0.56067,Validation Binary Dice Score = 0.56081
2024-04-23 18:56:31,815 - INFO - Epoch 17: Training Loss = 1.29007, Training Dice Score = 0.52999,Training Binary Dice Score = 0.53008
2024-04-23 18:56:35,929 - INFO - Epoch 17: Validation Loss = 0.65904, Validation Dice Score = 0.25553,Validation Binary Dice Score = 0.25563
2024-04-23 18:57:05,527 - INFO - Epoch 18: Training Loss = 1.30473, Training Dice Score = 0.42820,Training Binary Dice Score = 0.42831
2024-04-23 18:57:09,566 - INFO - Epoch 18: Validation Loss = 0.64830, Validation Dice Score = 0.42446,Validation Binary Dice Score = 0.42471
2024-04-23 18:57:39,016 - INFO - Epoch 19: Training Loss = 1.28110, Training Dice Score = 0.55497,Training Binary Dice Score = 0.55543
2024-04-23 18:57:42,997 - INFO - Epoch 19: Validation Loss = 0.64059, Validation Dice Score = 0.56138,Validation Binary Dice Score = 0.56202
2024-04-23 18:58:13,101 - INFO - Epoch 20: Training Loss = 1.27303, Training Dice Score = 0.55575,Training Binary Dice Score = 0.55914
2024-04-23 18:58:16,531 - INFO - Epoch 20: Validation Loss = 0.63863, Validation Dice Score = 0.62078,Validation Binary Dice Score = 0.62138
2024-04-23 18:58:46,165 - INFO - Epoch 21: Training Loss = 1.26561, Training Dice Score = 0.59228,Training Binary Dice Score = 0.59273
2024-04-23 18:58:50,058 - INFO - Epoch 21: Validation Loss = 0.63497, Validation Dice Score = 0.54214,Validation Binary Dice Score = 0.54288
2024-04-23 18:59:20,167 - INFO - Epoch 22: Training Loss = 1.27236, Training Dice Score = 0.57548,Training Binary Dice Score = 0.57645
2024-04-23 18:59:24,183 - INFO - Epoch 22: Validation Loss = 0.63499, Validation Dice Score = 0.58727,Validation Binary Dice Score = 0.59021
2024-04-23 18:59:54,209 - INFO - Epoch 23: Training Loss = 1.25959, Training Dice Score = 0.60738,Training Binary Dice Score = 0.61176
2024-04-23 18:59:58,236 - INFO - Epoch 23: Validation Loss = 0.62794, Validation Dice Score = 0.62587,Validation Binary Dice Score = 0.62613
2024-04-23 18:59:58,236 - INFO - New best model and val_loss updated
2024-04-23 19:00:28,187 - INFO - Epoch 24: Training Loss = 1.25639, Training Dice Score = 0.62232,Training Binary Dice Score = 0.62247
2024-04-23 19:00:32,076 - INFO - Epoch 24: Validation Loss = 0.63482, Validation Dice Score = 0.53986,Validation Binary Dice Score = 0.53993
2024-04-23 19:01:02,075 - INFO - Epoch 25: Training Loss = 1.27002, Training Dice Score = 0.56518,Training Binary Dice Score = 0.56525
2024-04-23 19:01:06,036 - INFO - Epoch 25: Validation Loss = 0.63220, Validation Dice Score = 0.61529,Validation Binary Dice Score = 0.61542
2024-04-23 19:01:36,088 - INFO - Epoch 26: Training Loss = 1.27693, Training Dice Score = 0.58689,Training Binary Dice Score = 0.58698
2024-04-23 19:01:40,006 - INFO - Epoch 26: Validation Loss = 0.63726, Validation Dice Score = 0.52890,Validation Binary Dice Score = 0.52895
2024-04-23 19:02:09,808 - INFO - Epoch 27: Training Loss = 1.26583, Training Dice Score = 0.55321,Training Binary Dice Score = 0.55333
2024-04-23 19:02:13,830 - INFO - Epoch 27: Validation Loss = 0.64010, Validation Dice Score = 0.64917,Validation Binary Dice Score = 0.64919
2024-04-23 19:02:43,670 - INFO - Epoch 28: Training Loss = 1.25604, Training Dice Score = 0.63640,Training Binary Dice Score = 0.63652
2024-04-23 19:02:47,719 - INFO - Epoch 28: Validation Loss = 0.64518, Validation Dice Score = 0.37990,Validation Binary Dice Score = 0.38008
2024-04-23 19:03:17,837 - INFO - Epoch 29: Training Loss = 1.26432, Training Dice Score = 0.58357,Training Binary Dice Score = 0.58375
2024-04-23 19:03:21,784 - INFO - Epoch 29: Validation Loss = 0.63330, Validation Dice Score = 0.57146,Validation Binary Dice Score = 0.57167
2024-04-23 19:03:51,605 - INFO - Epoch 30: Training Loss = 1.26240, Training Dice Score = 0.60383,Training Binary Dice Score = 0.60414
2024-04-23 19:03:55,702 - INFO - Epoch 30: Validation Loss = 0.63031, Validation Dice Score = 0.60420,Validation Binary Dice Score = 0.60473
2024-04-23 19:03:55,825 - INFO - Evaluating fine tuned model
2024-04-23 19:03:55,825 - INFO - Total batches expected: 12
2024-04-23 19:04:24,447 - INFO - Test Loss: 0.63023
2024-04-23 19:04:24,447 - INFO - Accuracy: 0.79279
2024-04-23 19:04:24,447 - INFO - IoU: 0.49957
2024-04-23 19:04:24,447 - INFO - Sensitivity: 0.69572
2024-04-23 19:04:24,447 - INFO - Specificity: 0.83376
2024-04-23 19:04:24,447 - INFO - Precision: 0.63904
2024-04-23 19:04:24,447 - INFO - F1 Score: 0.66614
2024-04-23 19:04:24,447 - INFO - Dice Coefficient (Soft): 0.41558
2024-04-23 19:04:24,447 - INFO - Dice Coefficient (Binary): 0.43644
