2024-04-23 09:34:16,733 - INFO - Logging started
2024-04-23 09:34:16,734 - INFO - Logging initiated from: main.py
2024-04-23 09:35:33,999 - INFO - Setting seed value: 42
2024-04-23 09:35:34,007 - INFO - All command-line arguments and their parsed values:
2024-04-23 09:35:34,007 - INFO - root_dir: ./
2024-04-23 09:35:34,007 - INFO - wandb_project: comp0197-ADL-CW2-MAE
2024-04-23 09:35:34,007 - INFO - seed: 42
2024-04-23 09:35:34,007 - INFO - num_workers: 4
2024-04-23 09:35:34,007 - INFO - batch_size: 128
2024-04-23 09:35:34,007 - INFO - image_size: 224
2024-04-23 09:35:34,007 - INFO - patch_size: 16
2024-04-23 09:35:34,007 - INFO - data_path: ./data
2024-04-23 09:35:34,008 - INFO - output_dir: ./output_dir
2024-04-23 09:35:34,008 - INFO - mask_ratio: 0.75
2024-04-23 09:35:34,008 - INFO - weight_decay: 0.0001
2024-04-23 09:35:34,008 - INFO - lr: 0.005
2024-04-23 09:35:34,008 - INFO - noise: gaussian
2024-04-23 09:35:34,008 - INFO - baseline: 0
2024-04-23 09:35:34,008 - INFO - dataset: coco
2024-04-23 09:35:34,008 - INFO - mask_sampling: random
2024-04-23 09:35:34,008 - INFO - fine_tune_size: 0.5
2024-04-23 09:35:34,008 - INFO - out_dir: 
2024-04-23 09:35:34,008 - INFO - block_mask_ratio: 0.5
2024-04-23 09:35:34,008 - INFO - debug: 0
2024-04-23 09:35:34,008 - INFO - epochs: 30
2024-04-23 09:35:34,008 - INFO - enc_projection_dim: 128
2024-04-23 09:35:34,008 - INFO - dec_projection_dim: 64
2024-04-23 09:35:34,008 - INFO - enc_num_heads: 4
2024-04-23 09:35:34,008 - INFO - dec_num_heads: 4
2024-04-23 09:35:34,008 - INFO - enc_layers: 6
2024-04-23 09:35:34,008 - INFO - dec_layers: 2
2024-04-23 09:35:34,008 - INFO - Getting dataloaders
2024-04-23 09:35:34,016 - INFO - loading annotations into memory...
2024-04-23 09:35:40,091 - INFO - Done (t=6.07s)
2024-04-23 09:35:40,091 - INFO - creating index...
2024-04-23 09:35:40,448 - INFO - index created!
2024-04-23 09:35:40,464 - INFO - loading annotations into memory...
2024-04-23 09:35:41,340 - INFO - Done (t=0.88s)
2024-04-23 09:35:41,340 - INFO - creating index...
2024-04-23 09:35:41,352 - INFO - index created!
2024-04-23 09:35:41,352 - INFO - Number of training samples: 118287
2024-04-23 09:35:41,352 - INFO - Getting data loaders completed, returning data loaders
2024-04-23 09:35:41,428 - INFO - Starting PRE-Training loop
2024-04-23 09:35:42,725 - INFO - Epoch: [1][0/924] Loss: 0.4629 MAE: 0.5617 LR: 0.005000
2024-04-23 09:36:02,166 - INFO - Epoch: [1][100/924] Loss: 0.2030 MAE: 0.4032 LR: 0.005000
2024-04-23 09:36:21,802 - INFO - Epoch: [1][200/924] Loss: 0.1348 MAE: 0.3584 LR: 0.005000
2024-04-23 09:36:41,406 - INFO - Epoch: [1][300/924] Loss: 0.1221 MAE: 0.3269 LR: 0.005000
2024-04-23 09:37:01,150 - INFO - Epoch: [1][400/924] Loss: 0.1178 MAE: 0.3086 LR: 0.005000
2024-04-23 09:37:20,787 - INFO - Epoch: [1][500/924] Loss: 0.1068 MAE: 0.2941 LR: 0.005000
2024-04-23 09:37:42,030 - INFO - Epoch: [1][600/924] Loss: 0.1082 MAE: 0.2829 LR: 0.005000
2024-04-23 09:38:03,539 - INFO - Epoch: [1][700/924] Loss: 0.0995 MAE: 0.2744 LR: 0.005000
2024-04-23 09:38:24,955 - INFO - Epoch: [1][800/924] Loss: 0.1029 MAE: 0.2675 LR: 0.005000
2024-04-23 09:38:49,097 - INFO - Epoch: [1][900/924] Loss: 0.0994 MAE: 0.2617 LR: 0.005000
2024-04-23 09:38:53,834 - INFO - Epoch: [1][923/924] Loss: 0.0895 MAE: 0.2606 LR: 0.005000
2024-04-23 09:39:04,090 - INFO - Epoch: [1][39/40] Val Loss: 0.1159 Val MAE: 0.2120
2024-04-23 09:39:04,144 - INFO - Training Loss: 0.08953385055065155
2024-04-23 09:39:04,144 - INFO - Training MAE: 0.26057939815185804
2024-04-23 09:39:04,144 - INFO - Training Time: 192.5134687423706s
2024-04-23 09:39:04,144 - INFO - Validation Loss: 0.11589836329221725
2024-04-23 09:39:04,144 - INFO - Validation MAE: 0.21200738008022307
2024-04-23 09:39:04,145 - INFO - Validation Time: 10.202376127243042s
2024-04-23 09:39:08,005 - INFO - New best model and val_loss updated
2024-04-23 09:39:09,159 - INFO - Epoch: [2][0/924] Loss: 0.0984 MAE: 0.2074 LR: 0.005000
2024-04-23 09:39:32,892 - INFO - Epoch: [2][100/924] Loss: 0.0969 MAE: 0.2124 LR: 0.005000
2024-04-23 09:39:56,724 - INFO - Epoch: [2][200/924] Loss: 0.0961 MAE: 0.2113 LR: 0.005000
2024-04-23 09:40:20,555 - INFO - Epoch: [2][300/924] Loss: 0.0978 MAE: 0.2101 LR: 0.005000
2024-04-23 09:40:44,209 - INFO - Epoch: [2][400/924] Loss: 0.1008 MAE: 0.2093 LR: 0.005000
2024-04-23 09:41:07,762 - INFO - Epoch: [2][500/924] Loss: 0.0949 MAE: 0.2085 LR: 0.005000
2024-04-23 09:41:31,243 - INFO - Epoch: [2][600/924] Loss: 0.0947 MAE: 0.2080 LR: 0.005000
2024-04-23 09:41:54,854 - INFO - Epoch: [2][700/924] Loss: 0.0968 MAE: 0.2074 LR: 0.005000
2024-04-23 09:42:18,243 - INFO - Epoch: [2][800/924] Loss: 0.0965 MAE: 0.2069 LR: 0.005000
2024-04-23 09:42:41,773 - INFO - Epoch: [2][900/924] Loss: 0.0985 MAE: 0.2064 LR: 0.005000
2024-04-23 09:42:47,284 - INFO - Epoch: [2][923/924] Loss: 0.0950 MAE: 0.2063 LR: 0.005000
2024-04-23 09:42:56,394 - INFO - Epoch: [2][39/40] Val Loss: 0.0999 Val MAE: 0.2024
2024-04-23 09:42:56,443 - INFO - Training Loss: 0.09497489780187607
2024-04-23 09:42:56,443 - INFO - Training MAE: 0.20629858267513704
2024-04-23 09:42:56,443 - INFO - Training Time: 219.39514088630676s
2024-04-23 09:42:56,443 - INFO - Validation Loss: 0.09985660761594772
2024-04-23 09:42:56,443 - INFO - Validation MAE: 0.2024040377140045
2024-04-23 09:42:56,443 - INFO - Validation Time: 9.041114330291748s
2024-04-23 09:42:56,444 - INFO - New best model and val_loss updated
2024-04-23 09:42:57,539 - INFO - Epoch: [3][0/924] Loss: 0.0916 MAE: 0.1995 LR: 0.005000
2024-04-23 09:43:19,255 - INFO - Epoch: [3][100/924] Loss: 0.0967 MAE: 0.2017 LR: 0.005000
2024-04-23 09:43:41,104 - INFO - Epoch: [3][200/924] Loss: 0.0842 MAE: 0.2011 LR: 0.005000
2024-04-23 09:44:02,909 - INFO - Epoch: [3][300/924] Loss: 0.0958 MAE: 0.2008 LR: 0.005000
2024-04-23 09:44:24,707 - INFO - Epoch: [3][400/924] Loss: 0.0856 MAE: 0.2003 LR: 0.005000
2024-04-23 09:44:46,450 - INFO - Epoch: [3][500/924] Loss: 0.0943 MAE: 0.2003 LR: 0.005000
2024-04-23 09:45:07,492 - INFO - Epoch: [3][600/924] Loss: 0.0901 MAE: 0.2001 LR: 0.005000
2024-04-23 09:45:27,687 - INFO - Epoch: [3][700/924] Loss: 0.0868 MAE: 0.1999 LR: 0.005000
2024-04-23 09:45:48,208 - INFO - Epoch: [3][800/924] Loss: 0.0890 MAE: 0.1997 LR: 0.005000
2024-04-23 09:46:08,029 - INFO - Epoch: [3][900/924] Loss: 0.0881 MAE: 0.1995 LR: 0.005000
2024-04-23 09:46:12,535 - INFO - Epoch: [3][923/924] Loss: 0.0853 MAE: 0.1995 LR: 0.005000
2024-04-23 09:46:20,809 - INFO - Epoch: [3][39/40] Val Loss: 0.1067 Val MAE: 0.1962
2024-04-23 09:46:20,852 - INFO - Training Loss: 0.08527100086212158
2024-04-23 09:46:20,852 - INFO - Training MAE: 0.1994829611667307
2024-04-23 09:46:20,852 - INFO - Training Time: 196.20814418792725s
2024-04-23 09:46:20,853 - INFO - Validation Loss: 0.10669483989477158
2024-04-23 09:46:20,853 - INFO - Validation MAE: 0.19618872413635255
2024-04-23 09:46:20,853 - INFO - Validation Time: 8.199632406234741s
2024-04-23 09:46:21,936 - INFO - Epoch: [4][0/924] Loss: 0.0831 MAE: 0.1893 LR: 0.005000
2024-04-23 09:46:41,682 - INFO - Epoch: [4][100/924] Loss: 0.0852 MAE: 0.1976 LR: 0.005000
2024-04-23 09:47:01,516 - INFO - Epoch: [4][200/924] Loss: 0.0870 MAE: 0.1972 LR: 0.005000
2024-04-23 09:47:21,314 - INFO - Epoch: [4][300/924] Loss: 0.0866 MAE: 0.1967 LR: 0.005000
2024-04-23 09:47:40,965 - INFO - Epoch: [4][400/924] Loss: 0.0865 MAE: 0.1965 LR: 0.005000
2024-04-23 09:48:00,406 - INFO - Epoch: [4][500/924] Loss: 0.0805 MAE: 0.1962 LR: 0.005000
2024-04-23 09:48:19,980 - INFO - Epoch: [4][600/924] Loss: 0.0910 MAE: 0.1958 LR: 0.005000
2024-04-23 09:48:39,999 - INFO - Epoch: [4][700/924] Loss: 0.0820 MAE: 0.1955 LR: 0.005000
2024-04-23 09:48:59,303 - INFO - Epoch: [4][800/924] Loss: 0.0901 MAE: 0.1953 LR: 0.005000
2024-04-23 09:49:18,990 - INFO - Epoch: [4][900/924] Loss: 0.0789 MAE: 0.1951 LR: 0.005000
2024-04-23 09:49:23,161 - INFO - Epoch: [4][923/924] Loss: 0.0920 MAE: 0.1951 LR: 0.005000
2024-04-23 09:49:31,344 - INFO - Epoch: [4][39/40] Val Loss: 0.0958 Val MAE: 0.1925
2024-04-23 09:49:31,390 - INFO - Training Loss: 0.09204618632793427
2024-04-23 09:49:31,390 - INFO - Training MAE: 0.19506876673791315
2024-04-23 09:49:31,390 - INFO - Training Time: 182.42051005363464s
2024-04-23 09:49:31,390 - INFO - Validation Loss: 0.09584083408117294
2024-04-23 09:49:31,390 - INFO - Validation MAE: 0.1924570062160492
2024-04-23 09:49:31,390 - INFO - Validation Time: 8.115931749343872s
2024-04-23 09:49:31,390 - INFO - New best model and val_loss updated
2024-04-23 09:49:32,452 - INFO - Epoch: [5][0/924] Loss: 0.0916 MAE: 0.1969 LR: 0.005000
2024-04-23 09:49:51,602 - INFO - Epoch: [5][100/924] Loss: 0.0871 MAE: 0.1927 LR: 0.005000
2024-04-23 09:50:10,952 - INFO - Epoch: [5][200/924] Loss: 0.0833 MAE: 0.1925 LR: 0.005000
2024-04-23 09:50:30,331 - INFO - Epoch: [5][300/924] Loss: 0.0813 MAE: 0.1926 LR: 0.005000
2024-04-23 09:50:50,015 - INFO - Epoch: [5][400/924] Loss: 0.0821 MAE: 0.1924 LR: 0.005000
2024-04-23 09:51:09,606 - INFO - Epoch: [5][500/924] Loss: 0.0835 MAE: 0.1923 LR: 0.005000
2024-04-23 09:51:28,668 - INFO - Epoch: [5][600/924] Loss: 0.0882 MAE: 0.1921 LR: 0.005000
2024-04-23 09:51:47,683 - INFO - Epoch: [5][700/924] Loss: 0.0864 MAE: 0.1921 LR: 0.005000
2024-04-23 09:52:06,686 - INFO - Epoch: [5][800/924] Loss: 0.0856 MAE: 0.1919 LR: 0.005000
2024-04-23 09:52:26,000 - INFO - Epoch: [5][900/924] Loss: 0.0762 MAE: 0.1918 LR: 0.005000
2024-04-23 09:52:30,543 - INFO - Epoch: [5][923/924] Loss: 0.0873 MAE: 0.1917 LR: 0.005000
2024-04-23 09:52:38,879 - INFO - Epoch: [5][39/40] Val Loss: 0.0900 Val MAE: 0.1905
2024-04-23 09:52:38,923 - INFO - Training Loss: 0.08725088834762573
2024-04-23 09:52:38,923 - INFO - Training MAE: 0.19174738618589582
2024-04-23 09:52:38,923 - INFO - Training Time: 179.2679476737976s
2024-04-23 09:52:38,923 - INFO - Validation Loss: 0.08996410667896271
2024-04-23 09:52:38,923 - INFO - Validation MAE: 0.19054207158088685
2024-04-23 09:52:38,923 - INFO - Validation Time: 8.263415098190308s
2024-04-23 09:52:38,923 - INFO - New best model and val_loss updated
2024-04-23 09:52:40,030 - INFO - Epoch: [6][0/924] Loss: 0.0827 MAE: 0.1907 LR: 0.005000
2024-04-23 09:52:59,533 - INFO - Epoch: [6][100/924] Loss: 0.0887 MAE: 0.1903 LR: 0.005000
2024-04-23 09:53:19,398 - INFO - Epoch: [6][200/924] Loss: 0.0852 MAE: 0.1901 LR: 0.005000
2024-04-23 09:53:38,818 - INFO - Epoch: [6][300/924] Loss: 0.0901 MAE: 0.1898 LR: 0.005000
2024-04-23 09:53:58,391 - INFO - Epoch: [6][400/924] Loss: 0.0815 MAE: 0.1898 LR: 0.005000
2024-04-23 09:54:18,012 - INFO - Epoch: [6][500/924] Loss: 0.0869 MAE: 0.1896 LR: 0.005000
2024-04-23 09:54:38,444 - INFO - Epoch: [6][600/924] Loss: 0.0807 MAE: 0.1894 LR: 0.005000
2024-04-23 09:54:58,523 - INFO - Epoch: [6][700/924] Loss: 0.0894 MAE: 0.1892 LR: 0.005000
2024-04-23 09:55:18,233 - INFO - Epoch: [6][800/924] Loss: 0.0831 MAE: 0.1891 LR: 0.005000
2024-04-23 09:55:38,103 - INFO - Epoch: [6][900/924] Loss: 0.0782 MAE: 0.1890 LR: 0.005000
2024-04-23 09:55:42,646 - INFO - Epoch: [6][923/924] Loss: 0.0844 MAE: 0.1890 LR: 0.005000
2024-04-23 09:55:50,829 - INFO - Epoch: [6][39/40] Val Loss: 0.0895 Val MAE: 0.1909
2024-04-23 09:55:50,879 - INFO - Training Loss: 0.08438485115766525
2024-04-23 09:55:50,879 - INFO - Training MAE: 0.18901947450328183
2024-04-23 09:55:50,879 - INFO - Training Time: 183.84006428718567s
2024-04-23 09:55:50,879 - INFO - Validation Loss: 0.08945241570472717
2024-04-23 09:55:50,879 - INFO - Validation MAE: 0.19094871909618377
2024-04-23 09:55:50,879 - INFO - Validation Time: 8.114891529083252s
2024-04-23 09:55:50,879 - INFO - New best model and val_loss updated
2024-04-23 09:55:51,877 - INFO - Epoch: [7][0/924] Loss: 0.0810 MAE: 0.1901 LR: 0.005000
2024-04-23 09:56:11,404 - INFO - Epoch: [7][100/924] Loss: 0.0749 MAE: 0.1873 LR: 0.005000
2024-04-23 09:56:30,808 - INFO - Epoch: [7][200/924] Loss: 0.0904 MAE: 0.1881 LR: 0.005000
2024-04-23 09:56:50,234 - INFO - Epoch: [7][300/924] Loss: 0.0818 MAE: 0.1879 LR: 0.005000
2024-04-23 09:57:09,606 - INFO - Epoch: [7][400/924] Loss: 0.0829 MAE: 0.1877 LR: 0.005000
2024-04-23 09:57:28,929 - INFO - Epoch: [7][500/924] Loss: 0.0837 MAE: 0.1875 LR: 0.005000
2024-04-23 09:57:48,163 - INFO - Epoch: [7][600/924] Loss: 0.0843 MAE: 0.1875 LR: 0.005000
2024-04-23 09:58:07,717 - INFO - Epoch: [7][700/924] Loss: 0.0857 MAE: 0.1874 LR: 0.005000
2024-04-23 09:58:27,059 - INFO - Epoch: [7][800/924] Loss: 0.0838 MAE: 0.1873 LR: 0.005000
2024-04-23 09:58:46,588 - INFO - Epoch: [7][900/924] Loss: 0.0829 MAE: 0.1872 LR: 0.005000
2024-04-23 09:58:50,796 - INFO - Epoch: [7][923/924] Loss: 0.0867 MAE: 0.1872 LR: 0.005000
2024-04-23 09:58:59,048 - INFO - Epoch: [7][39/40] Val Loss: 0.0919 Val MAE: 0.1857
2024-04-23 09:58:59,095 - INFO - Training Loss: 0.08673521131277084
2024-04-23 09:58:59,095 - INFO - Training MAE: 0.18722472326967107
2024-04-23 09:58:59,095 - INFO - Training Time: 180.03437900543213s
2024-04-23 09:58:59,095 - INFO - Validation Loss: 0.0919310450553894
2024-04-23 09:58:59,095 - INFO - Validation MAE: 0.18572952172756196
2024-04-23 09:58:59,095 - INFO - Validation Time: 8.180234432220459s
2024-04-23 09:59:00,197 - INFO - Epoch: [8][0/924] Loss: 0.0824 MAE: 0.1873 LR: 0.005000
2024-04-23 09:59:19,348 - INFO - Epoch: [8][100/924] Loss: 0.0823 MAE: 0.1859 LR: 0.005000
2024-04-23 09:59:38,856 - INFO - Epoch: [8][200/924] Loss: 0.0761 MAE: 0.1866 LR: 0.005000
2024-04-23 09:59:57,962 - INFO - Epoch: [8][300/924] Loss: 0.0845 MAE: 0.1864 LR: 0.005000
2024-04-23 10:00:17,455 - INFO - Epoch: [8][400/924] Loss: 0.0845 MAE: 0.1862 LR: 0.005000
2024-04-23 10:00:37,115 - INFO - Epoch: [8][500/924] Loss: 0.0811 MAE: 0.1864 LR: 0.005000
2024-04-23 10:00:56,704 - INFO - Epoch: [8][600/924] Loss: 0.0844 MAE: 0.1864 LR: 0.005000
2024-04-23 10:01:15,988 - INFO - Epoch: [8][700/924] Loss: 0.0807 MAE: 0.1863 LR: 0.005000
2024-04-23 10:01:35,042 - INFO - Epoch: [8][800/924] Loss: 0.0786 MAE: 0.1861 LR: 0.005000
2024-04-23 10:01:54,845 - INFO - Epoch: [8][900/924] Loss: 0.0872 MAE: 0.1860 LR: 0.005000
2024-04-23 10:02:00,360 - INFO - Epoch: [8][923/924] Loss: 0.0836 MAE: 0.1860 LR: 0.005000
2024-04-23 10:02:08,544 - INFO - Epoch: [8][39/40] Val Loss: 0.1021 Val MAE: 0.1852
2024-04-23 10:02:08,591 - INFO - Training Loss: 0.08355879038572311
2024-04-23 10:02:08,591 - INFO - Training MAE: 0.18598091645867793
2024-04-23 10:02:08,591 - INFO - Training Time: 181.38043785095215s
2024-04-23 10:02:08,591 - INFO - Validation Loss: 0.10214918851852417
2024-04-23 10:02:08,591 - INFO - Validation MAE: 0.18524147343635558
2024-04-23 10:02:08,591 - INFO - Validation Time: 8.114326000213623s
2024-04-23 10:02:09,662 - INFO - Epoch: [9][0/924] Loss: 0.0821 MAE: 0.1832 LR: 0.005000
2024-04-23 10:02:29,920 - INFO - Epoch: [9][100/924] Loss: 0.0786 MAE: 0.1857 LR: 0.005000
2024-04-23 10:02:49,918 - INFO - Epoch: [9][200/924] Loss: 0.0876 MAE: 0.1859 LR: 0.005000
2024-04-23 10:03:10,569 - INFO - Epoch: [9][300/924] Loss: 0.0834 MAE: 0.1858 LR: 0.005000
2024-04-23 10:03:31,246 - INFO - Epoch: [9][400/924] Loss: 0.0827 MAE: 0.1858 LR: 0.005000
2024-04-23 10:03:51,517 - INFO - Epoch: [9][500/924] Loss: 0.0818 MAE: 0.1855 LR: 0.005000
2024-04-23 10:04:12,158 - INFO - Epoch: [9][600/924] Loss: 0.0791 MAE: 0.1855 LR: 0.005000
2024-04-23 10:04:32,677 - INFO - Epoch: [9][700/924] Loss: 0.0815 MAE: 0.1853 LR: 0.005000
2024-04-23 10:04:53,169 - INFO - Epoch: [9][800/924] Loss: 0.0826 MAE: 0.1851 LR: 0.005000
2024-04-23 10:05:13,770 - INFO - Epoch: [9][900/924] Loss: 0.0831 MAE: 0.1850 LR: 0.005000
2024-04-23 10:05:19,290 - INFO - Epoch: [9][923/924] Loss: 0.0763 MAE: 0.1850 LR: 0.005000
2024-04-23 10:05:27,936 - INFO - Epoch: [9][39/40] Val Loss: 0.0853 Val MAE: 0.1834
2024-04-23 10:05:27,980 - INFO - Training Loss: 0.07634251564741135
2024-04-23 10:05:27,980 - INFO - Training MAE: 0.185004441140147
2024-04-23 10:05:27,980 - INFO - Training Time: 190.81883120536804s
2024-04-23 10:05:27,981 - INFO - Validation Loss: 0.08528059720993042
2024-04-23 10:05:27,981 - INFO - Validation MAE: 0.18340606315135957
2024-04-23 10:05:27,981 - INFO - Validation Time: 8.56972622871399s
2024-04-23 10:05:27,981 - INFO - New best model and val_loss updated
2024-04-23 10:05:29,095 - INFO - Epoch: [10][0/924] Loss: 0.0776 MAE: 0.1782 LR: 0.005000
2024-04-23 10:05:49,876 - INFO - Epoch: [10][100/924] Loss: 0.0784 MAE: 0.1855 LR: 0.005000
2024-04-23 10:06:12,445 - INFO - Epoch: [10][200/924] Loss: 0.0790 MAE: 0.1852 LR: 0.005000
2024-04-23 10:06:32,697 - INFO - Epoch: [10][300/924] Loss: 0.0781 MAE: 0.1849 LR: 0.005000
2024-04-23 10:06:53,163 - INFO - Epoch: [10][400/924] Loss: 0.0824 MAE: 0.1846 LR: 0.005000
2024-04-23 10:07:13,832 - INFO - Epoch: [10][500/924] Loss: 0.0821 MAE: 0.1846 LR: 0.005000
2024-04-23 10:07:34,361 - INFO - Epoch: [10][600/924] Loss: 0.0748 MAE: 0.1845 LR: 0.005000
2024-04-23 10:07:55,000 - INFO - Epoch: [10][700/924] Loss: 0.0831 MAE: 0.1845 LR: 0.005000
2024-04-23 10:08:15,426 - INFO - Epoch: [10][800/924] Loss: 0.0762 MAE: 0.1843 LR: 0.005000
2024-04-23 10:08:36,323 - INFO - Epoch: [10][900/924] Loss: 0.0842 MAE: 0.1842 LR: 0.005000
2024-04-23 10:08:41,221 - INFO - Epoch: [10][923/924] Loss: 0.0771 MAE: 0.1842 LR: 0.005000
2024-04-23 10:08:49,817 - INFO - Epoch: [10][39/40] Val Loss: 0.0879 Val MAE: 0.1837
2024-04-23 10:08:49,862 - INFO - Training Loss: 0.07712596654891968
2024-04-23 10:08:49,862 - INFO - Training MAE: 0.18418413097466224
2024-04-23 10:08:49,862 - INFO - Training Time: 193.3558406829834s
2024-04-23 10:08:49,862 - INFO - Validation Loss: 0.08794788271188736
2024-04-23 10:08:49,862 - INFO - Validation MAE: 0.18374024696350097
2024-04-23 10:08:49,862 - INFO - Validation Time: 8.524134159088135s
2024-04-23 10:08:50,946 - INFO - Epoch: [11][0/924] Loss: 0.0865 MAE: 0.1897 LR: 0.005000
2024-04-23 10:09:11,111 - INFO - Epoch: [11][100/924] Loss: 0.0871 MAE: 0.1831 LR: 0.005000
2024-04-23 10:09:31,602 - INFO - Epoch: [11][200/924] Loss: 0.0848 MAE: 0.1836 LR: 0.005000
2024-04-23 10:09:52,106 - INFO - Epoch: [11][300/924] Loss: 0.0835 MAE: 0.1836 LR: 0.005000
2024-04-23 10:10:12,563 - INFO - Epoch: [11][400/924] Loss: 0.0787 MAE: 0.1838 LR: 0.005000
2024-04-23 10:10:33,038 - INFO - Epoch: [11][500/924] Loss: 0.0821 MAE: 0.1837 LR: 0.005000
2024-04-23 10:10:53,252 - INFO - Epoch: [11][600/924] Loss: 0.0742 MAE: 0.1838 LR: 0.005000
2024-04-23 10:11:13,528 - INFO - Epoch: [11][700/924] Loss: 0.0825 MAE: 0.1836 LR: 0.005000
2024-04-23 10:11:33,574 - INFO - Epoch: [11][800/924] Loss: 0.0826 MAE: 0.1835 LR: 0.005000
2024-04-23 10:11:54,214 - INFO - Epoch: [11][900/924] Loss: 0.0792 MAE: 0.1835 LR: 0.005000
2024-04-23 10:11:58,873 - INFO - Epoch: [11][923/924] Loss: 0.0882 MAE: 0.1835 LR: 0.005000
2024-04-23 10:12:07,153 - INFO - Epoch: [11][39/40] Val Loss: 0.0832 Val MAE: 0.1864
2024-04-23 10:12:07,203 - INFO - Training Loss: 0.08823641389608383
2024-04-23 10:12:07,203 - INFO - Training MAE: 0.1835082398961375
2024-04-23 10:12:07,203 - INFO - Training Time: 189.1260039806366s
2024-04-23 10:12:07,203 - INFO - Validation Loss: 0.08323444426059723
2024-04-23 10:12:07,203 - INFO - Validation MAE: 0.18644259867668153
2024-04-23 10:12:07,203 - INFO - Validation Time: 8.214173316955566s
2024-04-23 10:12:07,203 - INFO - New best model and val_loss updated
2024-04-23 10:12:08,213 - INFO - Epoch: [12][0/924] Loss: 0.0824 MAE: 0.1865 LR: 0.005000
2024-04-23 10:12:28,192 - INFO - Epoch: [12][100/924] Loss: 0.0793 MAE: 0.1837 LR: 0.005000
2024-04-23 10:12:47,669 - INFO - Epoch: [12][200/924] Loss: 0.0834 MAE: 0.1836 LR: 0.005000
2024-04-23 10:13:07,373 - INFO - Epoch: [12][300/924] Loss: 0.0785 MAE: 0.1833 LR: 0.005000
2024-04-23 10:13:27,101 - INFO - Epoch: [12][400/924] Loss: 0.0744 MAE: 0.1832 LR: 0.005000
2024-04-23 10:13:46,371 - INFO - Epoch: [12][500/924] Loss: 0.0783 MAE: 0.1831 LR: 0.005000
2024-04-23 10:14:05,728 - INFO - Epoch: [12][600/924] Loss: 0.0785 MAE: 0.1830 LR: 0.005000
2024-04-23 10:14:25,235 - INFO - Epoch: [12][700/924] Loss: 0.0752 MAE: 0.1830 LR: 0.005000
2024-04-23 10:14:44,892 - INFO - Epoch: [12][800/924] Loss: 0.0750 MAE: 0.1830 LR: 0.005000
2024-04-23 10:15:04,454 - INFO - Epoch: [12][900/924] Loss: 0.0806 MAE: 0.1830 LR: 0.005000
2024-04-23 10:15:08,483 - INFO - Epoch: [12][923/924] Loss: 0.0772 MAE: 0.1830 LR: 0.005000
2024-04-23 10:15:16,719 - INFO - Epoch: [12][39/40] Val Loss: 0.0818 Val MAE: 0.1833
2024-04-23 10:15:16,764 - INFO - Training Loss: 0.07723695039749146
2024-04-23 10:15:16,764 - INFO - Training MAE: 0.18296780587210285
2024-04-23 10:15:16,764 - INFO - Training Time: 181.39599180221558s
2024-04-23 10:15:16,764 - INFO - Validation Loss: 0.08181207627058029
2024-04-23 10:15:16,764 - INFO - Validation MAE: 0.1833039272546768
2024-04-23 10:15:16,764 - INFO - Validation Time: 8.163766860961914s
2024-04-23 10:15:16,764 - INFO - New best model and val_loss updated
2024-04-23 10:15:17,803 - INFO - Epoch: [13][0/924] Loss: 0.0804 MAE: 0.1829 LR: 0.005000
2024-04-23 10:15:37,183 - INFO - Epoch: [13][100/924] Loss: 0.0812 MAE: 0.1831 LR: 0.005000
2024-04-23 10:15:56,961 - INFO - Epoch: [13][200/924] Loss: 0.0800 MAE: 0.1832 LR: 0.005000
2024-04-23 10:16:16,440 - INFO - Epoch: [13][300/924] Loss: 0.0854 MAE: 0.1831 LR: 0.005000
2024-04-23 10:16:35,951 - INFO - Epoch: [13][400/924] Loss: 0.0849 MAE: 0.1832 LR: 0.005000
2024-04-23 10:16:55,260 - INFO - Epoch: [13][500/924] Loss: 0.0792 MAE: 0.1831 LR: 0.005000
2024-04-23 10:17:15,047 - INFO - Epoch: [13][600/924] Loss: 0.0803 MAE: 0.1827 LR: 0.005000
2024-04-23 10:17:35,685 - INFO - Epoch: [13][700/924] Loss: 0.0830 MAE: 0.1827 LR: 0.005000
2024-04-23 10:17:55,029 - INFO - Epoch: [13][800/924] Loss: 0.0779 MAE: 0.1826 LR: 0.005000
2024-04-23 10:18:14,319 - INFO - Epoch: [13][900/924] Loss: 0.0752 MAE: 0.1826 LR: 0.005000
2024-04-23 10:18:18,779 - INFO - Epoch: [13][923/924] Loss: 0.0770 MAE: 0.1826 LR: 0.005000
2024-04-23 10:18:26,879 - INFO - Epoch: [13][39/40] Val Loss: 0.0875 Val MAE: 0.1838
2024-04-23 10:18:26,924 - INFO - Training Loss: 0.07699677348136902
2024-04-23 10:18:26,924 - INFO - Training MAE: 0.1825580619017541
2024-04-23 10:18:26,924 - INFO - Training Time: 182.13285064697266s
2024-04-23 10:18:26,924 - INFO - Validation Loss: 0.08748110383749008
2024-04-23 10:18:26,925 - INFO - Validation MAE: 0.18381739416122436
2024-04-23 10:18:26,925 - INFO - Validation Time: 8.026275634765625s
2024-04-23 10:18:27,950 - INFO - Epoch: [14][0/924] Loss: 0.0850 MAE: 0.1930 LR: 0.005000
2024-04-23 10:18:47,329 - INFO - Epoch: [14][100/924] Loss: 0.0814 MAE: 0.1819 LR: 0.005000
2024-04-23 10:19:06,481 - INFO - Epoch: [14][200/924] Loss: 0.0744 MAE: 0.1817 LR: 0.005000
2024-04-23 10:19:25,847 - INFO - Epoch: [14][300/924] Loss: 0.0780 MAE: 0.1820 LR: 0.005000
2024-04-23 10:19:45,386 - INFO - Epoch: [14][400/924] Loss: 0.0823 MAE: 0.1822 LR: 0.005000
2024-04-23 10:20:04,618 - INFO - Epoch: [14][500/924] Loss: 0.0729 MAE: 0.1823 LR: 0.005000
2024-04-23 10:20:24,123 - INFO - Epoch: [14][600/924] Loss: 0.0800 MAE: 0.1823 LR: 0.005000
2024-04-23 10:20:43,367 - INFO - Epoch: [14][700/924] Loss: 0.0857 MAE: 0.1822 LR: 0.005000
2024-04-23 10:21:02,921 - INFO - Epoch: [14][800/924] Loss: 0.0809 MAE: 0.1822 LR: 0.005000
2024-04-23 10:21:22,191 - INFO - Epoch: [14][900/924] Loss: 0.0769 MAE: 0.1821 LR: 0.005000
2024-04-23 10:21:26,723 - INFO - Epoch: [14][923/924] Loss: 0.0761 MAE: 0.1821 LR: 0.005000
2024-04-23 10:21:34,857 - INFO - Epoch: [14][39/40] Val Loss: 0.0817 Val MAE: 0.1822
2024-04-23 10:21:34,909 - INFO - Training Loss: 0.07611804455518723
2024-04-23 10:21:34,909 - INFO - Training MAE: 0.18207139536351352
2024-04-23 10:21:34,909 - INFO - Training Time: 179.91306328773499s
2024-04-23 10:21:34,909 - INFO - Validation Loss: 0.08173482120037079
2024-04-23 10:21:34,909 - INFO - Validation MAE: 0.18218762502670288
2024-04-23 10:21:34,909 - INFO - Validation Time: 8.07033395767212s
2024-04-23 10:21:34,910 - INFO - New best model and val_loss updated
2024-04-23 10:21:35,997 - INFO - Epoch: [15][0/924] Loss: 0.0781 MAE: 0.1799 LR: 0.005000
2024-04-23 10:21:55,186 - INFO - Epoch: [15][100/924] Loss: 0.0844 MAE: 0.1811 LR: 0.005000
2024-04-23 10:22:14,347 - INFO - Epoch: [15][200/924] Loss: 0.0790 MAE: 0.1814 LR: 0.005000
2024-04-23 10:22:33,445 - INFO - Epoch: [15][300/924] Loss: 0.0806 MAE: 0.1815 LR: 0.005000
2024-04-23 10:22:52,810 - INFO - Epoch: [15][400/924] Loss: 0.0780 MAE: 0.1815 LR: 0.005000
2024-04-23 10:23:11,915 - INFO - Epoch: [15][500/924] Loss: 0.0810 MAE: 0.1815 LR: 0.005000
2024-04-23 10:23:31,606 - INFO - Epoch: [15][600/924] Loss: 0.0812 MAE: 0.1816 LR: 0.005000
2024-04-23 10:23:50,552 - INFO - Epoch: [15][700/924] Loss: 0.0819 MAE: 0.1817 LR: 0.005000
2024-04-23 10:24:09,588 - INFO - Epoch: [15][800/924] Loss: 0.0796 MAE: 0.1817 LR: 0.005000
2024-04-23 10:24:28,669 - INFO - Epoch: [15][900/924] Loss: 0.0767 MAE: 0.1817 LR: 0.005000
2024-04-23 10:24:33,169 - INFO - Epoch: [15][923/924] Loss: 0.0864 MAE: 0.1818 LR: 0.005000
2024-04-23 10:24:41,309 - INFO - Epoch: [15][39/40] Val Loss: 0.0835 Val MAE: 0.1823
2024-04-23 10:24:41,359 - INFO - Training Loss: 0.0863962173461914
2024-04-23 10:24:41,359 - INFO - Training MAE: 0.18179294125084236
2024-04-23 10:24:41,359 - INFO - Training Time: 178.37214350700378s
2024-04-23 10:24:41,359 - INFO - Validation Loss: 0.08350445330142975
2024-04-23 10:24:41,359 - INFO - Validation MAE: 0.18233747429847716
2024-04-23 10:24:41,359 - INFO - Validation Time: 8.076297044754028s
2024-04-23 10:24:42,382 - INFO - Epoch: [16][0/924] Loss: 0.0790 MAE: 0.1799 LR: 0.005000
2024-04-23 10:25:02,072 - INFO - Epoch: [16][100/924] Loss: 0.0748 MAE: 0.1815 LR: 0.005000
2024-04-23 10:25:21,401 - INFO - Epoch: [16][200/924] Loss: 0.0806 MAE: 0.1816 LR: 0.005000
2024-04-23 10:25:41,165 - INFO - Epoch: [16][300/924] Loss: 0.0761 MAE: 0.1814 LR: 0.005000
2024-04-23 10:26:00,572 - INFO - Epoch: [16][400/924] Loss: 0.0808 MAE: 0.1815 LR: 0.005000
2024-04-23 10:26:19,978 - INFO - Epoch: [16][500/924] Loss: 0.0830 MAE: 0.1815 LR: 0.005000
2024-04-23 10:26:39,349 - INFO - Epoch: [16][600/924] Loss: 0.0786 MAE: 0.1814 LR: 0.005000
2024-04-23 10:26:58,762 - INFO - Epoch: [16][700/924] Loss: 0.0805 MAE: 0.1814 LR: 0.005000
2024-04-23 10:27:18,105 - INFO - Epoch: [16][800/924] Loss: 0.0822 MAE: 0.1814 LR: 0.005000
2024-04-23 10:27:37,212 - INFO - Epoch: [16][900/924] Loss: 0.0782 MAE: 0.1813 LR: 0.005000
2024-04-23 10:27:41,375 - INFO - Epoch: [16][923/924] Loss: 0.0818 MAE: 0.1814 LR: 0.005000
2024-04-23 10:27:49,517 - INFO - Epoch: [16][39/40] Val Loss: 0.0837 Val MAE: 0.1810
2024-04-23 10:27:49,564 - INFO - Training Loss: 0.08182255923748016
2024-04-23 10:27:49,564 - INFO - Training MAE: 0.1813861931879799
2024-04-23 10:27:49,564 - INFO - Training Time: 180.13404870033264s
2024-04-23 10:27:49,564 - INFO - Validation Loss: 0.0837482139468193
2024-04-23 10:27:49,564 - INFO - Validation MAE: 0.1809806658744812
2024-04-23 10:27:49,564 - INFO - Validation Time: 8.069808721542358s
2024-04-23 10:27:50,530 - INFO - Epoch: [17][0/924] Loss: 0.0815 MAE: 0.1821 LR: 0.005000
2024-04-23 10:28:09,779 - INFO - Epoch: [17][100/924] Loss: 0.0706 MAE: 0.1820 LR: 0.005000
2024-04-23 10:28:28,909 - INFO - Epoch: [17][200/924] Loss: 0.0853 MAE: 0.1817 LR: 0.005000
2024-04-23 10:28:48,169 - INFO - Epoch: [17][300/924] Loss: 0.0846 MAE: 0.1817 LR: 0.005000
2024-04-23 10:29:07,336 - INFO - Epoch: [17][400/924] Loss: 0.0794 MAE: 0.1815 LR: 0.005000
2024-04-23 10:29:26,704 - INFO - Epoch: [17][500/924] Loss: 0.0750 MAE: 0.1815 LR: 0.005000
2024-04-23 10:29:45,759 - INFO - Epoch: [17][600/924] Loss: 0.0776 MAE: 0.1813 LR: 0.005000
2024-04-23 10:30:05,259 - INFO - Epoch: [17][700/924] Loss: 0.0786 MAE: 0.1813 LR: 0.005000
2024-04-23 10:30:24,966 - INFO - Epoch: [17][800/924] Loss: 0.0820 MAE: 0.1813 LR: 0.005000
2024-04-23 10:30:44,247 - INFO - Epoch: [17][900/924] Loss: 0.0814 MAE: 0.1814 LR: 0.005000
2024-04-23 10:30:48,444 - INFO - Epoch: [17][923/924] Loss: 0.0837 MAE: 0.1814 LR: 0.005000
2024-04-23 10:30:56,569 - INFO - Epoch: [17][39/40] Val Loss: 0.0887 Val MAE: 0.1826
2024-04-23 10:30:56,616 - INFO - Training Loss: 0.08371903747320175
2024-04-23 10:30:56,616 - INFO - Training MAE: 0.18137850818824974
2024-04-23 10:30:56,616 - INFO - Training Time: 178.99549627304077s
2024-04-23 10:30:56,616 - INFO - Validation Loss: 0.08867198973894119
2024-04-23 10:30:56,616 - INFO - Validation MAE: 0.18257244985103607
2024-04-23 10:30:56,616 - INFO - Validation Time: 8.055112838745117s
2024-04-23 10:30:57,645 - INFO - Epoch: [18][0/924] Loss: 0.0858 MAE: 0.1881 LR: 0.005000
2024-04-23 10:31:17,233 - INFO - Epoch: [18][100/924] Loss: 0.0758 MAE: 0.1819 LR: 0.005000
2024-04-23 10:31:36,724 - INFO - Epoch: [18][200/924] Loss: 0.0797 MAE: 0.1816 LR: 0.005000
2024-04-23 10:31:55,897 - INFO - Epoch: [18][300/924] Loss: 0.0791 MAE: 0.1816 LR: 0.005000
2024-04-23 10:32:15,328 - INFO - Epoch: [18][400/924] Loss: 0.0876 MAE: 0.1814 LR: 0.005000
2024-04-23 10:32:34,492 - INFO - Epoch: [18][500/924] Loss: 0.0817 MAE: 0.1813 LR: 0.005000
2024-04-23 10:32:53,466 - INFO - Epoch: [18][600/924] Loss: 0.0762 MAE: 0.1812 LR: 0.005000
2024-04-23 10:33:12,627 - INFO - Epoch: [18][700/924] Loss: 0.0728 MAE: 0.1810 LR: 0.005000
2024-04-23 10:33:31,580 - INFO - Epoch: [18][800/924] Loss: 0.0760 MAE: 0.1810 LR: 0.005000
2024-04-23 10:33:51,250 - INFO - Epoch: [18][900/924] Loss: 0.0739 MAE: 0.1810 LR: 0.005000
2024-04-23 10:33:55,833 - INFO - Epoch: [18][923/924] Loss: 0.0738 MAE: 0.1810 LR: 0.005000
2024-04-23 10:34:04,088 - INFO - Epoch: [18][39/40] Val Loss: 0.0938 Val MAE: 0.1822
2024-04-23 10:34:04,135 - INFO - Training Loss: 0.07380007952451706
2024-04-23 10:34:04,135 - INFO - Training MAE: 0.1809695799113352
2024-04-23 10:34:04,135 - INFO - Training Time: 179.33191657066345s
2024-04-23 10:34:04,135 - INFO - Validation Loss: 0.09375700354576111
2024-04-23 10:34:04,135 - INFO - Validation MAE: 0.18216414704322814
2024-04-23 10:34:04,135 - INFO - Validation Time: 8.186403036117554s
2024-04-23 10:34:05,161 - INFO - Epoch: [19][0/924] Loss: 0.0782 MAE: 0.1766 LR: 0.005000
2024-04-23 10:34:25,518 - INFO - Epoch: [19][100/924] Loss: 0.0823 MAE: 0.1807 LR: 0.005000
2024-04-23 10:34:45,080 - INFO - Epoch: [19][200/924] Loss: 0.0722 MAE: 0.1807 LR: 0.005000
2024-04-23 10:35:05,281 - INFO - Epoch: [19][300/924] Loss: 0.0785 MAE: 0.1807 LR: 0.005000
2024-04-23 10:35:24,800 - INFO - Epoch: [19][400/924] Loss: 0.0740 MAE: 0.1803 LR: 0.005000
2024-04-23 10:35:44,675 - INFO - Epoch: [19][500/924] Loss: 0.0755 MAE: 0.1805 LR: 0.005000
2024-04-23 10:36:04,376 - INFO - Epoch: [19][600/924] Loss: 0.0811 MAE: 0.1806 LR: 0.005000
2024-04-23 10:36:24,351 - INFO - Epoch: [19][700/924] Loss: 0.0790 MAE: 0.1806 LR: 0.005000
2024-04-23 10:36:44,207 - INFO - Epoch: [19][800/924] Loss: 0.0836 MAE: 0.1807 LR: 0.005000
2024-04-23 10:37:04,129 - INFO - Epoch: [19][900/924] Loss: 0.0777 MAE: 0.1807 LR: 0.005000
2024-04-23 10:37:08,046 - INFO - Epoch: [19][923/924] Loss: 0.0779 MAE: 0.1807 LR: 0.005000
2024-04-23 10:37:16,764 - INFO - Epoch: [19][39/40] Val Loss: 0.0922 Val MAE: 0.1797
2024-04-23 10:37:16,809 - INFO - Training Loss: 0.0778527483344078
2024-04-23 10:37:16,809 - INFO - Training MAE: 0.18065266501464886
2024-04-23 10:37:16,809 - INFO - Training Time: 184.02604746818542s
2024-04-23 10:37:16,809 - INFO - Validation Loss: 0.09218039363622665
2024-04-23 10:37:16,810 - INFO - Validation MAE: 0.17969530255794525
2024-04-23 10:37:16,810 - INFO - Validation Time: 8.646835803985596s
2024-04-23 10:37:17,883 - INFO - Epoch: [20][0/924] Loss: 0.0779 MAE: 0.1797 LR: 0.005000
2024-04-23 10:37:37,775 - INFO - Epoch: [20][100/924] Loss: 0.0799 MAE: 0.1807 LR: 0.005000
2024-04-23 10:37:57,721 - INFO - Epoch: [20][200/924] Loss: 0.0776 MAE: 0.1808 LR: 0.005000
2024-04-23 10:38:18,004 - INFO - Epoch: [20][300/924] Loss: 0.0798 MAE: 0.1810 LR: 0.005000
2024-04-23 10:38:37,789 - INFO - Epoch: [20][400/924] Loss: 0.0791 MAE: 0.1808 LR: 0.005000
2024-04-23 10:38:57,823 - INFO - Epoch: [20][500/924] Loss: 0.0807 MAE: 0.1807 LR: 0.005000
2024-04-23 10:39:17,899 - INFO - Epoch: [20][600/924] Loss: 0.0811 MAE: 0.1805 LR: 0.005000
2024-04-23 10:39:38,095 - INFO - Epoch: [20][700/924] Loss: 0.0808 MAE: 0.1804 LR: 0.005000
2024-04-23 10:39:58,179 - INFO - Epoch: [20][800/924] Loss: 0.0765 MAE: 0.1804 LR: 0.005000
2024-04-23 10:40:18,178 - INFO - Epoch: [20][900/924] Loss: 0.0727 MAE: 0.1804 LR: 0.005000
2024-04-23 10:40:22,951 - INFO - Epoch: [20][923/924] Loss: 0.0751 MAE: 0.1804 LR: 0.005000
2024-04-23 10:40:31,330 - INFO - Epoch: [20][39/40] Val Loss: 0.0947 Val MAE: 0.1836
2024-04-23 10:40:31,380 - INFO - Training Loss: 0.07514302432537079
2024-04-23 10:40:31,380 - INFO - Training MAE: 0.1803556185102824
2024-04-23 10:40:31,380 - INFO - Training Time: 186.26144409179688s
2024-04-23 10:40:31,380 - INFO - Validation Loss: 0.09470134228467941
2024-04-23 10:40:31,380 - INFO - Validation MAE: 0.18364869658946992
2024-04-23 10:40:31,380 - INFO - Validation Time: 8.308170795440674s
2024-04-23 10:40:32,452 - INFO - Epoch: [21][0/924] Loss: 0.0814 MAE: 0.1839 LR: 0.005000
2024-04-23 10:40:52,478 - INFO - Epoch: [21][100/924] Loss: 0.0756 MAE: 0.1803 LR: 0.005000
2024-04-23 10:41:12,151 - INFO - Epoch: [21][200/924] Loss: 0.0786 MAE: 0.1802 LR: 0.005000
2024-04-23 10:41:31,878 - INFO - Epoch: [21][300/924] Loss: 0.0734 MAE: 0.1802 LR: 0.005000
2024-04-23 10:41:52,859 - INFO - Epoch: [21][400/924] Loss: 0.0787 MAE: 0.1802 LR: 0.005000
2024-04-23 10:42:12,937 - INFO - Epoch: [21][500/924] Loss: 0.0760 MAE: 0.1803 LR: 0.005000
2024-04-23 10:42:33,175 - INFO - Epoch: [21][600/924] Loss: 0.0773 MAE: 0.1803 LR: 0.005000
2024-04-23 10:42:53,095 - INFO - Epoch: [21][700/924] Loss: 0.0814 MAE: 0.1803 LR: 0.005000
2024-04-23 10:43:12,939 - INFO - Epoch: [21][800/924] Loss: 0.0796 MAE: 0.1802 LR: 0.005000
2024-04-23 10:43:32,947 - INFO - Epoch: [21][900/924] Loss: 0.0796 MAE: 0.1802 LR: 0.005000
2024-04-23 10:43:37,721 - INFO - Epoch: [21][923/924] Loss: 0.0792 MAE: 0.1802 LR: 0.005000
2024-04-23 10:43:46,337 - INFO - Epoch: [21][39/40] Val Loss: 0.0846 Val MAE: 0.1798
2024-04-23 10:43:46,388 - INFO - Training Loss: 0.07924672961235046
2024-04-23 10:43:46,388 - INFO - Training MAE: 0.18017396606601677
2024-04-23 10:43:46,388 - INFO - Training Time: 186.45583748817444s
2024-04-23 10:43:46,388 - INFO - Validation Loss: 0.08464247733354568
2024-04-23 10:43:46,388 - INFO - Validation MAE: 0.1798478155374527
2024-04-23 10:43:46,388 - INFO - Validation Time: 8.550668716430664s
2024-04-23 10:43:47,572 - INFO - Epoch: [22][0/924] Loss: 0.0805 MAE: 0.1815 LR: 0.005000
2024-04-23 10:44:07,905 - INFO - Epoch: [22][100/924] Loss: 0.0800 MAE: 0.1800 LR: 0.005000
2024-04-23 10:44:28,243 - INFO - Epoch: [22][200/924] Loss: 0.0765 MAE: 0.1802 LR: 0.005000
2024-04-23 10:44:48,618 - INFO - Epoch: [22][300/924] Loss: 0.0826 MAE: 0.1802 LR: 0.005000
2024-04-23 10:45:08,777 - INFO - Epoch: [22][400/924] Loss: 0.0731 MAE: 0.1800 LR: 0.005000
2024-04-23 10:45:28,831 - INFO - Epoch: [22][500/924] Loss: 0.0831 MAE: 0.1800 LR: 0.005000
2024-04-23 10:45:48,848 - INFO - Epoch: [22][600/924] Loss: 0.0702 MAE: 0.1801 LR: 0.005000
2024-04-23 10:46:08,996 - INFO - Epoch: [22][700/924] Loss: 0.0831 MAE: 0.1800 LR: 0.005000
2024-04-23 10:46:29,133 - INFO - Epoch: [22][800/924] Loss: 0.0767 MAE: 0.1800 LR: 0.005000
2024-04-23 10:46:49,424 - INFO - Epoch: [22][900/924] Loss: 0.0785 MAE: 0.1801 LR: 0.005000
2024-04-23 10:46:53,345 - INFO - Epoch: [22][923/924] Loss: 0.0786 MAE: 0.1801 LR: 0.005000
2024-04-23 10:47:01,436 - INFO - Epoch: [22][39/40] Val Loss: 0.0859 Val MAE: 0.1817
2024-04-23 10:47:01,484 - INFO - Training Loss: 0.07864009588956833
2024-04-23 10:47:01,484 - INFO - Training MAE: 0.18009026296985098
2024-04-23 10:47:01,484 - INFO - Training Time: 187.07302331924438s
2024-04-23 10:47:01,484 - INFO - Validation Loss: 0.08586351573467255
2024-04-23 10:47:01,484 - INFO - Validation MAE: 0.18168861181735993
2024-04-23 10:47:01,484 - INFO - Validation Time: 8.021563053131104s
2024-04-23 10:47:02,568 - INFO - Epoch: [23][0/924] Loss: 0.0777 MAE: 0.1813 LR: 0.005000
2024-04-23 10:47:22,020 - INFO - Epoch: [23][100/924] Loss: 0.0854 MAE: 0.1799 LR: 0.005000
2024-04-23 10:47:41,252 - INFO - Epoch: [23][200/924] Loss: 0.0800 MAE: 0.1802 LR: 0.005000
2024-04-23 10:48:00,733 - INFO - Epoch: [23][300/924] Loss: 0.0760 MAE: 0.1798 LR: 0.005000
2024-04-23 10:48:20,230 - INFO - Epoch: [23][400/924] Loss: 0.0815 MAE: 0.1800 LR: 0.005000
2024-04-23 10:48:39,735 - INFO - Epoch: [23][500/924] Loss: 0.0795 MAE: 0.1798 LR: 0.005000
2024-04-23 10:48:59,061 - INFO - Epoch: [23][600/924] Loss: 0.0758 MAE: 0.1798 LR: 0.005000
2024-04-23 10:49:18,926 - INFO - Epoch: [23][700/924] Loss: 0.0817 MAE: 0.1799 LR: 0.005000
2024-04-23 10:49:38,039 - INFO - Epoch: [23][800/924] Loss: 0.0812 MAE: 0.1799 LR: 0.005000
2024-04-23 10:49:57,167 - INFO - Epoch: [23][900/924] Loss: 0.0824 MAE: 0.1799 LR: 0.005000
2024-04-23 10:50:01,269 - INFO - Epoch: [23][923/924] Loss: 0.0767 MAE: 0.1798 LR: 0.005000
2024-04-23 10:50:09,475 - INFO - Epoch: [23][39/40] Val Loss: 0.0813 Val MAE: 0.1800
2024-04-23 10:50:09,523 - INFO - Training Loss: 0.07665736973285675
2024-04-23 10:50:09,523 - INFO - Training MAE: 0.1798498628911002
2024-04-23 10:50:09,523 - INFO - Training Time: 179.90163707733154s
2024-04-23 10:50:09,523 - INFO - Validation Loss: 0.0812869593501091
2024-04-23 10:50:09,523 - INFO - Validation MAE: 0.17995706136226655
2024-04-23 10:50:09,523 - INFO - Validation Time: 8.136116981506348s
2024-04-23 10:50:09,523 - INFO - New best model and val_loss updated
2024-04-23 10:50:10,566 - INFO - Epoch: [24][0/924] Loss: 0.0781 MAE: 0.1774 LR: 0.005000
2024-04-23 10:50:30,027 - INFO - Epoch: [24][100/924] Loss: 0.0738 MAE: 0.1789 LR: 0.005000
2024-04-23 10:50:49,312 - INFO - Epoch: [24][200/924] Loss: 0.0815 MAE: 0.1794 LR: 0.005000
2024-04-23 10:51:08,769 - INFO - Epoch: [24][300/924] Loss: 0.0730 MAE: 0.1795 LR: 0.005000
2024-04-23 10:51:28,761 - INFO - Epoch: [24][400/924] Loss: 0.0803 MAE: 0.1797 LR: 0.005000
2024-04-23 10:51:48,540 - INFO - Epoch: [24][500/924] Loss: 0.0769 MAE: 0.1797 LR: 0.005000
2024-04-23 10:52:08,498 - INFO - Epoch: [24][600/924] Loss: 0.0792 MAE: 0.1796 LR: 0.005000
2024-04-23 10:52:28,710 - INFO - Epoch: [24][700/924] Loss: 0.0725 MAE: 0.1797 LR: 0.005000
2024-04-23 10:52:49,113 - INFO - Epoch: [24][800/924] Loss: 0.0732 MAE: 0.1796 LR: 0.005000
2024-04-23 10:53:09,526 - INFO - Epoch: [24][900/924] Loss: 0.0766 MAE: 0.1796 LR: 0.005000
2024-04-23 10:53:13,898 - INFO - Epoch: [24][923/924] Loss: 0.0773 MAE: 0.1796 LR: 0.005000
2024-04-23 10:53:22,359 - INFO - Epoch: [24][39/40] Val Loss: 0.0949 Val MAE: 0.1784
2024-04-23 10:53:22,402 - INFO - Training Loss: 0.07730670273303986
2024-04-23 10:53:22,402 - INFO - Training MAE: 0.17960944912069804
2024-04-23 10:53:22,402 - INFO - Training Time: 184.4921259880066s
2024-04-23 10:53:22,402 - INFO - Validation Loss: 0.09493477642536163
2024-04-23 10:53:22,403 - INFO - Validation MAE: 0.17840915803909302
2024-04-23 10:53:22,403 - INFO - Validation Time: 8.3860924243927s
2024-04-23 10:53:23,457 - INFO - Epoch: [25][0/924] Loss: 0.0762 MAE: 0.1715 LR: 0.005000
2024-04-23 10:53:43,297 - INFO - Epoch: [25][100/924] Loss: 0.0842 MAE: 0.1805 LR: 0.005000
2024-04-23 10:54:03,164 - INFO - Epoch: [25][200/924] Loss: 0.0809 MAE: 0.1797 LR: 0.005000
2024-04-23 10:54:23,136 - INFO - Epoch: [25][300/924] Loss: 0.0788 MAE: 0.1797 LR: 0.005000
2024-04-23 10:54:43,141 - INFO - Epoch: [25][400/924] Loss: 0.0721 MAE: 0.1796 LR: 0.005000
2024-04-23 10:55:03,292 - INFO - Epoch: [25][500/924] Loss: 0.0797 MAE: 0.1797 LR: 0.005000
2024-04-23 10:55:24,239 - INFO - Epoch: [25][600/924] Loss: 0.0791 MAE: 0.1796 LR: 0.005000
2024-04-23 10:55:44,348 - INFO - Epoch: [25][700/924] Loss: 0.0806 MAE: 0.1796 LR: 0.005000
2024-04-23 10:56:04,566 - INFO - Epoch: [25][800/924] Loss: 0.0760 MAE: 0.1796 LR: 0.005000
2024-04-23 10:56:25,206 - INFO - Epoch: [25][900/924] Loss: 0.0737 MAE: 0.1796 LR: 0.005000
2024-04-23 10:56:29,781 - INFO - Epoch: [25][923/924] Loss: 0.0784 MAE: 0.1796 LR: 0.005000
2024-04-23 10:56:38,400 - INFO - Epoch: [25][39/40] Val Loss: 0.0803 Val MAE: 0.1805
2024-04-23 10:56:38,450 - INFO - Training Loss: 0.07836742699146271
2024-04-23 10:56:38,450 - INFO - Training MAE: 0.17960090664300052
2024-04-23 10:56:38,450 - INFO - Training Time: 187.49465560913086s
2024-04-23 10:56:38,450 - INFO - Validation Loss: 0.08029785752296448
2024-04-23 10:56:38,450 - INFO - Validation MAE: 0.18049171369075775
2024-04-23 10:56:38,450 - INFO - Validation Time: 8.551639556884766s
2024-04-23 10:56:38,450 - INFO - New best model and val_loss updated
2024-04-23 10:56:39,512 - INFO - Epoch: [26][0/924] Loss: 0.0728 MAE: 0.1744 LR: 0.005000
2024-04-23 10:56:59,793 - INFO - Epoch: [26][100/924] Loss: 0.0729 MAE: 0.1793 LR: 0.005000
2024-04-23 10:57:20,115 - INFO - Epoch: [26][200/924] Loss: 0.0761 MAE: 0.1800 LR: 0.005000
2024-04-23 10:57:40,659 - INFO - Epoch: [26][300/924] Loss: 0.0713 MAE: 0.1798 LR: 0.005000
2024-04-23 10:58:01,395 - INFO - Epoch: [26][400/924] Loss: 0.0831 MAE: 0.1795 LR: 0.005000
2024-04-23 10:58:21,834 - INFO - Epoch: [26][500/924] Loss: 0.0751 MAE: 0.1795 LR: 0.005000
2024-04-23 10:58:42,367 - INFO - Epoch: [26][600/924] Loss: 0.0763 MAE: 0.1795 LR: 0.005000
2024-04-23 10:59:03,393 - INFO - Epoch: [26][700/924] Loss: 0.0816 MAE: 0.1794 LR: 0.005000
2024-04-23 10:59:25,560 - INFO - Epoch: [26][800/924] Loss: 0.0746 MAE: 0.1794 LR: 0.005000
2024-04-23 10:59:48,464 - INFO - Epoch: [26][900/924] Loss: 0.0751 MAE: 0.1795 LR: 0.005000
2024-04-23 10:59:53,380 - INFO - Epoch: [26][923/924] Loss: 0.0703 MAE: 0.1795 LR: 0.005000
2024-04-23 11:00:03,242 - INFO - Epoch: [26][39/40] Val Loss: 0.0822 Val MAE: 0.1810
2024-04-23 11:00:03,286 - INFO - Training Loss: 0.07033044099807739
2024-04-23 11:00:03,287 - INFO - Training MAE: 0.17946915228516508
2024-04-23 11:00:03,287 - INFO - Training Time: 195.04581475257874s
2024-04-23 11:00:03,287 - INFO - Validation Loss: 0.08222319930791855
2024-04-23 11:00:03,287 - INFO - Validation MAE: 0.18100156600475312
2024-04-23 11:00:03,287 - INFO - Validation Time: 9.789543390274048s
2024-04-23 11:00:04,431 - INFO - Epoch: [27][0/924] Loss: 0.0728 MAE: 0.1721 LR: 0.005000
2024-04-23 11:00:27,777 - INFO - Epoch: [27][100/924] Loss: 0.0792 MAE: 0.1786 LR: 0.005000
2024-04-23 11:00:51,860 - INFO - Epoch: [27][200/924] Loss: 0.0819 MAE: 0.1790 LR: 0.005000
2024-04-23 11:01:15,501 - INFO - Epoch: [27][300/924] Loss: 0.0736 MAE: 0.1790 LR: 0.005000
2024-04-23 11:01:38,124 - INFO - Epoch: [27][400/924] Loss: 0.0759 MAE: 0.1791 LR: 0.005000
2024-04-23 11:02:00,697 - INFO - Epoch: [27][500/924] Loss: 0.0845 MAE: 0.1791 LR: 0.005000
2024-04-23 11:02:22,713 - INFO - Epoch: [27][600/924] Loss: 0.0822 MAE: 0.1792 LR: 0.005000
2024-04-23 11:02:44,879 - INFO - Epoch: [27][700/924] Loss: 0.0761 MAE: 0.1795 LR: 0.005000
2024-04-23 11:03:07,273 - INFO - Epoch: [27][800/924] Loss: 0.0765 MAE: 0.1794 LR: 0.005000
2024-04-23 11:03:29,852 - INFO - Epoch: [27][900/924] Loss: 0.0795 MAE: 0.1793 LR: 0.005000
2024-04-23 11:03:34,512 - INFO - Epoch: [27][923/924] Loss: 0.0797 MAE: 0.1794 LR: 0.005000
2024-04-23 11:03:43,858 - INFO - Epoch: [27][39/40] Val Loss: 0.0989 Val MAE: 0.1794
2024-04-23 11:03:43,907 - INFO - Training Loss: 0.07966595888137817
2024-04-23 11:03:43,907 - INFO - Training MAE: 0.1793740712977075
2024-04-23 11:03:43,907 - INFO - Training Time: 211.3388500213623s
2024-04-23 11:03:43,907 - INFO - Validation Loss: 0.09891604632139206
2024-04-23 11:03:43,907 - INFO - Validation MAE: 0.1793732254266739
2024-04-23 11:03:43,907 - INFO - Validation Time: 9.280136108398438s
2024-04-23 11:03:45,094 - INFO - Epoch: [28][0/924] Loss: 0.0743 MAE: 0.1743 LR: 0.005000
2024-04-23 11:04:07,096 - INFO - Epoch: [28][100/924] Loss: 0.0795 MAE: 0.1790 LR: 0.005000
2024-04-23 11:04:29,855 - INFO - Epoch: [28][200/924] Loss: 0.0782 MAE: 0.1793 LR: 0.005000
2024-04-23 11:04:52,578 - INFO - Epoch: [28][300/924] Loss: 0.0773 MAE: 0.1792 LR: 0.005000
2024-04-23 11:05:15,631 - INFO - Epoch: [28][400/924] Loss: 0.0803 MAE: 0.1792 LR: 0.005000
2024-04-23 11:05:38,597 - INFO - Epoch: [28][500/924] Loss: 0.0792 MAE: 0.1795 LR: 0.005000
2024-04-23 11:06:01,064 - INFO - Epoch: [28][600/924] Loss: 0.0694 MAE: 0.1793 LR: 0.005000
2024-04-23 11:06:23,952 - INFO - Epoch: [28][700/924] Loss: 0.0800 MAE: 0.1793 LR: 0.005000
2024-04-23 11:06:47,034 - INFO - Epoch: [28][800/924] Loss: 0.0748 MAE: 0.1792 LR: 0.005000
2024-04-23 11:07:09,286 - INFO - Epoch: [28][900/924] Loss: 0.0753 MAE: 0.1792 LR: 0.005000
2024-04-23 11:07:14,531 - INFO - Epoch: [28][923/924] Loss: 0.0799 MAE: 0.1792 LR: 0.005000
2024-04-23 11:07:24,293 - INFO - Epoch: [28][39/40] Val Loss: 0.0793 Val MAE: 0.1796
2024-04-23 11:07:24,344 - INFO - Training Loss: 0.07991372048854828
2024-04-23 11:07:24,344 - INFO - Training MAE: 0.17921398393003454
2024-04-23 11:07:24,345 - INFO - Training Time: 210.73771619796753s
2024-04-23 11:07:24,345 - INFO - Validation Loss: 0.0792989656329155
2024-04-23 11:07:24,345 - INFO - Validation MAE: 0.1796160295009613
2024-04-23 11:07:24,345 - INFO - Validation Time: 9.698675632476807s
2024-04-23 11:07:24,345 - INFO - New best model and val_loss updated
2024-04-23 11:07:25,495 - INFO - Epoch: [29][0/924] Loss: 0.0780 MAE: 0.1800 LR: 0.005000
2024-04-23 11:07:48,244 - INFO - Epoch: [29][100/924] Loss: 0.0792 MAE: 0.1791 LR: 0.005000
2024-04-23 11:08:10,975 - INFO - Epoch: [29][200/924] Loss: 0.0797 MAE: 0.1789 LR: 0.005000
2024-04-23 11:08:33,835 - INFO - Epoch: [29][300/924] Loss: 0.0786 MAE: 0.1792 LR: 0.005000
2024-04-23 11:08:56,946 - INFO - Epoch: [29][400/924] Loss: 0.0797 MAE: 0.1794 LR: 0.005000
2024-04-23 11:09:20,696 - INFO - Epoch: [29][500/924] Loss: 0.0757 MAE: 0.1793 LR: 0.005000
2024-04-23 11:09:41,639 - INFO - Epoch: [29][600/924] Loss: 0.0742 MAE: 0.1794 LR: 0.005000
2024-04-23 11:10:02,626 - INFO - Epoch: [29][700/924] Loss: 0.0715 MAE: 0.1794 LR: 0.005000
2024-04-23 11:10:23,371 - INFO - Epoch: [29][800/924] Loss: 0.0792 MAE: 0.1794 LR: 0.005000
2024-04-23 11:10:44,712 - INFO - Epoch: [29][900/924] Loss: 0.0812 MAE: 0.1793 LR: 0.005000
2024-04-23 11:10:48,892 - INFO - Epoch: [29][923/924] Loss: 0.0781 MAE: 0.1793 LR: 0.005000
2024-04-23 11:10:57,749 - INFO - Epoch: [29][39/40] Val Loss: 0.0839 Val MAE: 0.1805
2024-04-23 11:10:57,795 - INFO - Training Loss: 0.07808525860309601
2024-04-23 11:10:57,796 - INFO - Training MAE: 0.1793174252752618
2024-04-23 11:10:57,796 - INFO - Training Time: 204.66238260269165s
2024-04-23 11:10:57,796 - INFO - Validation Loss: 0.08385008573532104
2024-04-23 11:10:57,796 - INFO - Validation MAE: 0.1804655691385269
2024-04-23 11:10:57,796 - INFO - Validation Time: 8.787271976470947s
2024-04-23 11:10:58,883 - INFO - Epoch: [30][0/924] Loss: 0.0771 MAE: 0.1774 LR: 0.005000
2024-04-23 11:11:19,213 - INFO - Epoch: [30][100/924] Loss: 0.0794 MAE: 0.1794 LR: 0.005000
2024-04-23 11:11:39,762 - INFO - Epoch: [30][200/924] Loss: 0.0792 MAE: 0.1791 LR: 0.005000
2024-04-23 11:12:00,543 - INFO - Epoch: [30][300/924] Loss: 0.0740 MAE: 0.1792 LR: 0.005000
2024-04-23 11:12:21,280 - INFO - Epoch: [30][400/924] Loss: 0.0716 MAE: 0.1793 LR: 0.005000
2024-04-23 11:12:41,800 - INFO - Epoch: [30][500/924] Loss: 0.0753 MAE: 0.1792 LR: 0.005000
2024-04-23 11:13:02,222 - INFO - Epoch: [30][600/924] Loss: 0.0750 MAE: 0.1792 LR: 0.005000
2024-04-23 11:13:22,847 - INFO - Epoch: [30][700/924] Loss: 0.0780 MAE: 0.1792 LR: 0.005000
2024-04-23 11:13:43,628 - INFO - Epoch: [30][800/924] Loss: 0.0706 MAE: 0.1792 LR: 0.005000
2024-04-23 11:14:04,059 - INFO - Epoch: [30][900/924] Loss: 0.0743 MAE: 0.1793 LR: 0.005000
2024-04-23 11:14:08,921 - INFO - Epoch: [30][923/924] Loss: 0.0756 MAE: 0.1793 LR: 0.005000
2024-04-23 11:14:17,527 - INFO - Epoch: [30][39/40] Val Loss: 0.0814 Val MAE: 0.1798
2024-04-23 11:14:17,921 - INFO - Training Loss: 0.0755818709731102
2024-04-23 11:14:17,921 - INFO - Training MAE: 0.17932783938073493
2024-04-23 11:14:17,921 - INFO - Training Time: 191.23840737342834s
2024-04-23 11:14:17,921 - INFO - Validation Loss: 0.08135654032230377
2024-04-23 11:14:17,921 - INFO - Validation MAE: 0.1797944069623947
2024-04-23 11:14:17,921 - INFO - Validation Time: 8.541707754135132s
2024-04-23 11:14:32,413 - INFO - Number of PET training samples: 2586
2024-04-23 11:14:34,498 - INFO - Starting fine tune loop
2024-04-23 11:16:27,939 - INFO - Epoch 1: Training Loss = 1.34735, Training Dice Score = 0.39523,Training Binary Dice Score = 0.16820
2024-04-23 11:16:33,448 - INFO - Epoch 1: Validation Loss = 0.71621, Validation Dice Score = 0.52699,Validation Binary Dice Score = 0.52532
2024-04-23 11:16:33,448 - INFO - New best model and val_loss updated
2024-04-23 11:16:50,884 - INFO - Epoch 2: Training Loss = 1.26941, Training Dice Score = 0.56639,Training Binary Dice Score = 0.57882
2024-04-23 11:16:55,867 - INFO - Epoch 2: Validation Loss = 0.70226, Validation Dice Score = 0.55503,Validation Binary Dice Score = 0.55508
2024-04-23 11:16:55,867 - INFO - New best model and val_loss updated
2024-04-23 11:17:13,454 - INFO - Epoch 3: Training Loss = 1.27546, Training Dice Score = 0.57771,Training Binary Dice Score = 0.58015
2024-04-23 11:17:18,274 - INFO - Epoch 3: Validation Loss = 0.66135, Validation Dice Score = 0.60863,Validation Binary Dice Score = 0.60875
2024-04-23 11:17:18,274 - INFO - New best model and val_loss updated
2024-04-23 11:17:35,814 - INFO - Epoch 4: Training Loss = 1.26782, Training Dice Score = 0.59098,Training Binary Dice Score = 0.59575
2024-04-23 11:17:40,522 - INFO - Epoch 4: Validation Loss = 0.64571, Validation Dice Score = 0.45229,Validation Binary Dice Score = 0.45420
2024-04-23 11:17:40,522 - INFO - New best model and val_loss updated
2024-04-23 11:17:58,184 - INFO - Epoch 5: Training Loss = 1.27821, Training Dice Score = 0.52894,Training Binary Dice Score = 0.53111
2024-04-23 11:18:02,851 - INFO - Epoch 5: Validation Loss = 0.68962, Validation Dice Score = 0.56219,Validation Binary Dice Score = 0.56219
2024-04-23 11:18:20,373 - INFO - Epoch 6: Training Loss = 1.27537, Training Dice Score = 0.59210,Training Binary Dice Score = 0.59489
2024-04-23 11:18:25,294 - INFO - Epoch 6: Validation Loss = 0.64986, Validation Dice Score = 0.28110,Validation Binary Dice Score = 0.27246
2024-04-23 11:18:42,966 - INFO - Epoch 7: Training Loss = 1.26066, Training Dice Score = 0.58083,Training Binary Dice Score = 0.58222
2024-04-23 11:18:47,649 - INFO - Epoch 7: Validation Loss = 0.65449, Validation Dice Score = 0.62764,Validation Binary Dice Score = 0.62760
2024-04-23 11:19:05,137 - INFO - Epoch 8: Training Loss = 1.25438, Training Dice Score = 0.63250,Training Binary Dice Score = 0.63291
2024-04-23 11:19:09,923 - INFO - Epoch 8: Validation Loss = 0.66650, Validation Dice Score = 0.06506,Validation Binary Dice Score = 0.06855
2024-04-23 11:19:27,806 - INFO - Epoch 9: Training Loss = 1.25337, Training Dice Score = 0.58912,Training Binary Dice Score = 0.58934
2024-04-23 11:19:32,500 - INFO - Epoch 9: Validation Loss = 0.62437, Validation Dice Score = 0.67818,Validation Binary Dice Score = 0.67831
2024-04-23 11:19:32,500 - INFO - New best model and val_loss updated
2024-04-23 11:19:49,898 - INFO - Epoch 10: Training Loss = 1.25085, Training Dice Score = 0.68197,Training Binary Dice Score = 0.68236
2024-04-23 11:19:54,741 - INFO - Epoch 10: Validation Loss = 0.66448, Validation Dice Score = 0.09167,Validation Binary Dice Score = 0.09247
2024-04-23 11:20:12,421 - INFO - Epoch 11: Training Loss = 1.27520, Training Dice Score = 0.53864,Training Binary Dice Score = 0.53958
2024-04-23 11:20:17,301 - INFO - Epoch 11: Validation Loss = 0.66021, Validation Dice Score = 0.61136,Validation Binary Dice Score = 0.61145
2024-04-23 11:20:35,301 - INFO - Epoch 12: Training Loss = 1.26332, Training Dice Score = 0.63144,Training Binary Dice Score = 0.63172
2024-04-23 11:20:40,120 - INFO - Epoch 12: Validation Loss = 0.62905, Validation Dice Score = 0.65113,Validation Binary Dice Score = 0.65135
2024-04-23 11:20:58,173 - INFO - Epoch 13: Training Loss = 1.23582, Training Dice Score = 0.67233,Training Binary Dice Score = 0.67295
2024-04-23 11:21:02,989 - INFO - Epoch 13: Validation Loss = 0.61931, Validation Dice Score = 0.69251,Validation Binary Dice Score = 0.69288
2024-04-23 11:21:02,989 - INFO - New best model and val_loss updated
2024-04-23 11:21:20,340 - INFO - Epoch 14: Training Loss = 1.24376, Training Dice Score = 0.65771,Training Binary Dice Score = 0.65839
2024-04-23 11:21:25,136 - INFO - Epoch 14: Validation Loss = 0.63091, Validation Dice Score = 0.50439,Validation Binary Dice Score = 0.50579
2024-04-23 11:21:43,136 - INFO - Epoch 15: Training Loss = 1.23314, Training Dice Score = 0.66847,Training Binary Dice Score = 0.66923
2024-04-23 11:21:47,929 - INFO - Epoch 15: Validation Loss = 0.62065, Validation Dice Score = 0.70225,Validation Binary Dice Score = 0.70278
2024-04-23 11:22:05,620 - INFO - Epoch 16: Training Loss = 1.23618, Training Dice Score = 0.69920,Training Binary Dice Score = 0.69988
2024-04-23 11:22:10,296 - INFO - Epoch 16: Validation Loss = 0.62939, Validation Dice Score = 0.50085,Validation Binary Dice Score = 0.50139
2024-04-23 11:22:28,472 - INFO - Epoch 17: Training Loss = 1.23681, Training Dice Score = 0.66179,Training Binary Dice Score = 0.66248
2024-04-23 11:22:33,461 - INFO - Epoch 17: Validation Loss = 0.62260, Validation Dice Score = 0.70247,Validation Binary Dice Score = 0.70296
2024-04-23 11:22:50,910 - INFO - Epoch 18: Training Loss = 1.23159, Training Dice Score = 0.70156,Training Binary Dice Score = 0.70240
2024-04-23 11:22:55,659 - INFO - Epoch 18: Validation Loss = 0.61552, Validation Dice Score = 0.67310,Validation Binary Dice Score = 0.67437
2024-04-23 11:22:55,659 - INFO - New best model and val_loss updated
2024-04-23 11:23:13,388 - INFO - Epoch 19: Training Loss = 1.23236, Training Dice Score = 0.68442,Training Binary Dice Score = 0.68566
2024-04-23 11:23:18,143 - INFO - Epoch 19: Validation Loss = 0.62689, Validation Dice Score = 0.56393,Validation Binary Dice Score = 0.56506
2024-04-23 11:23:36,044 - INFO - Epoch 20: Training Loss = 1.23040, Training Dice Score = 0.69361,Training Binary Dice Score = 0.69504
2024-04-23 11:23:40,827 - INFO - Epoch 20: Validation Loss = 0.63667, Validation Dice Score = 0.67110,Validation Binary Dice Score = 0.67154
2024-04-23 11:23:58,474 - INFO - Epoch 21: Training Loss = 1.24479, Training Dice Score = 0.64913,Training Binary Dice Score = 0.65103
2024-04-23 11:24:03,286 - INFO - Epoch 21: Validation Loss = 0.61729, Validation Dice Score = 0.66274,Validation Binary Dice Score = 0.66517
2024-04-23 11:24:20,904 - INFO - Epoch 22: Training Loss = 1.24193, Training Dice Score = 0.66362,Training Binary Dice Score = 0.66660
2024-04-23 11:24:25,745 - INFO - Epoch 22: Validation Loss = 0.62283, Validation Dice Score = 0.67805,Validation Binary Dice Score = 0.68034
2024-04-23 11:24:43,412 - INFO - Epoch 23: Training Loss = 1.23481, Training Dice Score = 0.68213,Training Binary Dice Score = 0.68551
2024-04-23 11:24:48,227 - INFO - Epoch 23: Validation Loss = 0.61897, Validation Dice Score = 0.68101,Validation Binary Dice Score = 0.68310
2024-04-23 11:25:05,703 - INFO - Epoch 24: Training Loss = 1.24262, Training Dice Score = 0.67310,Training Binary Dice Score = 0.67502
2024-04-23 11:25:10,548 - INFO - Epoch 24: Validation Loss = 0.61353, Validation Dice Score = 0.67215,Validation Binary Dice Score = 0.67437
2024-04-23 11:25:10,549 - INFO - New best model and val_loss updated
2024-04-23 11:25:28,540 - INFO - Epoch 25: Training Loss = 1.22123, Training Dice Score = 0.71075,Training Binary Dice Score = 0.71254
2024-04-23 11:25:33,483 - INFO - Epoch 25: Validation Loss = 0.62014, Validation Dice Score = 0.61168,Validation Binary Dice Score = 0.61352
2024-04-23 11:25:51,573 - INFO - Epoch 26: Training Loss = 1.23110, Training Dice Score = 0.68612,Training Binary Dice Score = 0.68858
2024-04-23 11:25:56,487 - INFO - Epoch 26: Validation Loss = 0.61371, Validation Dice Score = 0.70306,Validation Binary Dice Score = 0.70574
2024-04-23 11:26:14,627 - INFO - Epoch 27: Training Loss = 1.22425, Training Dice Score = 0.70983,Training Binary Dice Score = 0.71231
2024-04-23 11:26:19,505 - INFO - Epoch 27: Validation Loss = 0.62686, Validation Dice Score = 0.58180,Validation Binary Dice Score = 0.58443
2024-04-23 11:26:37,395 - INFO - Epoch 28: Training Loss = 1.24284, Training Dice Score = 0.66137,Training Binary Dice Score = 0.66366
2024-04-23 11:26:42,153 - INFO - Epoch 28: Validation Loss = 0.65443, Validation Dice Score = 0.61155,Validation Binary Dice Score = 0.61210
2024-04-23 11:27:00,009 - INFO - Epoch 29: Training Loss = 1.25711, Training Dice Score = 0.62883,Training Binary Dice Score = 0.63381
2024-04-23 11:27:04,761 - INFO - Epoch 29: Validation Loss = 0.64616, Validation Dice Score = 0.33020,Validation Binary Dice Score = 0.32538
2024-04-23 11:27:22,547 - INFO - Epoch 30: Training Loss = 1.23994, Training Dice Score = 0.65316,Training Binary Dice Score = 0.65877
2024-04-23 11:27:27,487 - INFO - Epoch 30: Validation Loss = 0.64782, Validation Dice Score = 0.65188,Validation Binary Dice Score = 0.65189
2024-04-23 11:27:27,649 - INFO - Evaluating fine tuned model
2024-04-23 11:27:27,650 - INFO - Total batches expected: 12
2024-04-23 11:27:38,702 - INFO - Test Loss: 0.64804
2024-04-23 11:27:38,702 - INFO - Accuracy: 0.69467
2024-04-23 11:27:38,702 - INFO - IoU: 0.48183
2024-04-23 11:27:38,702 - INFO - Sensitivity: 0.95515
2024-04-23 11:27:38,702 - INFO - Specificity: 0.58444
2024-04-23 11:27:38,702 - INFO - Precision: 0.49301
2024-04-23 11:27:38,702 - INFO - F1 Score: 0.65021
2024-04-23 11:27:38,702 - INFO - Dice Coefficient (Soft): 0.43572
2024-04-23 11:27:38,702 - INFO - Dice Coefficient (Binary): 0.43644
