2024-04-23 10:13:29,292 - INFO - Logging started
2024-04-23 10:13:29,293 - INFO - Logging initiated from: main.py
2024-04-23 10:13:32,536 - INFO - Setting seed value: 42
2024-04-23 10:13:32,538 - INFO - All command-line arguments and their parsed values:
2024-04-23 10:13:32,538 - INFO - root_dir: ./
2024-04-23 10:13:32,538 - INFO - wandb_project: comp0197-ADL-CW2-MAE
2024-04-23 10:13:32,538 - INFO - seed: 42
2024-04-23 10:13:32,538 - INFO - num_workers: 4
2024-04-23 10:13:32,538 - INFO - batch_size: 128
2024-04-23 10:13:32,538 - INFO - image_size: 224
2024-04-23 10:13:32,538 - INFO - patch_size: 16
2024-04-23 10:13:32,538 - INFO - data_path: ./data
2024-04-23 10:13:32,538 - INFO - output_dir: ./output_dir
2024-04-23 10:13:32,538 - INFO - mask_ratio: 0.75
2024-04-23 10:13:32,538 - INFO - weight_decay: 0.0001
2024-04-23 10:13:32,538 - INFO - lr: 0.005
2024-04-23 10:13:32,539 - INFO - noise: salt
2024-04-23 10:13:32,539 - INFO - baseline: 0
2024-04-23 10:13:32,539 - INFO - dataset: coco
2024-04-23 10:13:32,539 - INFO - mask_sampling: grid
2024-04-23 10:13:32,539 - INFO - fine_tune_size: 1.0
2024-04-23 10:13:32,539 - INFO - out_dir: 
2024-04-23 10:13:32,539 - INFO - block_mask_ratio: 0.5
2024-04-23 10:13:32,539 - INFO - debug: 0
2024-04-23 10:13:32,539 - INFO - epochs: 30
2024-04-23 10:13:32,539 - INFO - enc_projection_dim: 128
2024-04-23 10:13:32,539 - INFO - dec_projection_dim: 64
2024-04-23 10:13:32,539 - INFO - enc_num_heads: 4
2024-04-23 10:13:32,539 - INFO - dec_num_heads: 4
2024-04-23 10:13:32,539 - INFO - enc_layers: 6
2024-04-23 10:13:32,539 - INFO - dec_layers: 2
2024-04-23 10:13:32,539 - INFO - Getting dataloaders
2024-04-23 10:13:32,546 - INFO - loading annotations into memory...
2024-04-23 10:13:38,583 - INFO - Done (t=6.04s)
2024-04-23 10:13:38,583 - INFO - creating index...
2024-04-23 10:13:38,939 - INFO - index created!
2024-04-23 10:13:38,969 - INFO - loading annotations into memory...
2024-04-23 10:13:39,849 - INFO - Done (t=0.88s)
2024-04-23 10:13:39,849 - INFO - creating index...
2024-04-23 10:13:39,862 - INFO - index created!
2024-04-23 10:13:39,862 - INFO - Number of training samples: 118287
2024-04-23 10:13:39,862 - INFO - Getting data loaders completed, returning data loaders
2024-04-23 10:13:40,132 - INFO - Starting PRE-Training loop
2024-04-23 10:13:41,794 - INFO - Epoch: [1][0/924] Loss: 0.5347 MAE: 0.6049 LR: 0.005000
2024-04-23 10:14:06,163 - INFO - Epoch: [1][100/924] Loss: 0.2622 MAE: 0.4207 LR: 0.005000
2024-04-23 10:14:30,905 - INFO - Epoch: [1][200/924] Loss: 0.2502 MAE: 0.4088 LR: 0.005000
2024-04-23 10:14:55,507 - INFO - Epoch: [1][300/924] Loss: 0.2521 MAE: 0.4007 LR: 0.005000
2024-04-23 10:15:20,238 - INFO - Epoch: [1][400/924] Loss: 0.2264 MAE: 0.3948 LR: 0.005000
2024-04-23 10:15:44,743 - INFO - Epoch: [1][500/924] Loss: 0.2346 MAE: 0.3900 LR: 0.005000
2024-04-23 10:16:09,214 - INFO - Epoch: [1][600/924] Loss: 0.2211 MAE: 0.3861 LR: 0.005000
2024-04-23 10:16:33,900 - INFO - Epoch: [1][700/924] Loss: 0.2555 MAE: 0.3832 LR: 0.005000
2024-04-23 10:16:58,443 - INFO - Epoch: [1][800/924] Loss: 0.2135 MAE: 0.3804 LR: 0.005000
2024-04-23 10:17:22,911 - INFO - Epoch: [1][900/924] Loss: 0.2038 MAE: 0.3762 LR: 0.005000
2024-04-23 10:17:28,383 - INFO - Epoch: [1][923/924] Loss: 0.2072 MAE: 0.3752 LR: 0.005000
2024-04-23 10:17:36,545 - INFO - Epoch: [1][39/40] Val Loss: 0.1797 Val MAE: 0.3281
2024-04-23 10:17:36,590 - INFO - Training Loss: 0.20722495019435883
2024-04-23 10:17:36,590 - INFO - Training MAE: 0.3751817907476838
2024-04-23 10:17:36,590 - INFO - Training Time: 228.36400175094604s
2024-04-23 10:17:36,590 - INFO - Validation Loss: 0.1796531230211258
2024-04-23 10:17:36,590 - INFO - Validation MAE: 0.3280662595272064
2024-04-23 10:17:36,590 - INFO - Validation Time: 8.092409372329712s
2024-04-23 10:17:41,265 - INFO - New best model and val_loss updated
2024-04-23 10:17:42,556 - INFO - Epoch: [2][0/924] Loss: 0.2052 MAE: 0.3261 LR: 0.005000
2024-04-23 10:18:06,846 - INFO - Epoch: [2][100/924] Loss: 0.2157 MAE: 0.3322 LR: 0.005000
2024-04-23 10:18:31,203 - INFO - Epoch: [2][200/924] Loss: 0.1600 MAE: 0.3156 LR: 0.005000
2024-04-23 10:18:55,569 - INFO - Epoch: [2][300/924] Loss: 0.1752 MAE: 0.2993 LR: 0.005000
2024-04-23 10:19:19,959 - INFO - Epoch: [2][400/924] Loss: 0.1558 MAE: 0.2875 LR: 0.005000
2024-04-23 10:19:44,791 - INFO - Epoch: [2][500/924] Loss: 0.1488 MAE: 0.2788 LR: 0.005000
2024-04-23 10:20:09,467 - INFO - Epoch: [2][600/924] Loss: 0.1470 MAE: 0.2738 LR: 0.005000
2024-04-23 10:20:34,256 - INFO - Epoch: [2][700/924] Loss: 0.1470 MAE: 0.2685 LR: 0.005000
2024-04-23 10:20:58,792 - INFO - Epoch: [2][800/924] Loss: 0.1440 MAE: 0.2644 LR: 0.005000
2024-04-23 10:21:23,336 - INFO - Epoch: [2][900/924] Loss: 0.1508 MAE: 0.2628 LR: 0.005000
2024-04-23 10:21:28,337 - INFO - Epoch: [2][923/924] Loss: 0.1381 MAE: 0.2623 LR: 0.005000
2024-04-23 10:21:36,542 - INFO - Epoch: [2][39/40] Val Loss: 0.0935 Val MAE: 0.2005
2024-04-23 10:21:36,592 - INFO - Training Loss: 0.1380733847618103
2024-04-23 10:21:36,592 - INFO - Training MAE: 0.262334482316976
2024-04-23 10:21:36,592 - INFO - Training Time: 227.1833734512329s
2024-04-23 10:21:36,592 - INFO - Validation Loss: 0.0935138463973999
2024-04-23 10:21:36,592 - INFO - Validation MAE: 0.20045670185089112
2024-04-23 10:21:36,592 - INFO - Validation Time: 8.142874956130981s
2024-04-23 10:21:36,593 - INFO - New best model and val_loss updated
2024-04-23 10:21:37,862 - INFO - Epoch: [3][0/924] Loss: 0.1510 MAE: 0.2470 LR: 0.005000
2024-04-23 10:22:02,369 - INFO - Epoch: [3][100/924] Loss: 0.1363 MAE: 0.2301 LR: 0.005000
2024-04-23 10:22:26,837 - INFO - Epoch: [3][200/924] Loss: 0.1432 MAE: 0.2291 LR: 0.005000
2024-04-23 10:22:51,701 - INFO - Epoch: [3][300/924] Loss: 0.1299 MAE: 0.2290 LR: 0.005000
2024-04-23 10:23:16,547 - INFO - Epoch: [3][400/924] Loss: 0.1464 MAE: 0.2281 LR: 0.005000
2024-04-23 10:23:41,316 - INFO - Epoch: [3][500/924] Loss: 0.1284 MAE: 0.2284 LR: 0.005000
2024-04-23 10:24:05,860 - INFO - Epoch: [3][600/924] Loss: 0.1331 MAE: 0.2275 LR: 0.005000
2024-04-23 10:24:30,627 - INFO - Epoch: [3][700/924] Loss: 0.1279 MAE: 0.2268 LR: 0.005000
2024-04-23 10:24:56,052 - INFO - Epoch: [3][800/924] Loss: 0.1284 MAE: 0.2262 LR: 0.005000
2024-04-23 10:25:20,910 - INFO - Epoch: [3][900/924] Loss: 0.1415 MAE: 0.2257 LR: 0.005000
2024-04-23 10:25:26,592 - INFO - Epoch: [3][923/924] Loss: 0.1299 MAE: 0.2255 LR: 0.005000
2024-04-23 10:25:34,866 - INFO - Epoch: [3][39/40] Val Loss: 0.0789 Val MAE: 0.1822
2024-04-23 10:25:34,915 - INFO - Training Loss: 0.12989678978919983
2024-04-23 10:25:34,915 - INFO - Training MAE: 0.22548776940801443
2024-04-23 10:25:34,915 - INFO - Training Time: 230.11903285980225s
2024-04-23 10:25:34,916 - INFO - Validation Loss: 0.07889670133590698
2024-04-23 10:25:34,916 - INFO - Validation MAE: 0.1822079708814621
2024-04-23 10:25:34,916 - INFO - Validation Time: 8.202838659286499s
2024-04-23 10:25:34,916 - INFO - New best model and val_loss updated
2024-04-23 10:25:36,175 - INFO - Epoch: [4][0/924] Loss: 0.1283 MAE: 0.2177 LR: 0.005000
2024-04-23 10:26:01,139 - INFO - Epoch: [4][100/924] Loss: 0.1368 MAE: 0.2205 LR: 0.005000
2024-04-23 10:26:25,435 - INFO - Epoch: [4][200/924] Loss: 0.1352 MAE: 0.2216 LR: 0.005000
2024-04-23 10:26:51,515 - INFO - Epoch: [4][300/924] Loss: 0.1259 MAE: 0.2202 LR: 0.005000
2024-04-23 10:27:17,528 - INFO - Epoch: [4][400/924] Loss: 0.1352 MAE: 0.2197 LR: 0.005000
2024-04-23 10:27:44,029 - INFO - Epoch: [4][500/924] Loss: 0.1243 MAE: 0.2200 LR: 0.005000
2024-04-23 10:28:10,804 - INFO - Epoch: [4][600/924] Loss: 0.1293 MAE: 0.2196 LR: 0.005000
2024-04-23 10:28:37,156 - INFO - Epoch: [4][700/924] Loss: 0.1355 MAE: 0.2192 LR: 0.005000
2024-04-23 10:29:03,598 - INFO - Epoch: [4][800/924] Loss: 0.1311 MAE: 0.2189 LR: 0.005000
2024-04-23 10:29:30,377 - INFO - Epoch: [4][900/924] Loss: 0.1257 MAE: 0.2189 LR: 0.005000
2024-04-23 10:29:36,554 - INFO - Epoch: [4][923/924] Loss: 0.1220 MAE: 0.2188 LR: 0.005000
2024-04-23 10:29:45,413 - INFO - Epoch: [4][39/40] Val Loss: 0.0717 Val MAE: 0.1756
2024-04-23 10:29:45,459 - INFO - Training Loss: 0.12195384502410889
2024-04-23 10:29:45,459 - INFO - Training MAE: 0.21879475974997917
2024-04-23 10:29:45,459 - INFO - Training Time: 241.7516589164734s
2024-04-23 10:29:45,460 - INFO - Validation Loss: 0.07172480970621109
2024-04-23 10:29:45,460 - INFO - Validation MAE: 0.17557249491214752
2024-04-23 10:29:45,460 - INFO - Validation Time: 8.790945768356323s
2024-04-23 10:29:45,460 - INFO - New best model and val_loss updated
2024-04-23 10:29:46,756 - INFO - Epoch: [5][0/924] Loss: 0.1240 MAE: 0.2091 LR: 0.005000
2024-04-23 10:30:12,367 - INFO - Epoch: [5][100/924] Loss: 0.1263 MAE: 0.2169 LR: 0.005000
2024-04-23 10:30:37,403 - INFO - Epoch: [5][200/924] Loss: 0.1316 MAE: 0.2171 LR: 0.005000
2024-04-23 10:31:02,356 - INFO - Epoch: [5][300/924] Loss: 0.1233 MAE: 0.2164 LR: 0.005000
2024-04-23 10:31:27,743 - INFO - Epoch: [5][400/924] Loss: 0.1168 MAE: 0.2167 LR: 0.005000
2024-04-23 10:31:53,001 - INFO - Epoch: [5][500/924] Loss: 0.1273 MAE: 0.2166 LR: 0.005000
2024-04-23 10:32:18,127 - INFO - Epoch: [5][600/924] Loss: 0.1236 MAE: 0.2163 LR: 0.005000
2024-04-23 10:32:43,551 - INFO - Epoch: [5][700/924] Loss: 0.1288 MAE: 0.2161 LR: 0.005000
2024-04-23 10:33:08,986 - INFO - Epoch: [5][800/924] Loss: 0.1222 MAE: 0.2159 LR: 0.005000
2024-04-23 10:33:34,218 - INFO - Epoch: [5][900/924] Loss: 0.1264 MAE: 0.2157 LR: 0.005000
2024-04-23 10:33:39,547 - INFO - Epoch: [5][923/924] Loss: 0.1263 MAE: 0.2156 LR: 0.005000
2024-04-23 10:33:47,978 - INFO - Epoch: [5][39/40] Val Loss: 0.0696 Val MAE: 0.1753
2024-04-23 10:33:48,025 - INFO - Training Loss: 0.12629936635494232
2024-04-23 10:33:48,025 - INFO - Training MAE: 0.21564611403908565
2024-04-23 10:33:48,025 - INFO - Training Time: 234.20405268669128s
2024-04-23 10:33:48,026 - INFO - Validation Loss: 0.0696338638663292
2024-04-23 10:33:48,026 - INFO - Validation MAE: 0.17531844968795776
2024-04-23 10:33:48,026 - INFO - Validation Time: 8.360543727874756s
2024-04-23 10:33:48,026 - INFO - New best model and val_loss updated
2024-04-23 10:33:49,401 - INFO - Epoch: [6][0/924] Loss: 0.1388 MAE: 0.2306 LR: 0.005000
2024-04-23 10:34:15,093 - INFO - Epoch: [6][100/924] Loss: 0.1209 MAE: 0.2127 LR: 0.005000
2024-04-23 10:34:40,163 - INFO - Epoch: [6][200/924] Loss: 0.1312 MAE: 0.2134 LR: 0.005000
2024-04-23 10:35:05,273 - INFO - Epoch: [6][300/924] Loss: 0.1335 MAE: 0.2136 LR: 0.005000
2024-04-23 10:35:31,391 - INFO - Epoch: [6][400/924] Loss: 0.1270 MAE: 0.2134 LR: 0.005000
2024-04-23 10:35:56,042 - INFO - Epoch: [6][500/924] Loss: 0.1336 MAE: 0.2136 LR: 0.005000
2024-04-23 10:36:21,403 - INFO - Epoch: [6][600/924] Loss: 0.1211 MAE: 0.2136 LR: 0.005000
2024-04-23 10:36:46,763 - INFO - Epoch: [6][700/924] Loss: 0.1256 MAE: 0.2135 LR: 0.005000
2024-04-23 10:37:12,140 - INFO - Epoch: [6][800/924] Loss: 0.1188 MAE: 0.2134 LR: 0.005000
2024-04-23 10:37:37,499 - INFO - Epoch: [6][900/924] Loss: 0.1200 MAE: 0.2135 LR: 0.005000
2024-04-23 10:37:43,315 - INFO - Epoch: [6][923/924] Loss: 0.1202 MAE: 0.2135 LR: 0.005000
2024-04-23 10:37:51,770 - INFO - Epoch: [6][39/40] Val Loss: 0.0679 Val MAE: 0.1717
2024-04-23 10:37:51,817 - INFO - Training Loss: 0.12020552158355713
2024-04-23 10:37:51,817 - INFO - Training MAE: 0.21347003639776468
2024-04-23 10:37:51,817 - INFO - Training Time: 235.40772604942322s
2024-04-23 10:37:51,818 - INFO - Validation Loss: 0.06785168498754501
2024-04-23 10:37:51,818 - INFO - Validation MAE: 0.17166242945194243
2024-04-23 10:37:51,818 - INFO - Validation Time: 8.382999897003174s
2024-04-23 10:37:51,818 - INFO - New best model and val_loss updated
2024-04-23 10:37:53,125 - INFO - Epoch: [7][0/924] Loss: 0.1259 MAE: 0.2131 LR: 0.005000
2024-04-23 10:38:18,882 - INFO - Epoch: [7][100/924] Loss: 0.1211 MAE: 0.2124 LR: 0.005000
2024-04-23 10:38:44,525 - INFO - Epoch: [7][200/924] Loss: 0.1249 MAE: 0.2123 LR: 0.005000
2024-04-23 10:39:10,011 - INFO - Epoch: [7][300/924] Loss: 0.1343 MAE: 0.2125 LR: 0.005000
2024-04-23 10:39:35,565 - INFO - Epoch: [7][400/924] Loss: 0.1224 MAE: 0.2125 LR: 0.005000
2024-04-23 10:40:01,110 - INFO - Epoch: [7][500/924] Loss: 0.1183 MAE: 0.2123 LR: 0.005000
2024-04-23 10:40:26,673 - INFO - Epoch: [7][600/924] Loss: 0.1214 MAE: 0.2120 LR: 0.005000
2024-04-23 10:40:53,235 - INFO - Epoch: [7][700/924] Loss: 0.1230 MAE: 0.2119 LR: 0.005000
2024-04-23 10:41:18,744 - INFO - Epoch: [7][800/924] Loss: 0.1317 MAE: 0.2118 LR: 0.005000
2024-04-23 10:41:45,541 - INFO - Epoch: [7][900/924] Loss: 0.1191 MAE: 0.2119 LR: 0.005000
2024-04-23 10:41:51,643 - INFO - Epoch: [7][923/924] Loss: 0.1206 MAE: 0.2119 LR: 0.005000
2024-04-23 10:42:00,051 - INFO - Epoch: [7][39/40] Val Loss: 0.0677 Val MAE: 0.1732
2024-04-23 10:42:00,095 - INFO - Training Loss: 0.1205659955739975
2024-04-23 10:42:00,096 - INFO - Training MAE: 0.2119225776427752
2024-04-23 10:42:00,096 - INFO - Training Time: 239.9456114768982s
2024-04-23 10:42:00,096 - INFO - Validation Loss: 0.06770821660757065
2024-04-23 10:42:00,096 - INFO - Validation MAE: 0.17318739728927612
2024-04-23 10:42:00,096 - INFO - Validation Time: 8.331212759017944s
2024-04-23 10:42:00,096 - INFO - New best model and val_loss updated
2024-04-23 10:42:01,459 - INFO - Epoch: [8][0/924] Loss: 0.1226 MAE: 0.2099 LR: 0.005000
2024-04-23 10:42:27,020 - INFO - Epoch: [8][100/924] Loss: 0.1186 MAE: 0.2121 LR: 0.005000
2024-04-23 10:42:52,407 - INFO - Epoch: [8][200/924] Loss: 0.1215 MAE: 0.2119 LR: 0.005000
2024-04-23 10:43:17,806 - INFO - Epoch: [8][300/924] Loss: 0.1153 MAE: 0.2118 LR: 0.005000
2024-04-23 10:43:43,365 - INFO - Epoch: [8][400/924] Loss: 0.1279 MAE: 0.2117 LR: 0.005000
2024-04-23 10:44:09,180 - INFO - Epoch: [8][500/924] Loss: 0.1200 MAE: 0.2117 LR: 0.005000
2024-04-23 10:44:34,665 - INFO - Epoch: [8][600/924] Loss: 0.1247 MAE: 0.2117 LR: 0.005000
2024-04-23 10:45:00,220 - INFO - Epoch: [8][700/924] Loss: 0.1298 MAE: 0.2117 LR: 0.005000
2024-04-23 10:45:25,685 - INFO - Epoch: [8][800/924] Loss: 0.1238 MAE: 0.2117 LR: 0.005000
2024-04-23 10:45:51,278 - INFO - Epoch: [8][900/924] Loss: 0.1264 MAE: 0.2116 LR: 0.005000
2024-04-23 10:45:57,322 - INFO - Epoch: [8][923/924] Loss: 0.1201 MAE: 0.2116 LR: 0.005000
2024-04-23 10:46:05,969 - INFO - Epoch: [8][39/40] Val Loss: 0.0667 Val MAE: 0.1711
2024-04-23 10:46:06,027 - INFO - Training Loss: 0.12007774412631989
2024-04-23 10:46:06,027 - INFO - Training MAE: 0.21162881139359432
2024-04-23 10:46:06,027 - INFO - Training Time: 237.3422553539276s
2024-04-23 10:46:06,027 - INFO - Validation Loss: 0.06669766455888748
2024-04-23 10:46:06,027 - INFO - Validation MAE: 0.17107967898845672
2024-04-23 10:46:06,027 - INFO - Validation Time: 8.587523460388184s
2024-04-23 10:46:06,027 - INFO - New best model and val_loss updated
2024-04-23 10:46:07,392 - INFO - Epoch: [9][0/924] Loss: 0.1211 MAE: 0.2068 LR: 0.005000
2024-04-23 10:46:32,906 - INFO - Epoch: [9][100/924] Loss: 0.1190 MAE: 0.2101 LR: 0.005000
2024-04-23 10:46:57,702 - INFO - Epoch: [9][200/924] Loss: 0.1208 MAE: 0.2101 LR: 0.005000
2024-04-23 10:47:22,453 - INFO - Epoch: [9][300/924] Loss: 0.1297 MAE: 0.2104 LR: 0.005000
2024-04-23 10:47:47,110 - INFO - Epoch: [9][400/924] Loss: 0.1265 MAE: 0.2105 LR: 0.005000
2024-04-23 10:48:12,212 - INFO - Epoch: [9][500/924] Loss: 0.1232 MAE: 0.2103 LR: 0.005000
2024-04-23 10:48:37,577 - INFO - Epoch: [9][600/924] Loss: 0.1198 MAE: 0.2105 LR: 0.005000
2024-04-23 10:49:02,504 - INFO - Epoch: [9][700/924] Loss: 0.1235 MAE: 0.2105 LR: 0.005000
2024-04-23 10:49:27,282 - INFO - Epoch: [9][800/924] Loss: 0.1212 MAE: 0.2105 LR: 0.005000
2024-04-23 10:49:51,936 - INFO - Epoch: [9][900/924] Loss: 0.1116 MAE: 0.2104 LR: 0.005000
2024-04-23 10:49:57,741 - INFO - Epoch: [9][923/924] Loss: 0.1256 MAE: 0.2104 LR: 0.005000
2024-04-23 10:50:06,053 - INFO - Epoch: [9][39/40] Val Loss: 0.0659 Val MAE: 0.1690
2024-04-23 10:50:06,104 - INFO - Training Loss: 0.1256423443555832
2024-04-23 10:50:06,104 - INFO - Training MAE: 0.21036944951200898
2024-04-23 10:50:06,104 - INFO - Training Time: 231.83818793296814s
2024-04-23 10:50:06,105 - INFO - Validation Loss: 0.06585558503866196
2024-04-23 10:50:06,105 - INFO - Validation MAE: 0.16899566349983217
2024-04-23 10:50:06,105 - INFO - Validation Time: 8.238123416900635s
2024-04-23 10:50:06,105 - INFO - New best model and val_loss updated
2024-04-23 10:50:07,392 - INFO - Epoch: [10][0/924] Loss: 0.1205 MAE: 0.2092 LR: 0.005000
2024-04-23 10:50:32,017 - INFO - Epoch: [10][100/924] Loss: 0.1373 MAE: 0.2098 LR: 0.005000
2024-04-23 10:50:56,808 - INFO - Epoch: [10][200/924] Loss: 0.1245 MAE: 0.2096 LR: 0.005000
2024-04-23 10:51:21,550 - INFO - Epoch: [10][300/924] Loss: 0.1202 MAE: 0.2094 LR: 0.005000
2024-04-23 10:51:46,904 - INFO - Epoch: [10][400/924] Loss: 0.1162 MAE: 0.2097 LR: 0.005000
2024-04-23 10:52:12,472 - INFO - Epoch: [10][500/924] Loss: 0.1323 MAE: 0.2097 LR: 0.005000
2024-04-23 10:52:38,152 - INFO - Epoch: [10][600/924] Loss: 0.1212 MAE: 0.2097 LR: 0.005000
2024-04-23 10:53:03,812 - INFO - Epoch: [10][700/924] Loss: 0.1218 MAE: 0.2098 LR: 0.005000
2024-04-23 10:53:29,343 - INFO - Epoch: [10][800/924] Loss: 0.1180 MAE: 0.2097 LR: 0.005000
2024-04-23 10:53:54,840 - INFO - Epoch: [10][900/924] Loss: 0.1265 MAE: 0.2097 LR: 0.005000
2024-04-23 10:54:00,790 - INFO - Epoch: [10][923/924] Loss: 0.1244 MAE: 0.2097 LR: 0.005000
2024-04-23 10:54:09,336 - INFO - Epoch: [10][39/40] Val Loss: 0.0649 Val MAE: 0.1686
2024-04-23 10:54:09,385 - INFO - Training Loss: 0.12441017478704453
2024-04-23 10:54:09,385 - INFO - Training MAE: 0.20967454609997344
2024-04-23 10:54:09,385 - INFO - Training Time: 234.8083291053772s
2024-04-23 10:54:09,385 - INFO - Validation Loss: 0.06493547558784485
2024-04-23 10:54:09,385 - INFO - Validation MAE: 0.16859554584026337
2024-04-23 10:54:09,385 - INFO - Validation Time: 8.471195459365845s
2024-04-23 10:54:09,386 - INFO - New best model and val_loss updated
2024-04-23 10:54:10,682 - INFO - Epoch: [11][0/924] Loss: 0.1236 MAE: 0.2125 LR: 0.005000
2024-04-23 10:54:36,306 - INFO - Epoch: [11][100/924] Loss: 0.1247 MAE: 0.2103 LR: 0.005000
2024-04-23 10:55:03,201 - INFO - Epoch: [11][200/924] Loss: 0.1184 MAE: 0.2097 LR: 0.005000
2024-04-23 10:55:29,100 - INFO - Epoch: [11][300/924] Loss: 0.1297 MAE: 0.2096 LR: 0.005000
2024-04-23 10:55:54,775 - INFO - Epoch: [11][400/924] Loss: 0.1215 MAE: 0.2097 LR: 0.005000
2024-04-23 10:56:20,715 - INFO - Epoch: [11][500/924] Loss: 0.1350 MAE: 0.2098 LR: 0.005000
2024-04-23 10:56:46,710 - INFO - Epoch: [11][600/924] Loss: 0.1255 MAE: 0.2096 LR: 0.005000
2024-04-23 10:57:12,493 - INFO - Epoch: [11][700/924] Loss: 0.1256 MAE: 0.2095 LR: 0.005000
2024-04-23 10:57:38,340 - INFO - Epoch: [11][800/924] Loss: 0.1302 MAE: 0.2095 LR: 0.005000
2024-04-23 10:58:04,316 - INFO - Epoch: [11][900/924] Loss: 0.1327 MAE: 0.2095 LR: 0.005000
2024-04-23 10:58:10,326 - INFO - Epoch: [11][923/924] Loss: 0.1218 MAE: 0.2095 LR: 0.005000
2024-04-23 10:58:18,889 - INFO - Epoch: [11][39/40] Val Loss: 0.0653 Val MAE: 0.1687
2024-04-23 10:58:18,945 - INFO - Training Loss: 0.12177460640668869
2024-04-23 10:58:18,945 - INFO - Training MAE: 0.20945998203831834
2024-04-23 10:58:18,945 - INFO - Training Time: 241.0555715560913s
2024-04-23 10:58:18,945 - INFO - Validation Loss: 0.06529250741004944
2024-04-23 10:58:18,945 - INFO - Validation MAE: 0.16866811797618866
2024-04-23 10:58:18,945 - INFO - Validation Time: 8.50256085395813s
2024-04-23 10:58:20,302 - INFO - Epoch: [12][0/924] Loss: 0.1176 MAE: 0.1997 LR: 0.005000
2024-04-23 10:58:46,400 - INFO - Epoch: [12][100/924] Loss: 0.1269 MAE: 0.2088 LR: 0.005000
2024-04-23 10:59:13,903 - INFO - Epoch: [12][200/924] Loss: 0.1281 MAE: 0.2084 LR: 0.005000
2024-04-23 10:59:41,288 - INFO - Epoch: [12][300/924] Loss: 0.1235 MAE: 0.2087 LR: 0.005000
2024-04-23 11:00:10,055 - INFO - Epoch: [12][400/924] Loss: 0.1290 MAE: 0.2091 LR: 0.005000
2024-04-23 11:00:39,240 - INFO - Epoch: [12][500/924] Loss: 0.1292 MAE: 0.2092 LR: 0.005000
2024-04-23 11:01:08,562 - INFO - Epoch: [12][600/924] Loss: 0.1217 MAE: 0.2092 LR: 0.005000
2024-04-23 11:01:36,750 - INFO - Epoch: [12][700/924] Loss: 0.1160 MAE: 0.2090 LR: 0.005000
2024-04-23 11:02:04,621 - INFO - Epoch: [12][800/924] Loss: 0.1262 MAE: 0.2090 LR: 0.005000
2024-04-23 11:02:32,145 - INFO - Epoch: [12][900/924] Loss: 0.1122 MAE: 0.2090 LR: 0.005000
2024-04-23 11:02:38,109 - INFO - Epoch: [12][923/924] Loss: 0.1200 MAE: 0.2090 LR: 0.005000
2024-04-23 11:02:47,641 - INFO - Epoch: [12][39/40] Val Loss: 0.0643 Val MAE: 0.1674
2024-04-23 11:02:47,691 - INFO - Training Loss: 0.11999735236167908
2024-04-23 11:02:47,691 - INFO - Training MAE: 0.20897524315234903
2024-04-23 11:02:47,691 - INFO - Training Time: 259.2833454608917s
2024-04-23 11:02:47,691 - INFO - Validation Loss: 0.0642920657992363
2024-04-23 11:02:47,692 - INFO - Validation MAE: 0.1673582468509674
2024-04-23 11:02:47,692 - INFO - Validation Time: 9.461955547332764s
2024-04-23 11:02:47,692 - INFO - New best model and val_loss updated
2024-04-23 11:02:49,118 - INFO - Epoch: [13][0/924] Loss: 0.1173 MAE: 0.1999 LR: 0.005000
2024-04-23 11:03:17,507 - INFO - Epoch: [13][100/924] Loss: 0.1256 MAE: 0.2076 LR: 0.005000
2024-04-23 11:03:45,582 - INFO - Epoch: [13][200/924] Loss: 0.1355 MAE: 0.2082 LR: 0.005000
2024-04-23 11:04:13,846 - INFO - Epoch: [13][300/924] Loss: 0.1122 MAE: 0.2085 LR: 0.005000
2024-04-23 11:04:42,049 - INFO - Epoch: [13][400/924] Loss: 0.1424 MAE: 0.2085 LR: 0.005000
2024-04-23 11:05:10,142 - INFO - Epoch: [13][500/924] Loss: 0.1252 MAE: 0.2087 LR: 0.005000
2024-04-23 11:05:38,525 - INFO - Epoch: [13][600/924] Loss: 0.1204 MAE: 0.2087 LR: 0.005000
2024-04-23 11:06:06,578 - INFO - Epoch: [13][700/924] Loss: 0.1250 MAE: 0.2087 LR: 0.005000
2024-04-23 11:06:34,746 - INFO - Epoch: [13][800/924] Loss: 0.1228 MAE: 0.2087 LR: 0.005000
2024-04-23 11:07:02,543 - INFO - Epoch: [13][900/924] Loss: 0.1267 MAE: 0.2086 LR: 0.005000
2024-04-23 11:07:08,697 - INFO - Epoch: [13][923/924] Loss: 0.1298 MAE: 0.2086 LR: 0.005000
2024-04-23 11:07:18,359 - INFO - Epoch: [13][39/40] Val Loss: 0.0639 Val MAE: 0.1654
2024-04-23 11:07:18,414 - INFO - Training Loss: 0.1298145353794098
2024-04-23 11:07:18,414 - INFO - Training MAE: 0.20860952675923125
2024-04-23 11:07:18,414 - INFO - Training Time: 261.12336778640747s
2024-04-23 11:07:18,415 - INFO - Validation Loss: 0.06392290443181992
2024-04-23 11:07:18,415 - INFO - Validation MAE: 0.16535561740398408
2024-04-23 11:07:18,415 - INFO - Validation Time: 9.598365068435669s
2024-04-23 11:07:18,415 - INFO - New best model and val_loss updated
2024-04-23 11:07:19,794 - INFO - Epoch: [14][0/924] Loss: 0.1234 MAE: 0.2078 LR: 0.005000
2024-04-23 11:07:47,925 - INFO - Epoch: [14][100/924] Loss: 0.1251 MAE: 0.2084 LR: 0.005000
2024-04-23 11:08:16,214 - INFO - Epoch: [14][200/924] Loss: 0.1211 MAE: 0.2087 LR: 0.005000
2024-04-23 11:08:44,329 - INFO - Epoch: [14][300/924] Loss: 0.1189 MAE: 0.2088 LR: 0.005000
2024-04-23 11:09:12,837 - INFO - Epoch: [14][400/924] Loss: 0.1182 MAE: 0.2088 LR: 0.005000
2024-04-23 11:09:41,909 - INFO - Epoch: [14][500/924] Loss: 0.1228 MAE: 0.2086 LR: 0.005000
2024-04-23 11:10:07,701 - INFO - Epoch: [14][600/924] Loss: 0.1244 MAE: 0.2086 LR: 0.005000
2024-04-23 11:10:34,410 - INFO - Epoch: [14][700/924] Loss: 0.1307 MAE: 0.2086 LR: 0.005000
2024-04-23 11:11:00,517 - INFO - Epoch: [14][800/924] Loss: 0.1171 MAE: 0.2084 LR: 0.005000
2024-04-23 11:11:26,650 - INFO - Epoch: [14][900/924] Loss: 0.1210 MAE: 0.2084 LR: 0.005000
2024-04-23 11:11:32,619 - INFO - Epoch: [14][923/924] Loss: 0.1174 MAE: 0.2084 LR: 0.005000
2024-04-23 11:11:41,315 - INFO - Epoch: [14][39/40] Val Loss: 0.0652 Val MAE: 0.1663
2024-04-23 11:11:41,364 - INFO - Training Loss: 0.11736521124839783
2024-04-23 11:11:41,364 - INFO - Training MAE: 0.20838518698752184
2024-04-23 11:11:41,364 - INFO - Training Time: 254.3241364955902s
2024-04-23 11:11:41,364 - INFO - Validation Loss: 0.06516164541244507
2024-04-23 11:11:41,364 - INFO - Validation MAE: 0.16628325028419494
2024-04-23 11:11:41,364 - INFO - Validation Time: 8.624261379241943s
2024-04-23 11:11:42,750 - INFO - Epoch: [15][0/924] Loss: 0.1246 MAE: 0.2094 LR: 0.005000
2024-04-23 11:12:08,541 - INFO - Epoch: [15][100/924] Loss: 0.1235 MAE: 0.2071 LR: 0.005000
2024-04-23 11:12:34,614 - INFO - Epoch: [15][200/924] Loss: 0.1227 MAE: 0.2073 LR: 0.005000
2024-04-23 11:13:00,218 - INFO - Epoch: [15][300/924] Loss: 0.1080 MAE: 0.2072 LR: 0.005000
2024-04-23 11:13:25,984 - INFO - Epoch: [15][400/924] Loss: 0.1190 MAE: 0.2075 LR: 0.005000
2024-04-23 11:13:51,928 - INFO - Epoch: [15][500/924] Loss: 0.1280 MAE: 0.2076 LR: 0.005000
2024-04-23 11:14:17,953 - INFO - Epoch: [15][600/924] Loss: 0.1300 MAE: 0.2077 LR: 0.005000
2024-04-23 11:14:43,583 - INFO - Epoch: [15][700/924] Loss: 0.1266 MAE: 0.2078 LR: 0.005000
2024-04-23 11:15:09,547 - INFO - Epoch: [15][800/924] Loss: 0.1309 MAE: 0.2078 LR: 0.005000
2024-04-23 11:15:35,453 - INFO - Epoch: [15][900/924] Loss: 0.1190 MAE: 0.2079 LR: 0.005000
2024-04-23 11:15:41,433 - INFO - Epoch: [15][923/924] Loss: 0.1210 MAE: 0.2079 LR: 0.005000
2024-04-23 11:15:50,067 - INFO - Epoch: [15][39/40] Val Loss: 0.0636 Val MAE: 0.1681
2024-04-23 11:15:50,116 - INFO - Training Loss: 0.1209736242890358
2024-04-23 11:15:50,116 - INFO - Training MAE: 0.2078944696718222
2024-04-23 11:15:50,116 - INFO - Training Time: 240.18741631507874s
2024-04-23 11:15:50,116 - INFO - Validation Loss: 0.06357728689908981
2024-04-23 11:15:50,116 - INFO - Validation MAE: 0.16809013707637788
2024-04-23 11:15:50,117 - INFO - Validation Time: 8.563658475875854s
2024-04-23 11:15:50,117 - INFO - New best model and val_loss updated
2024-04-23 11:15:51,387 - INFO - Epoch: [16][0/924] Loss: 0.1207 MAE: 0.2075 LR: 0.005000
2024-04-23 11:16:17,020 - INFO - Epoch: [16][100/924] Loss: 0.1174 MAE: 0.2075 LR: 0.005000
2024-04-23 11:16:42,469 - INFO - Epoch: [16][200/924] Loss: 0.1242 MAE: 0.2073 LR: 0.005000
2024-04-23 11:17:08,078 - INFO - Epoch: [16][300/924] Loss: 0.1161 MAE: 0.2074 LR: 0.005000
2024-04-23 11:17:33,298 - INFO - Epoch: [16][400/924] Loss: 0.1362 MAE: 0.2077 LR: 0.005000
2024-04-23 11:17:58,685 - INFO - Epoch: [16][500/924] Loss: 0.1133 MAE: 0.2076 LR: 0.005000
2024-04-23 11:18:24,033 - INFO - Epoch: [16][600/924] Loss: 0.1176 MAE: 0.2077 LR: 0.005000
2024-04-23 11:18:49,544 - INFO - Epoch: [16][700/924] Loss: 0.1205 MAE: 0.2076 LR: 0.005000
2024-04-23 11:19:15,248 - INFO - Epoch: [16][800/924] Loss: 0.1198 MAE: 0.2076 LR: 0.005000
2024-04-23 11:19:40,638 - INFO - Epoch: [16][900/924] Loss: 0.1253 MAE: 0.2075 LR: 0.005000
2024-04-23 11:19:46,543 - INFO - Epoch: [16][923/924] Loss: 0.1204 MAE: 0.2075 LR: 0.005000
2024-04-23 11:19:55,073 - INFO - Epoch: [16][39/40] Val Loss: 0.0640 Val MAE: 0.1660
2024-04-23 11:19:55,124 - INFO - Training Loss: 0.12036323547363281
2024-04-23 11:19:55,124 - INFO - Training MAE: 0.20745350770426518
2024-04-23 11:19:55,124 - INFO - Training Time: 236.54512810707092s
2024-04-23 11:19:55,124 - INFO - Validation Loss: 0.06399183720350266
2024-04-23 11:19:55,124 - INFO - Validation MAE: 0.16595824501514433
2024-04-23 11:19:55,124 - INFO - Validation Time: 8.461273670196533s
2024-04-23 11:19:56,498 - INFO - Epoch: [17][0/924] Loss: 0.1182 MAE: 0.2028 LR: 0.005000
2024-04-23 11:20:22,143 - INFO - Epoch: [17][100/924] Loss: 0.1199 MAE: 0.2082 LR: 0.005000
2024-04-23 11:20:48,058 - INFO - Epoch: [17][200/924] Loss: 0.1246 MAE: 0.2081 LR: 0.005000
2024-04-23 11:21:13,992 - INFO - Epoch: [17][300/924] Loss: 0.1242 MAE: 0.2076 LR: 0.005000
2024-04-23 11:21:39,578 - INFO - Epoch: [17][400/924] Loss: 0.1192 MAE: 0.2076 LR: 0.005000
2024-04-23 11:22:05,287 - INFO - Epoch: [17][500/924] Loss: 0.1286 MAE: 0.2076 LR: 0.005000
2024-04-23 11:22:33,158 - INFO - Epoch: [17][600/924] Loss: 0.1215 MAE: 0.2075 LR: 0.005000
2024-04-23 11:22:58,801 - INFO - Epoch: [17][700/924] Loss: 0.1207 MAE: 0.2075 LR: 0.005000
2024-04-23 11:23:24,544 - INFO - Epoch: [17][800/924] Loss: 0.1230 MAE: 0.2073 LR: 0.005000
2024-04-23 11:23:50,453 - INFO - Epoch: [17][900/924] Loss: 0.1141 MAE: 0.2072 LR: 0.005000
2024-04-23 11:23:55,803 - INFO - Epoch: [17][923/924] Loss: 0.1198 MAE: 0.2072 LR: 0.005000
2024-04-23 11:24:04,437 - INFO - Epoch: [17][39/40] Val Loss: 0.0671 Val MAE: 0.1656
2024-04-23 11:24:04,487 - INFO - Training Loss: 0.11978428065776825
2024-04-23 11:24:04,487 - INFO - Training MAE: 0.2072054058700413
2024-04-23 11:24:04,487 - INFO - Training Time: 240.79799890518188s
2024-04-23 11:24:04,487 - INFO - Validation Loss: 0.06707195192575455
2024-04-23 11:24:04,487 - INFO - Validation MAE: 0.1655761976480484
2024-04-23 11:24:04,487 - INFO - Validation Time: 8.563927412033081s
2024-04-23 11:24:05,776 - INFO - Epoch: [18][0/924] Loss: 0.1166 MAE: 0.1998 LR: 0.005000
2024-04-23 11:24:32,023 - INFO - Epoch: [18][100/924] Loss: 0.1201 MAE: 0.2062 LR: 0.005000
2024-04-23 11:24:57,616 - INFO - Epoch: [18][200/924] Loss: 0.1265 MAE: 0.2065 LR: 0.005000
2024-04-23 11:25:23,371 - INFO - Epoch: [18][300/924] Loss: 0.1224 MAE: 0.2068 LR: 0.005000
2024-04-23 11:25:49,150 - INFO - Epoch: [18][400/924] Loss: 0.1295 MAE: 0.2071 LR: 0.005000
2024-04-23 11:26:14,920 - INFO - Epoch: [18][500/924] Loss: 0.1222 MAE: 0.2073 LR: 0.005000
2024-04-23 11:26:40,282 - INFO - Epoch: [18][600/924] Loss: 0.1290 MAE: 0.2071 LR: 0.005000
2024-04-23 11:27:05,999 - INFO - Epoch: [18][700/924] Loss: 0.1190 MAE: 0.2070 LR: 0.005000
2024-04-23 11:27:31,883 - INFO - Epoch: [18][800/924] Loss: 0.1193 MAE: 0.2070 LR: 0.005000
2024-04-23 11:27:57,460 - INFO - Epoch: [18][900/924] Loss: 0.1239 MAE: 0.2071 LR: 0.005000
2024-04-23 11:28:03,171 - INFO - Epoch: [18][923/924] Loss: 0.1246 MAE: 0.2072 LR: 0.005000
2024-04-23 11:28:11,552 - INFO - Epoch: [18][39/40] Val Loss: 0.0648 Val MAE: 0.1656
2024-04-23 11:28:11,601 - INFO - Training Loss: 0.12455803900957108
2024-04-23 11:28:11,601 - INFO - Training MAE: 0.20717090189263418
2024-04-23 11:28:11,601 - INFO - Training Time: 238.80334401130676s
2024-04-23 11:28:11,601 - INFO - Validation Loss: 0.0647985115647316
2024-04-23 11:28:11,601 - INFO - Validation MAE: 0.16561666038036346
2024-04-23 11:28:11,601 - INFO - Validation Time: 8.309550762176514s
2024-04-23 11:28:12,914 - INFO - Epoch: [19][0/924] Loss: 0.1194 MAE: 0.2006 LR: 0.005000
2024-04-23 11:28:38,169 - INFO - Epoch: [19][100/924] Loss: 0.1275 MAE: 0.2073 LR: 0.005000
2024-04-23 11:29:03,202 - INFO - Epoch: [19][200/924] Loss: 0.1183 MAE: 0.2067 LR: 0.005000
2024-04-23 11:29:28,690 - INFO - Epoch: [19][300/924] Loss: 0.1254 MAE: 0.2068 LR: 0.005000
2024-04-23 11:29:54,561 - INFO - Epoch: [19][400/924] Loss: 0.1232 MAE: 0.2068 LR: 0.005000
2024-04-23 11:30:20,229 - INFO - Epoch: [19][500/924] Loss: 0.1157 MAE: 0.2069 LR: 0.005000
2024-04-23 11:30:45,611 - INFO - Epoch: [19][600/924] Loss: 0.1292 MAE: 0.2069 LR: 0.005000
2024-04-23 11:31:11,148 - INFO - Epoch: [19][700/924] Loss: 0.1215 MAE: 0.2069 LR: 0.005000
2024-04-23 11:31:36,979 - INFO - Epoch: [19][800/924] Loss: 0.1188 MAE: 0.2069 LR: 0.005000
2024-04-23 11:32:02,759 - INFO - Epoch: [19][900/924] Loss: 0.1198 MAE: 0.2069 LR: 0.005000
2024-04-23 11:32:08,723 - INFO - Epoch: [19][923/924] Loss: 0.1226 MAE: 0.2069 LR: 0.005000
2024-04-23 11:32:17,289 - INFO - Epoch: [19][39/40] Val Loss: 0.0644 Val MAE: 0.1643
2024-04-23 11:32:17,345 - INFO - Training Loss: 0.12264673411846161
2024-04-23 11:32:17,345 - INFO - Training MAE: 0.20688476677967874
2024-04-23 11:32:17,345 - INFO - Training Time: 237.2363259792328s
2024-04-23 11:32:17,345 - INFO - Validation Loss: 0.0644138976931572
2024-04-23 11:32:17,345 - INFO - Validation MAE: 0.16432613844871521
2024-04-23 11:32:17,345 - INFO - Validation Time: 8.506002426147461s
2024-04-23 11:32:18,696 - INFO - Epoch: [20][0/924] Loss: 0.1248 MAE: 0.2060 LR: 0.005000
2024-04-23 11:32:44,755 - INFO - Epoch: [20][100/924] Loss: 0.1212 MAE: 0.2066 LR: 0.005000
2024-04-23 11:33:10,644 - INFO - Epoch: [20][200/924] Loss: 0.1112 MAE: 0.2070 LR: 0.005000
2024-04-23 11:33:36,501 - INFO - Epoch: [20][300/924] Loss: 0.1235 MAE: 0.2071 LR: 0.005000
2024-04-23 11:34:02,143 - INFO - Epoch: [20][400/924] Loss: 0.1289 MAE: 0.2070 LR: 0.005000
2024-04-23 11:34:27,964 - INFO - Epoch: [20][500/924] Loss: 0.1226 MAE: 0.2068 LR: 0.005000
2024-04-23 11:34:53,396 - INFO - Epoch: [20][600/924] Loss: 0.1163 MAE: 0.2068 LR: 0.005000
2024-04-23 11:35:18,936 - INFO - Epoch: [20][700/924] Loss: 0.1136 MAE: 0.2068 LR: 0.005000
2024-04-23 11:35:44,611 - INFO - Epoch: [20][800/924] Loss: 0.1118 MAE: 0.2067 LR: 0.005000
2024-04-23 11:36:10,404 - INFO - Epoch: [20][900/924] Loss: 0.1223 MAE: 0.2068 LR: 0.005000
2024-04-23 11:36:16,414 - INFO - Epoch: [20][923/924] Loss: 0.1227 MAE: 0.2068 LR: 0.005000
2024-04-23 11:36:25,320 - INFO - Epoch: [20][39/40] Val Loss: 0.0636 Val MAE: 0.1653
2024-04-23 11:36:25,372 - INFO - Training Loss: 0.12267070263624191
2024-04-23 11:36:25,372 - INFO - Training MAE: 0.206794981284317
2024-04-23 11:36:25,372 - INFO - Training Time: 239.1846408843994s
2024-04-23 11:36:25,372 - INFO - Validation Loss: 0.06362531334161758
2024-04-23 11:36:25,372 - INFO - Validation MAE: 0.1653378310918808
2024-04-23 11:36:25,372 - INFO - Validation Time: 8.841573476791382s
2024-04-23 11:36:26,637 - INFO - Epoch: [21][0/924] Loss: 0.1231 MAE: 0.2054 LR: 0.005000
2024-04-23 11:36:52,320 - INFO - Epoch: [21][100/924] Loss: 0.1188 MAE: 0.2073 LR: 0.005000
2024-04-23 11:37:18,161 - INFO - Epoch: [21][200/924] Loss: 0.1139 MAE: 0.2072 LR: 0.005000
2024-04-23 11:37:43,804 - INFO - Epoch: [21][300/924] Loss: 0.1194 MAE: 0.2070 LR: 0.005000
2024-04-23 11:38:09,793 - INFO - Epoch: [21][400/924] Loss: 0.1198 MAE: 0.2069 LR: 0.005000
2024-04-23 11:38:35,330 - INFO - Epoch: [21][500/924] Loss: 0.1299 MAE: 0.2069 LR: 0.005000
2024-04-23 11:39:00,916 - INFO - Epoch: [21][600/924] Loss: 0.1206 MAE: 0.2069 LR: 0.005000
2024-04-23 11:39:26,462 - INFO - Epoch: [21][700/924] Loss: 0.1185 MAE: 0.2070 LR: 0.005000
2024-04-23 11:39:51,614 - INFO - Epoch: [21][800/924] Loss: 0.1254 MAE: 0.2069 LR: 0.005000
2024-04-23 11:40:17,159 - INFO - Epoch: [21][900/924] Loss: 0.1215 MAE: 0.2068 LR: 0.005000
2024-04-23 11:40:22,400 - INFO - Epoch: [21][923/924] Loss: 0.1309 MAE: 0.2068 LR: 0.005000
2024-04-23 11:40:30,926 - INFO - Epoch: [21][39/40] Val Loss: 0.0637 Val MAE: 0.1636
2024-04-23 11:40:30,981 - INFO - Training Loss: 0.13086384534835815
2024-04-23 11:40:30,981 - INFO - Training MAE: 0.20677412588358957
2024-04-23 11:40:30,981 - INFO - Training Time: 237.14601922035217s
2024-04-23 11:40:30,981 - INFO - Validation Loss: 0.06367561221122742
2024-04-23 11:40:30,981 - INFO - Validation MAE: 0.16356033341884613
2024-04-23 11:40:30,981 - INFO - Validation Time: 8.461565494537354s
2024-04-23 11:40:32,285 - INFO - Epoch: [22][0/924] Loss: 0.1271 MAE: 0.2150 LR: 0.005000
2024-04-23 11:40:57,788 - INFO - Epoch: [22][100/924] Loss: 0.1193 MAE: 0.2067 LR: 0.005000
2024-04-23 11:41:23,589 - INFO - Epoch: [22][200/924] Loss: 0.1263 MAE: 0.2071 LR: 0.005000
2024-04-23 11:41:49,429 - INFO - Epoch: [22][300/924] Loss: 0.1239 MAE: 0.2070 LR: 0.005000
2024-04-23 11:42:15,171 - INFO - Epoch: [22][400/924] Loss: 0.1118 MAE: 0.2069 LR: 0.005000
2024-04-23 11:42:40,665 - INFO - Epoch: [22][500/924] Loss: 0.1202 MAE: 0.2067 LR: 0.005000
2024-04-23 11:43:06,407 - INFO - Epoch: [22][600/924] Loss: 0.1212 MAE: 0.2067 LR: 0.005000
2024-04-23 11:43:31,986 - INFO - Epoch: [22][700/924] Loss: 0.1294 MAE: 0.2066 LR: 0.005000
2024-04-23 11:43:57,526 - INFO - Epoch: [22][800/924] Loss: 0.1208 MAE: 0.2066 LR: 0.005000
2024-04-23 11:44:23,408 - INFO - Epoch: [22][900/924] Loss: 0.1245 MAE: 0.2066 LR: 0.005000
2024-04-23 11:44:28,552 - INFO - Epoch: [22][923/924] Loss: 0.1206 MAE: 0.2066 LR: 0.005000
2024-04-23 11:44:36,996 - INFO - Epoch: [22][39/40] Val Loss: 0.0633 Val MAE: 0.1643
2024-04-23 11:44:37,041 - INFO - Training Loss: 0.12057360261678696
2024-04-23 11:44:37,041 - INFO - Training MAE: 0.2065950290045955
2024-04-23 11:44:37,041 - INFO - Training Time: 237.69153690338135s
2024-04-23 11:44:37,041 - INFO - Validation Loss: 0.06328856199979782
2024-04-23 11:44:37,041 - INFO - Validation MAE: 0.1642659246444702
2024-04-23 11:44:37,041 - INFO - Validation Time: 8.367121458053589s
2024-04-23 11:44:37,042 - INFO - New best model and val_loss updated
2024-04-23 11:44:38,370 - INFO - Epoch: [23][0/924] Loss: 0.1259 MAE: 0.2099 LR: 0.005000
2024-04-23 11:45:03,739 - INFO - Epoch: [23][100/924] Loss: 0.1208 MAE: 0.2058 LR: 0.005000
2024-04-23 11:45:29,713 - INFO - Epoch: [23][200/924] Loss: 0.1232 MAE: 0.2061 LR: 0.005000
2024-04-23 11:45:55,465 - INFO - Epoch: [23][300/924] Loss: 0.1264 MAE: 0.2062 LR: 0.005000
2024-04-23 11:46:21,090 - INFO - Epoch: [23][400/924] Loss: 0.1191 MAE: 0.2065 LR: 0.005000
2024-04-23 11:46:46,943 - INFO - Epoch: [23][500/924] Loss: 0.1194 MAE: 0.2063 LR: 0.005000
2024-04-23 11:47:12,593 - INFO - Epoch: [23][600/924] Loss: 0.1236 MAE: 0.2062 LR: 0.005000
2024-04-23 11:47:38,324 - INFO - Epoch: [23][700/924] Loss: 0.1210 MAE: 0.2063 LR: 0.005000
2024-04-23 11:48:04,600 - INFO - Epoch: [23][800/924] Loss: 0.1173 MAE: 0.2063 LR: 0.005000
2024-04-23 11:48:30,530 - INFO - Epoch: [23][900/924] Loss: 0.1222 MAE: 0.2065 LR: 0.005000
2024-04-23 11:48:36,230 - INFO - Epoch: [23][923/924] Loss: 0.1196 MAE: 0.2065 LR: 0.005000
2024-04-23 11:48:44,807 - INFO - Epoch: [23][39/40] Val Loss: 0.0634 Val MAE: 0.1642
2024-04-23 11:48:44,855 - INFO - Training Loss: 0.11956039816141129
2024-04-23 11:48:44,855 - INFO - Training MAE: 0.2064667527938818
2024-04-23 11:48:44,856 - INFO - Training Time: 239.31022906303406s
2024-04-23 11:48:44,856 - INFO - Validation Loss: 0.06338891386985779
2024-04-23 11:48:44,856 - INFO - Validation MAE: 0.1641709611415863
2024-04-23 11:48:44,856 - INFO - Validation Time: 8.502761125564575s
2024-04-23 11:48:46,205 - INFO - Epoch: [24][0/924] Loss: 0.1225 MAE: 0.2092 LR: 0.005000
2024-04-23 11:49:12,160 - INFO - Epoch: [24][100/924] Loss: 0.1272 MAE: 0.2071 LR: 0.005000
2024-04-23 11:49:37,898 - INFO - Epoch: [24][200/924] Loss: 0.1201 MAE: 0.2065 LR: 0.005000
2024-04-23 11:50:03,507 - INFO - Epoch: [24][300/924] Loss: 0.1289 MAE: 0.2064 LR: 0.005000
2024-04-23 11:50:29,291 - INFO - Epoch: [24][400/924] Loss: 0.1198 MAE: 0.2064 LR: 0.005000
2024-04-23 11:50:54,678 - INFO - Epoch: [24][500/924] Loss: 0.1172 MAE: 0.2063 LR: 0.005000
2024-04-23 11:51:20,222 - INFO - Epoch: [24][600/924] Loss: 0.1199 MAE: 0.2063 LR: 0.005000
2024-04-23 11:51:45,687 - INFO - Epoch: [24][700/924] Loss: 0.1192 MAE: 0.2064 LR: 0.005000
2024-04-23 11:52:11,289 - INFO - Epoch: [24][800/924] Loss: 0.1293 MAE: 0.2063 LR: 0.005000
2024-04-23 11:52:36,816 - INFO - Epoch: [24][900/924] Loss: 0.1261 MAE: 0.2064 LR: 0.005000
2024-04-23 11:52:42,373 - INFO - Epoch: [24][923/924] Loss: 0.1205 MAE: 0.2063 LR: 0.005000
2024-04-23 11:52:50,922 - INFO - Epoch: [24][39/40] Val Loss: 0.0623 Val MAE: 0.1638
2024-04-23 11:52:50,973 - INFO - Training Loss: 0.1205027848482132
2024-04-23 11:52:50,973 - INFO - Training MAE: 0.20633931129009692
2024-04-23 11:52:50,973 - INFO - Training Time: 237.63829112052917s
2024-04-23 11:52:50,974 - INFO - Validation Loss: 0.06228881701827049
2024-04-23 11:52:50,974 - INFO - Validation MAE: 0.16375400202274323
2024-04-23 11:52:50,974 - INFO - Validation Time: 8.478317022323608s
2024-04-23 11:52:50,974 - INFO - New best model and val_loss updated
2024-04-23 11:52:52,275 - INFO - Epoch: [25][0/924] Loss: 0.1249 MAE: 0.2080 LR: 0.005000
2024-04-23 11:53:18,214 - INFO - Epoch: [25][100/924] Loss: 0.1208 MAE: 0.2059 LR: 0.005000
2024-04-23 11:53:44,249 - INFO - Epoch: [25][200/924] Loss: 0.1228 MAE: 0.2057 LR: 0.005000
2024-04-23 11:54:10,227 - INFO - Epoch: [25][300/924] Loss: 0.1227 MAE: 0.2059 LR: 0.005000
2024-04-23 11:54:36,029 - INFO - Epoch: [25][400/924] Loss: 0.1165 MAE: 0.2060 LR: 0.005000
2024-04-23 11:55:01,788 - INFO - Epoch: [25][500/924] Loss: 0.1220 MAE: 0.2062 LR: 0.005000
2024-04-23 11:55:27,234 - INFO - Epoch: [25][600/924] Loss: 0.1232 MAE: 0.2063 LR: 0.005000
2024-04-23 11:55:52,695 - INFO - Epoch: [25][700/924] Loss: 0.1206 MAE: 0.2062 LR: 0.005000
2024-04-23 11:56:18,296 - INFO - Epoch: [25][800/924] Loss: 0.1203 MAE: 0.2062 LR: 0.005000
2024-04-23 11:56:43,968 - INFO - Epoch: [25][900/924] Loss: 0.1227 MAE: 0.2062 LR: 0.005000
2024-04-23 11:56:49,866 - INFO - Epoch: [25][923/924] Loss: 0.1194 MAE: 0.2062 LR: 0.005000
2024-04-23 11:56:58,372 - INFO - Epoch: [25][39/40] Val Loss: 0.0631 Val MAE: 0.1649
2024-04-23 11:56:58,418 - INFO - Training Loss: 0.1194010078907013
2024-04-23 11:56:58,418 - INFO - Training MAE: 0.20620820031086087
2024-04-23 11:56:58,418 - INFO - Training Time: 239.0106382369995s
2024-04-23 11:56:58,418 - INFO - Validation Loss: 0.0631416067481041
2024-04-23 11:56:58,419 - INFO - Validation MAE: 0.16487747173309325
2024-04-23 11:56:58,419 - INFO - Validation Time: 8.432978630065918s
2024-04-23 11:56:59,765 - INFO - Epoch: [26][0/924] Loss: 0.1210 MAE: 0.2038 LR: 0.005000
2024-04-23 11:57:25,457 - INFO - Epoch: [26][100/924] Loss: 0.1208 MAE: 0.2056 LR: 0.005000
2024-04-23 11:57:51,341 - INFO - Epoch: [26][200/924] Loss: 0.1284 MAE: 0.2058 LR: 0.005000
2024-04-23 11:58:18,681 - INFO - Epoch: [26][300/924] Loss: 0.1239 MAE: 0.2059 LR: 0.005000
2024-04-23 11:58:44,340 - INFO - Epoch: [26][400/924] Loss: 0.1244 MAE: 0.2059 LR: 0.005000
2024-04-23 11:59:09,910 - INFO - Epoch: [26][500/924] Loss: 0.1172 MAE: 0.2056 LR: 0.005000
2024-04-23 11:59:35,409 - INFO - Epoch: [26][600/924] Loss: 0.1262 MAE: 0.2058 LR: 0.005000
2024-04-23 12:00:00,995 - INFO - Epoch: [26][700/924] Loss: 0.1202 MAE: 0.2057 LR: 0.005000
2024-04-23 12:00:26,575 - INFO - Epoch: [26][800/924] Loss: 0.1158 MAE: 0.2057 LR: 0.005000
2024-04-23 12:00:52,421 - INFO - Epoch: [26][900/924] Loss: 0.1234 MAE: 0.2057 LR: 0.005000
2024-04-23 12:00:57,676 - INFO - Epoch: [26][923/924] Loss: 0.1201 MAE: 0.2057 LR: 0.005000
2024-04-23 12:01:06,108 - INFO - Epoch: [26][39/40] Val Loss: 0.0636 Val MAE: 0.1641
2024-04-23 12:01:06,153 - INFO - Training Loss: 0.12007370591163635
2024-04-23 12:01:06,153 - INFO - Training MAE: 0.20569902806829066
2024-04-23 12:01:06,153 - INFO - Training Time: 239.38118720054626s
2024-04-23 12:01:06,154 - INFO - Validation Loss: 0.06359333544969559
2024-04-23 12:01:06,154 - INFO - Validation MAE: 0.1641241576910019
2024-04-23 12:01:06,154 - INFO - Validation Time: 8.352700233459473s
2024-04-23 12:01:07,489 - INFO - Epoch: [27][0/924] Loss: 0.1185 MAE: 0.2043 LR: 0.005000
2024-04-23 12:01:32,797 - INFO - Epoch: [27][100/924] Loss: 0.1173 MAE: 0.2052 LR: 0.005000
2024-04-23 12:01:58,253 - INFO - Epoch: [27][200/924] Loss: 0.1275 MAE: 0.2053 LR: 0.005000
2024-04-23 12:02:23,796 - INFO - Epoch: [27][300/924] Loss: 0.1262 MAE: 0.2057 LR: 0.005000
2024-04-23 12:02:49,594 - INFO - Epoch: [27][400/924] Loss: 0.1176 MAE: 0.2058 LR: 0.005000
2024-04-23 12:03:15,257 - INFO - Epoch: [27][500/924] Loss: 0.1218 MAE: 0.2058 LR: 0.005000
2024-04-23 12:03:41,076 - INFO - Epoch: [27][600/924] Loss: 0.1178 MAE: 0.2056 LR: 0.005000
2024-04-23 12:04:06,872 - INFO - Epoch: [27][700/924] Loss: 0.1224 MAE: 0.2055 LR: 0.005000
2024-04-23 12:04:32,434 - INFO - Epoch: [27][800/924] Loss: 0.1226 MAE: 0.2056 LR: 0.005000
2024-04-23 12:04:58,095 - INFO - Epoch: [27][900/924] Loss: 0.1280 MAE: 0.2056 LR: 0.005000
2024-04-23 12:05:03,368 - INFO - Epoch: [27][923/924] Loss: 0.1237 MAE: 0.2056 LR: 0.005000
2024-04-23 12:05:11,921 - INFO - Epoch: [27][39/40] Val Loss: 0.0619 Val MAE: 0.1647
2024-04-23 12:05:11,971 - INFO - Training Loss: 0.12368609756231308
2024-04-23 12:05:11,971 - INFO - Training MAE: 0.20558380906458024
2024-04-23 12:05:11,971 - INFO - Training Time: 237.33223342895508s
2024-04-23 12:05:11,971 - INFO - Validation Loss: 0.06189795210957527
2024-04-23 12:05:11,971 - INFO - Validation MAE: 0.16473170082569122
2024-04-23 12:05:11,971 - INFO - Validation Time: 8.484003067016602s
2024-04-23 12:05:11,971 - INFO - New best model and val_loss updated
2024-04-23 12:05:13,296 - INFO - Epoch: [28][0/924] Loss: 0.1206 MAE: 0.2033 LR: 0.005000
2024-04-23 12:05:39,123 - INFO - Epoch: [28][100/924] Loss: 0.1210 MAE: 0.2054 LR: 0.005000
2024-04-23 12:06:04,976 - INFO - Epoch: [28][200/924] Loss: 0.1200 MAE: 0.2049 LR: 0.005000
2024-04-23 12:06:30,813 - INFO - Epoch: [28][300/924] Loss: 0.1211 MAE: 0.2050 LR: 0.005000
2024-04-23 12:06:56,339 - INFO - Epoch: [28][400/924] Loss: 0.1207 MAE: 0.2051 LR: 0.005000
2024-04-23 12:07:21,902 - INFO - Epoch: [28][500/924] Loss: 0.1288 MAE: 0.2054 LR: 0.005000
2024-04-23 12:07:47,755 - INFO - Epoch: [28][600/924] Loss: 0.1180 MAE: 0.2055 LR: 0.005000
2024-04-23 12:08:13,798 - INFO - Epoch: [28][700/924] Loss: 0.1154 MAE: 0.2056 LR: 0.005000
2024-04-23 12:08:39,701 - INFO - Epoch: [28][800/924] Loss: 0.1193 MAE: 0.2057 LR: 0.005000
2024-04-23 12:09:05,434 - INFO - Epoch: [28][900/924] Loss: 0.1205 MAE: 0.2057 LR: 0.005000
2024-04-23 12:09:10,750 - INFO - Epoch: [28][923/924] Loss: 0.1202 MAE: 0.2057 LR: 0.005000
2024-04-23 12:09:19,340 - INFO - Epoch: [28][39/40] Val Loss: 0.0618 Val MAE: 0.1646
2024-04-23 12:09:19,387 - INFO - Training Loss: 0.12017498165369034
2024-04-23 12:09:19,388 - INFO - Training MAE: 0.20565034149142056
2024-04-23 12:09:19,388 - INFO - Training Time: 238.89505767822266s
2024-04-23 12:09:19,388 - INFO - Validation Loss: 0.061846792697906494
2024-04-23 12:09:19,388 - INFO - Validation MAE: 0.16459936504364014
2024-04-23 12:09:19,388 - INFO - Validation Time: 8.520443677902222s
2024-04-23 12:09:19,388 - INFO - New best model and val_loss updated
2024-04-23 12:09:20,743 - INFO - Epoch: [29][0/924] Loss: 0.1291 MAE: 0.2152 LR: 0.005000
2024-04-23 12:09:46,621 - INFO - Epoch: [29][100/924] Loss: 0.1199 MAE: 0.2053 LR: 0.005000
2024-04-23 12:10:12,470 - INFO - Epoch: [29][200/924] Loss: 0.1276 MAE: 0.2055 LR: 0.005000
2024-04-23 12:10:40,107 - INFO - Epoch: [29][300/924] Loss: 0.1185 MAE: 0.2055 LR: 0.005000
2024-04-23 12:11:06,028 - INFO - Epoch: [29][400/924] Loss: 0.1223 MAE: 0.2055 LR: 0.005000
2024-04-23 12:11:31,668 - INFO - Epoch: [29][500/924] Loss: 0.1165 MAE: 0.2057 LR: 0.005000
2024-04-23 12:11:57,147 - INFO - Epoch: [29][600/924] Loss: 0.1221 MAE: 0.2056 LR: 0.005000
2024-04-23 12:12:22,963 - INFO - Epoch: [29][700/924] Loss: 0.1283 MAE: 0.2054 LR: 0.005000
2024-04-23 12:12:48,767 - INFO - Epoch: [29][800/924] Loss: 0.1255 MAE: 0.2055 LR: 0.005000
2024-04-23 12:13:14,707 - INFO - Epoch: [29][900/924] Loss: 0.1241 MAE: 0.2055 LR: 0.005000
2024-04-23 12:13:20,617 - INFO - Epoch: [29][923/924] Loss: 0.1236 MAE: 0.2055 LR: 0.005000
2024-04-23 12:13:29,198 - INFO - Epoch: [29][39/40] Val Loss: 0.0615 Val MAE: 0.1627
2024-04-23 12:13:29,244 - INFO - Training Loss: 0.12362268567085266
2024-04-23 12:13:29,245 - INFO - Training MAE: 0.20546283485827507
2024-04-23 12:13:29,245 - INFO - Training Time: 241.34824228286743s
2024-04-23 12:13:29,245 - INFO - Validation Loss: 0.06149718910455704
2024-04-23 12:13:29,245 - INFO - Validation MAE: 0.16272618896961213
2024-04-23 12:13:29,245 - INFO - Validation Time: 8.50748872756958s
2024-04-23 12:13:29,245 - INFO - New best model and val_loss updated
2024-04-23 12:13:30,608 - INFO - Epoch: [30][0/924] Loss: 0.1172 MAE: 0.1982 LR: 0.005000
2024-04-23 12:13:56,729 - INFO - Epoch: [30][100/924] Loss: 0.1148 MAE: 0.2040 LR: 0.005000
2024-04-23 12:14:22,317 - INFO - Epoch: [30][200/924] Loss: 0.1229 MAE: 0.2045 LR: 0.005000
2024-04-23 12:14:48,194 - INFO - Epoch: [30][300/924] Loss: 0.1187 MAE: 0.2046 LR: 0.005000
2024-04-23 12:15:13,773 - INFO - Epoch: [30][400/924] Loss: 0.1144 MAE: 0.2051 LR: 0.005000
2024-04-23 12:15:39,727 - INFO - Epoch: [30][500/924] Loss: 0.1146 MAE: 0.2053 LR: 0.005000
2024-04-23 12:16:05,242 - INFO - Epoch: [30][600/924] Loss: 0.1210 MAE: 0.2053 LR: 0.005000
2024-04-23 12:16:30,517 - INFO - Epoch: [30][700/924] Loss: 0.1174 MAE: 0.2054 LR: 0.005000
2024-04-23 12:16:56,241 - INFO - Epoch: [30][800/924] Loss: 0.1212 MAE: 0.2054 LR: 0.005000
2024-04-23 12:17:21,946 - INFO - Epoch: [30][900/924] Loss: 0.1173 MAE: 0.2054 LR: 0.005000
2024-04-23 12:17:27,380 - INFO - Epoch: [30][923/924] Loss: 0.1207 MAE: 0.2054 LR: 0.005000
2024-04-23 12:17:36,095 - INFO - Epoch: [30][39/40] Val Loss: 0.0652 Val MAE: 0.1642
2024-04-23 12:17:36,566 - INFO - Training Loss: 0.12071285396814346
2024-04-23 12:17:36,566 - INFO - Training MAE: 0.2053772686976633
2024-04-23 12:17:36,566 - INFO - Training Time: 238.25199365615845s
2024-04-23 12:17:36,566 - INFO - Validation Loss: 0.06515417248010635
2024-04-23 12:17:36,566 - INFO - Validation MAE: 0.164248654961586
2024-04-23 12:17:36,566 - INFO - Validation Time: 8.652014970779419s
2024-04-23 12:17:43,518 - INFO - Number of PET training samples: 5173
2024-04-23 12:17:45,586 - INFO - Starting fine tune loop
2024-04-23 12:21:49,676 - INFO - Epoch 1: Training Loss = 1.30288, Training Dice Score = 0.52569,Training Binary Dice Score = 0.55214
2024-04-23 12:21:55,267 - INFO - Epoch 1: Validation Loss = 0.72268, Validation Dice Score = 0.51836,Validation Binary Dice Score = 0.51836
2024-04-23 12:21:55,267 - INFO - New best model and val_loss updated
2024-04-23 12:22:30,170 - INFO - Epoch 2: Training Loss = 1.29854, Training Dice Score = 0.47081,Training Binary Dice Score = 0.47093
2024-04-23 12:22:35,070 - INFO - Epoch 2: Validation Loss = 0.67815, Validation Dice Score = 0.55461,Validation Binary Dice Score = 0.55460
2024-04-23 12:22:35,070 - INFO - New best model and val_loss updated
2024-04-23 12:23:11,135 - INFO - Epoch 3: Training Loss = 1.32648, Training Dice Score = 0.40743,Training Binary Dice Score = 0.40747
2024-04-23 12:23:16,042 - INFO - Epoch 3: Validation Loss = 0.66782, Validation Dice Score = 0.25055,Validation Binary Dice Score = 0.25055
2024-04-23 12:23:16,042 - INFO - New best model and val_loss updated
2024-04-23 12:23:52,327 - INFO - Epoch 4: Training Loss = 1.32879, Training Dice Score = 0.32133,Training Binary Dice Score = 0.32135
2024-04-23 12:23:57,106 - INFO - Epoch 4: Validation Loss = 0.68398, Validation Dice Score = 0.52764,Validation Binary Dice Score = 0.52765
2024-04-23 12:24:33,652 - INFO - Epoch 5: Training Loss = 1.30450, Training Dice Score = 0.48958,Training Binary Dice Score = 0.48978
2024-04-23 12:24:38,709 - INFO - Epoch 5: Validation Loss = 0.64852, Validation Dice Score = 0.49020,Validation Binary Dice Score = 0.49023
2024-04-23 12:24:38,709 - INFO - New best model and val_loss updated
2024-04-23 12:25:15,317 - INFO - Epoch 6: Training Loss = 1.28983, Training Dice Score = 0.52682,Training Binary Dice Score = 0.52684
2024-04-23 12:25:20,187 - INFO - Epoch 6: Validation Loss = 0.64393, Validation Dice Score = 0.51972,Validation Binary Dice Score = 0.51976
2024-04-23 12:25:20,187 - INFO - New best model and val_loss updated
2024-04-23 12:25:56,307 - INFO - Epoch 7: Training Loss = 1.28855, Training Dice Score = 0.53485,Training Binary Dice Score = 0.53486
2024-04-23 12:26:01,260 - INFO - Epoch 7: Validation Loss = 0.65727, Validation Dice Score = 0.23269,Validation Binary Dice Score = 0.23265
2024-04-23 12:26:36,020 - INFO - Epoch 8: Training Loss = 1.28756, Training Dice Score = 0.50747,Training Binary Dice Score = 0.50748
2024-04-23 12:26:40,901 - INFO - Epoch 8: Validation Loss = 0.66913, Validation Dice Score = 0.56773,Validation Binary Dice Score = 0.56774
2024-04-23 12:27:16,365 - INFO - Epoch 9: Training Loss = 1.29651, Training Dice Score = 0.55164,Training Binary Dice Score = 0.55164
2024-04-23 12:27:21,217 - INFO - Epoch 9: Validation Loss = 0.66736, Validation Dice Score = 0.06594,Validation Binary Dice Score = 0.06592
2024-04-23 12:27:57,102 - INFO - Epoch 10: Training Loss = 1.31692, Training Dice Score = 0.39074,Training Binary Dice Score = 0.39074
2024-04-23 12:28:02,023 - INFO - Epoch 10: Validation Loss = 0.66277, Validation Dice Score = 0.54958,Validation Binary Dice Score = 0.54961
2024-04-23 12:28:36,911 - INFO - Epoch 11: Training Loss = 1.30245, Training Dice Score = 0.47986,Training Binary Dice Score = 0.47987
2024-04-23 12:28:41,692 - INFO - Epoch 11: Validation Loss = 0.64980, Validation Dice Score = 0.54622,Validation Binary Dice Score = 0.54626
2024-04-23 12:29:18,113 - INFO - Epoch 12: Training Loss = 1.29277, Training Dice Score = 0.51286,Training Binary Dice Score = 0.51326
2024-04-23 12:29:23,139 - INFO - Epoch 12: Validation Loss = 0.65367, Validation Dice Score = 0.56425,Validation Binary Dice Score = 0.56426
2024-04-23 12:29:59,597 - INFO - Epoch 13: Training Loss = 1.29707, Training Dice Score = 0.49138,Training Binary Dice Score = 0.49158
2024-04-23 12:30:04,344 - INFO - Epoch 13: Validation Loss = 0.65987, Validation Dice Score = 0.21774,Validation Binary Dice Score = 0.21797
2024-04-23 12:30:39,860 - INFO - Epoch 14: Training Loss = 1.28853, Training Dice Score = 0.53222,Training Binary Dice Score = 0.53225
2024-04-23 12:30:44,267 - INFO - Epoch 14: Validation Loss = 0.64823, Validation Dice Score = 0.59812,Validation Binary Dice Score = 0.59813
2024-04-23 12:31:20,611 - INFO - Epoch 15: Training Loss = 1.27725, Training Dice Score = 0.55611,Training Binary Dice Score = 0.55612
2024-04-23 12:31:25,534 - INFO - Epoch 15: Validation Loss = 0.64820, Validation Dice Score = 0.38710,Validation Binary Dice Score = 0.38713
2024-04-23 12:31:59,493 - INFO - Epoch 16: Training Loss = 1.28093, Training Dice Score = 0.53800,Training Binary Dice Score = 0.53802
2024-04-23 12:32:04,187 - INFO - Epoch 16: Validation Loss = 0.66146, Validation Dice Score = 0.60218,Validation Binary Dice Score = 0.60220
2024-04-23 12:32:39,599 - INFO - Epoch 17: Training Loss = 1.27086, Training Dice Score = 0.61918,Training Binary Dice Score = 0.61920
2024-04-23 12:32:44,971 - INFO - Epoch 17: Validation Loss = 0.63900, Validation Dice Score = 0.58001,Validation Binary Dice Score = 0.58003
2024-04-23 12:32:44,971 - INFO - New best model and val_loss updated
2024-04-23 12:33:19,837 - INFO - Epoch 18: Training Loss = 1.27329, Training Dice Score = 0.55828,Training Binary Dice Score = 0.55847
2024-04-23 12:33:24,758 - INFO - Epoch 18: Validation Loss = 0.65332, Validation Dice Score = 0.51576,Validation Binary Dice Score = 0.51577
2024-04-23 12:34:00,835 - INFO - Epoch 19: Training Loss = 1.28959, Training Dice Score = 0.53357,Training Binary Dice Score = 0.53379
2024-04-23 12:34:05,511 - INFO - Epoch 19: Validation Loss = 0.65310, Validation Dice Score = 0.58521,Validation Binary Dice Score = 0.58521
2024-04-23 12:34:41,315 - INFO - Epoch 20: Training Loss = 1.29590, Training Dice Score = 0.51007,Training Binary Dice Score = 0.51011
2024-04-23 12:34:46,143 - INFO - Epoch 20: Validation Loss = 0.65322, Validation Dice Score = 0.32379,Validation Binary Dice Score = 0.32381
2024-04-23 12:35:22,089 - INFO - Epoch 21: Training Loss = 1.28587, Training Dice Score = 0.53863,Training Binary Dice Score = 0.53886
2024-04-23 12:35:26,937 - INFO - Epoch 21: Validation Loss = 0.64856, Validation Dice Score = 0.61266,Validation Binary Dice Score = 0.61270
2024-04-23 12:36:03,109 - INFO - Epoch 22: Training Loss = 1.27466, Training Dice Score = 0.57433,Training Binary Dice Score = 0.57439
2024-04-23 12:36:07,974 - INFO - Epoch 22: Validation Loss = 0.64276, Validation Dice Score = 0.47343,Validation Binary Dice Score = 0.47349
2024-04-23 12:36:42,839 - INFO - Epoch 23: Training Loss = 1.27350, Training Dice Score = 0.55764,Training Binary Dice Score = 0.55771
2024-04-23 12:36:47,947 - INFO - Epoch 23: Validation Loss = 0.64820, Validation Dice Score = 0.61919,Validation Binary Dice Score = 0.61921
2024-04-23 12:37:24,273 - INFO - Epoch 24: Training Loss = 1.27002, Training Dice Score = 0.58335,Training Binary Dice Score = 0.58342
2024-04-23 12:37:29,020 - INFO - Epoch 24: Validation Loss = 0.63707, Validation Dice Score = 0.51143,Validation Binary Dice Score = 0.51142
2024-04-23 12:37:29,020 - INFO - New best model and val_loss updated
2024-04-23 12:38:05,437 - INFO - Epoch 25: Training Loss = 1.26745, Training Dice Score = 0.59473,Training Binary Dice Score = 0.59484
2024-04-23 12:38:09,981 - INFO - Epoch 25: Validation Loss = 0.63426, Validation Dice Score = 0.65034,Validation Binary Dice Score = 0.65039
2024-04-23 12:38:09,981 - INFO - New best model and val_loss updated
2024-04-23 12:38:45,814 - INFO - Epoch 26: Training Loss = 1.26038, Training Dice Score = 0.61594,Training Binary Dice Score = 0.61617
2024-04-23 12:38:50,658 - INFO - Epoch 26: Validation Loss = 0.65175, Validation Dice Score = 0.29300,Validation Binary Dice Score = 0.29297
2024-04-23 12:39:26,505 - INFO - Epoch 27: Training Loss = 1.26466, Training Dice Score = 0.58610,Training Binary Dice Score = 0.58634
2024-04-23 12:39:31,295 - INFO - Epoch 27: Validation Loss = 0.65606, Validation Dice Score = 0.61808,Validation Binary Dice Score = 0.61809
2024-04-23 12:40:07,633 - INFO - Epoch 28: Training Loss = 1.27013, Training Dice Score = 0.61759,Training Binary Dice Score = 0.61762
2024-04-23 12:40:12,556 - INFO - Epoch 28: Validation Loss = 0.65426, Validation Dice Score = 0.27595,Validation Binary Dice Score = 0.27601
2024-04-23 12:40:48,602 - INFO - Epoch 29: Training Loss = 1.28158, Training Dice Score = 0.52318,Training Binary Dice Score = 0.52344
2024-04-23 12:40:53,431 - INFO - Epoch 29: Validation Loss = 0.64457, Validation Dice Score = 0.60564,Validation Binary Dice Score = 0.60567
2024-04-23 12:41:29,279 - INFO - Epoch 30: Training Loss = 1.26673, Training Dice Score = 0.59102,Training Binary Dice Score = 0.59103
2024-04-23 12:41:34,320 - INFO - Epoch 30: Validation Loss = 0.63774, Validation Dice Score = 0.49065,Validation Binary Dice Score = 0.49199
2024-04-23 12:41:34,466 - INFO - Evaluating fine tuned model
2024-04-23 12:41:34,466 - INFO - Total batches expected: 12
2024-04-23 12:41:48,224 - INFO - Test Loss: 0.63736
2024-04-23 12:41:48,224 - INFO - Accuracy: 0.79091
2024-04-23 12:41:48,224 - INFO - IoU: 0.42167
2024-04-23 12:41:48,224 - INFO - Sensitivity: 0.51294
2024-04-23 12:41:48,224 - INFO - Specificity: 0.90841
2024-04-23 12:41:48,224 - INFO - Precision: 0.70336
2024-04-23 12:41:48,224 - INFO - F1 Score: 0.59304
2024-04-23 12:41:48,224 - INFO - Dice Coefficient (Soft): 0.39916
2024-04-23 12:41:48,224 - INFO - Dice Coefficient (Binary): 0.43644
